2017-04-13T02:26:37+00:00 ERR (3): 
SoapFault exception: [HTTP] Could not connect to host in /var/www/html/magento/app/code/core/Mage/Usa/Model/Shipping/Carrier/Fedex.php:410
Stack trace:
#0 [internal function]: SoapClient->__doRequest('<?xml version="...', 'https://wsbeta....', 'getRates', 1, 0)
#1 /var/www/html/magento/app/code/core/Mage/Usa/Model/Shipping/Carrier/Fedex.php(410): SoapClient->__call('getRates', Array)
#2 /var/www/html/magento/app/code/core/Mage/Usa/Model/Shipping/Carrier/Fedex.php(410): SoapClient->getRates(Array)
#3 /var/www/html/magento/app/code/core/Mage/Usa/Model/Shipping/Carrier/Fedex.php(439): Mage_Usa_Model_Shipping_Carrier_Fedex->_doRatesRequest('general')
#4 /var/www/html/magento/app/code/core/Mage/Usa/Model/Shipping/Carrier/Fedex.php(186): Mage_Usa_Model_Shipping_Carrier_Fedex->_getQuotes()
#5 /var/www/html/magento/app/code/core/Mage/Shipping/Model/Shipping.php(209): Mage_Usa_Model_Shipping_Carrier_Fedex->collectRates(Object(Mage_Shipping_Model_Rate_Request))
#6 /var/www/html/magento/app/code/core/Mage/Shipping/Model/Shipping.php(129): Mage_Shipping_Model_Shipping->collectCarrierRates('fedex', Object(Mage_Shipping_Model_Rate_Request))
#7 /var/www/html/magento/app/code/core/Mage/Sales/Model/Quote/Address.php(944): Mage_Shipping_Model_Shipping->collectRates(Object(Mage_Shipping_Model_Rate_Request))
#8 /var/www/html/magento/app/code/core/Mage/Sales/Model/Quote/Address.php(875): Mage_Sales_Model_Quote_Address->requestShippingRates()
#9 /var/www/html/magento/app/code/core/Mage/Sales/Model/Quote/Address/Total/Shipping.php(155): Mage_Sales_Model_Quote_Address->collectShippingRates()
#10 /var/www/html/magento/app/code/core/Mage/Sales/Model/Quote/Address.php(1013): Mage_Sales_Model_Quote_Address_Total_Shipping->collect(Object(Mage_Sales_Model_Quote_Address))
#11 /var/www/html/magento/app/code/core/Mage/Sales/Model/Quote.php(1331): Mage_Sales_Model_Quote_Address->collectTotals()
#12 /var/www/html/magento/app/code/core/Mage/Checkout/Model/Cart.php(458): Mage_Sales_Model_Quote->collectTotals()
#13 /var/www/html/magento/app/code/core/Mage/Checkout/controllers/CartController.php(144): Mage_Checkout_Model_Cart->save()
#14 /var/www/html/magento/app/code/core/Mage/Core/Controller/Varien/Action.php(418): Mage_Checkout_CartController->indexAction()
#15 /var/www/html/magento/app/code/core/Mage/Core/Controller/Varien/Router/Standard.php(254): Mage_Core_Controller_Varien_Action->dispatch('index')
#16 /var/www/html/magento/app/code/core/Mage/Core/Controller/Varien/Front.php(172): Mage_Core_Controller_Varien_Router_Standard->match(Object(Mage_Core_Controller_Request_Http))
#17 /var/www/html/magento/app/code/core/Mage/Core/Model/App.php(365): Mage_Core_Controller_Varien_Front->dispatch()
#18 /var/www/html/magento/app/Mage.php(684): Mage_Core_Model_App->run(Array)
#19 /var/www/html/magento/index.php(83): Mage::run('', 'store')
#20 {main}
2017-04-13T02:33:40+00:00 ERR (3): 
SoapFault exception: [HTTP] Could not connect to host in /var/www/html/magento/app/code/core/Mage/Usa/Model/Shipping/Carrier/Fedex.php:410
Stack trace:
#0 [internal function]: SoapClient->__doRequest('<?xml version="...', 'https://wsbeta....', 'getRates', 1, 0)
#1 /var/www/html/magento/app/code/core/Mage/Usa/Model/Shipping/Carrier/Fedex.php(410): SoapClient->__call('getRates', Array)
#2 /var/www/html/magento/app/code/core/Mage/Usa/Model/Shipping/Carrier/Fedex.php(410): SoapClient->getRates(Array)
#3 /var/www/html/magento/app/code/core/Mage/Usa/Model/Shipping/Carrier/Fedex.php(439): Mage_Usa_Model_Shipping_Carrier_Fedex->_doRatesRequest('general')
#4 /var/www/html/magento/app/code/core/Mage/Usa/Model/Shipping/Carrier/Fedex.php(186): Mage_Usa_Model_Shipping_Carrier_Fedex->_getQuotes()
#5 /var/www/html/magento/app/code/core/Mage/Shipping/Model/Shipping.php(209): Mage_Usa_Model_Shipping_Carrier_Fedex->collectRates(Object(Mage_Shipping_Model_Rate_Request))
#6 /var/www/html/magento/app/code/core/Mage/Shipping/Model/Shipping.php(129): Mage_Shipping_Model_Shipping->collectCarrierRates('fedex', Object(Mage_Shipping_Model_Rate_Request))
#7 /var/www/html/magento/app/code/core/Mage/Sales/Model/Quote/Address.php(944): Mage_Shipping_Model_Shipping->collectRates(Object(Mage_Shipping_Model_Rate_Request))
#8 /var/www/html/magento/app/code/core/Mage/Sales/Model/Quote/Address.php(875): Mage_Sales_Model_Quote_Address->requestShippingRates()
#9 /var/www/html/magento/app/code/core/Mage/Sales/Model/Quote/Address/Total/Shipping.php(155): Mage_Sales_Model_Quote_Address->collectShippingRates()
#10 /var/www/html/magento/app/code/core/Mage/Sales/Model/Quote/Address.php(1013): Mage_Sales_Model_Quote_Address_Total_Shipping->collect(Object(Mage_Sales_Model_Quote_Address))
#11 /var/www/html/magento/app/code/core/Mage/Sales/Model/Quote.php(1331): Mage_Sales_Model_Quote_Address->collectTotals()
#12 /var/www/html/magento/app/code/core/Mage/Checkout/Model/Type/Onepage.php(595): Mage_Sales_Model_Quote->collectTotals()
#13 /var/www/html/magento/app/code/core/Mage/Checkout/controllers/OnepageController.php(413): Mage_Checkout_Model_Type_Onepage->saveShipping(Array, '93')
#14 /var/www/html/magento/app/code/core/Mage/Core/Controller/Varien/Action.php(418): Mage_Checkout_OnepageController->saveShippingAction()
#15 /var/www/html/magento/app/code/core/Mage/Core/Controller/Varien/Router/Standard.php(254): Mage_Core_Controller_Varien_Action->dispatch('saveShipping')
#16 /var/www/html/magento/app/code/core/Mage/Core/Controller/Varien/Front.php(172): Mage_Core_Controller_Varien_Router_Standard->match(Object(Mage_Core_Controller_Request_Http))
#17 /var/www/html/magento/app/code/core/Mage/Core/Model/App.php(365): Mage_Core_Controller_Varien_Front->dispatch()
#18 /var/www/html/magento/app/Mage.php(684): Mage_Core_Model_App->run(Array)
#19 /var/www/html/magento/index.php(83): Mage::run('', 'store')
#20 {main}
2017-04-13T02:36:00+00:00 ERR (3): 
SoapFault exception: [HTTP] Could not connect to host in /var/www/html/magento/app/code/core/Mage/Usa/Model/Shipping/Carrier/Fedex.php:410
Stack trace:
#0 [internal function]: SoapClient->__doRequest('<?xml version="...', 'https://wsbeta....', 'getRates', 1, 0)
#1 /var/www/html/magento/app/code/core/Mage/Usa/Model/Shipping/Carrier/Fedex.php(410): SoapClient->__call('getRates', Array)
#2 /var/www/html/magento/app/code/core/Mage/Usa/Model/Shipping/Carrier/Fedex.php(410): SoapClient->getRates(Array)
#3 /var/www/html/magento/app/code/core/Mage/Usa/Model/Shipping/Carrier/Fedex.php(439): Mage_Usa_Model_Shipping_Carrier_Fedex->_doRatesRequest('general')
#4 /var/www/html/magento/app/code/core/Mage/Usa/Model/Shipping/Carrier/Fedex.php(186): Mage_Usa_Model_Shipping_Carrier_Fedex->_getQuotes()
#5 /var/www/html/magento/app/code/core/Mage/Shipping/Model/Shipping.php(209): Mage_Usa_Model_Shipping_Carrier_Fedex->collectRates(Object(Mage_Shipping_Model_Rate_Request))
#6 /var/www/html/magento/app/code/core/Mage/Shipping/Model/Shipping.php(129): Mage_Shipping_Model_Shipping->collectCarrierRates('fedex', Object(Mage_Shipping_Model_Rate_Request))
#7 /var/www/html/magento/app/code/core/Mage/Sales/Model/Quote/Address.php(944): Mage_Shipping_Model_Shipping->collectRates(Object(Mage_Shipping_Model_Rate_Request))
#8 /var/www/html/magento/app/code/core/Mage/Sales/Model/Quote/Address.php(875): Mage_Sales_Model_Quote_Address->requestShippingRates()
#9 /var/www/html/magento/app/code/core/Mage/Sales/Model/Quote/Address/Total/Shipping.php(155): Mage_Sales_Model_Quote_Address->collectShippingRates()
#10 /var/www/html/magento/app/code/core/Mage/Sales/Model/Quote/Address.php(1013): Mage_Sales_Model_Quote_Address_Total_Shipping->collect(Object(Mage_Sales_Model_Quote_Address))
#11 /var/www/html/magento/app/code/core/Mage/Sales/Model/Quote.php(1331): Mage_Sales_Model_Quote_Address->collectTotals()
#12 /var/www/html/magento/app/code/core/Mage/Checkout/Model/Cart.php(458): Mage_Sales_Model_Quote->collectTotals()
#13 /var/www/html/magento/app/code/core/Mage/Checkout/controllers/CartController.php(144): Mage_Checkout_Model_Cart->save()
#14 /var/www/html/magento/app/code/core/Mage/Core/Controller/Varien/Action.php(418): Mage_Checkout_CartController->indexAction()
#15 /var/www/html/magento/app/code/core/Mage/Core/Controller/Varien/Router/Standard.php(254): Mage_Core_Controller_Varien_Action->dispatch('index')
#16 /var/www/html/magento/app/code/core/Mage/Core/Controller/Varien/Front.php(172): Mage_Core_Controller_Varien_Router_Standard->match(Object(Mage_Core_Controller_Request_Http))
#17 /var/www/html/magento/app/code/core/Mage/Core/Model/App.php(365): Mage_Core_Controller_Varien_Front->dispatch()
#18 /var/www/html/magento/app/Mage.php(684): Mage_Core_Model_App->run(Array)
#19 /var/www/html/magento/index.php(83): Mage::run('', 'store')
#20 {main}
2017-04-13T17:52:33+00:00 ERR (3): 
SoapFault exception: [HTTP] Could not connect to host in /var/www/html/magento/app/code/core/Mage/Usa/Model/Shipping/Carrier/Fedex.php:410
Stack trace:
#0 [internal function]: SoapClient->__doRequest('<?xml version="...', 'https://wsbeta....', 'getRates', 1, 0)
#1 /var/www/html/magento/app/code/core/Mage/Usa/Model/Shipping/Carrier/Fedex.php(410): SoapClient->__call('getRates', Array)
#2 /var/www/html/magento/app/code/core/Mage/Usa/Model/Shipping/Carrier/Fedex.php(410): SoapClient->getRates(Array)
#3 /var/www/html/magento/app/code/core/Mage/Usa/Model/Shipping/Carrier/Fedex.php(439): Mage_Usa_Model_Shipping_Carrier_Fedex->_doRatesRequest('general')
#4 /var/www/html/magento/app/code/core/Mage/Usa/Model/Shipping/Carrier/Fedex.php(186): Mage_Usa_Model_Shipping_Carrier_Fedex->_getQuotes()
#5 /var/www/html/magento/app/code/core/Mage/Shipping/Model/Shipping.php(209): Mage_Usa_Model_Shipping_Carrier_Fedex->collectRates(Object(Mage_Shipping_Model_Rate_Request))
#6 /var/www/html/magento/app/code/core/Mage/Shipping/Model/Shipping.php(129): Mage_Shipping_Model_Shipping->collectCarrierRates('fedex', Object(Mage_Shipping_Model_Rate_Request))
#7 /var/www/html/magento/app/code/core/Mage/Sales/Model/Quote/Address.php(944): Mage_Shipping_Model_Shipping->collectRates(Object(Mage_Shipping_Model_Rate_Request))
#8 /var/www/html/magento/app/code/core/Mage/Sales/Model/Quote/Address.php(875): Mage_Sales_Model_Quote_Address->requestShippingRates()
#9 /var/www/html/magento/app/code/core/Mage/Sales/Model/Quote/Address/Total/Shipping.php(155): Mage_Sales_Model_Quote_Address->collectShippingRates()
#10 /var/www/html/magento/app/code/core/Mage/Sales/Model/Quote/Address.php(1013): Mage_Sales_Model_Quote_Address_Total_Shipping->collect(Object(Mage_Sales_Model_Quote_Address))
#11 /var/www/html/magento/app/code/core/Mage/Sales/Model/Quote.php(1331): Mage_Sales_Model_Quote_Address->collectTotals()
#12 /var/www/html/magento/app/code/core/Mage/Checkout/Model/Type/Onepage.php(369): Mage_Sales_Model_Quote->collectTotals()
#13 /var/www/html/magento/app/code/local/Wyomind/Pickupatstore/controllers/OnepageController.php(32): Mage_Checkout_Model_Type_Onepage->saveBilling(Array, '93')
#14 /var/www/html/magento/app/code/core/Mage/Core/Controller/Varien/Action.php(418): Wyomind_Pickupatstore_OnepageController->saveBillingAction()
#15 /var/www/html/magento/app/code/core/Mage/Core/Controller/Varien/Router/Standard.php(254): Mage_Core_Controller_Varien_Action->dispatch('saveBilling')
#16 /var/www/html/magento/app/code/core/Mage/Core/Controller/Varien/Front.php(172): Mage_Core_Controller_Varien_Router_Standard->match(Object(Mage_Core_Controller_Request_Http))
#17 /var/www/html/magento/app/code/core/Mage/Core/Model/App.php(365): Mage_Core_Controller_Varien_Front->dispatch()
#18 /var/www/html/magento/app/Mage.php(684): Mage_Core_Model_App->run(Array)
#19 /var/www/html/magento/index.php(83): Mage::run('', 'store')
#20 {main}
2017-04-13T17:52:34+00:00 ERR (3): 
SoapFault exception: [HTTP] Could not connect to host in /var/www/html/magento/app/code/core/Mage/Usa/Model/Shipping/Carrier/Fedex.php:410
Stack trace:
#0 [internal function]: SoapClient->__doRequest('<?xml version="...', 'https://wsbeta....', 'getRates', 1, 0)
#1 /var/www/html/magento/app/code/core/Mage/Usa/Model/Shipping/Carrier/Fedex.php(410): SoapClient->__call('getRates', Array)
#2 /var/www/html/magento/app/code/core/Mage/Usa/Model/Shipping/Carrier/Fedex.php(410): SoapClient->getRates(Array)
#3 /var/www/html/magento/app/code/core/Mage/Usa/Model/Shipping/Carrier/Fedex.php(439): Mage_Usa_Model_Shipping_Carrier_Fedex->_doRatesRequest('general')
#4 /var/www/html/magento/app/code/core/Mage/Usa/Model/Shipping/Carrier/Fedex.php(186): Mage_Usa_Model_Shipping_Carrier_Fedex->_getQuotes()
#5 /var/www/html/magento/app/code/core/Mage/Shipping/Model/Shipping.php(209): Mage_Usa_Model_Shipping_Carrier_Fedex->collectRates(Object(Mage_Shipping_Model_Rate_Request))
#6 /var/www/html/magento/app/code/core/Mage/Shipping/Model/Shipping.php(129): Mage_Shipping_Model_Shipping->collectCarrierRates('fedex', Object(Mage_Shipping_Model_Rate_Request))
#7 /var/www/html/magento/app/code/core/Mage/Sales/Model/Quote/Address.php(944): Mage_Shipping_Model_Shipping->collectRates(Object(Mage_Shipping_Model_Rate_Request))
#8 /var/www/html/magento/app/code/core/Mage/Sales/Model/Quote/Address.php(875): Mage_Sales_Model_Quote_Address->requestShippingRates()
#9 /var/www/html/magento/app/code/core/Mage/Checkout/Block/Onepage/Shipping/Method/Available.php(44): Mage_Sales_Model_Quote_Address->collectShippingRates()
#10 /var/www/html/magento/app/design/frontend/base/default/template/pickupatstore/checkout/onepage/shipping_method/available.phtml(29): Mage_Checkout_Block_Onepage_Shipping_Method_Available->getShippingRates()
#11 /var/www/html/magento/app/code/core/Mage/Core/Block/Template.php(241): include('/var/www/html/m...')
#12 /var/www/html/magento/app/code/core/Mage/Core/Block/Template.php(272): Mage_Core_Block_Template->fetchView('frontend/base/d...')
#13 /var/www/html/magento/app/code/core/Mage/Core/Block/Template.php(286): Mage_Core_Block_Template->renderView()
#14 /var/www/html/magento/app/code/core/Mage/Core/Block/Abstract.php(919): Mage_Core_Block_Template->_toHtml()
#15 /var/www/html/magento/app/code/core/Mage/Core/Model/Layout.php(555): Mage_Core_Block_Abstract->toHtml()
#16 /var/www/html/magento/app/code/core/Mage/Checkout/controllers/OnepageController.php(127): Mage_Core_Model_Layout->getOutput()
#17 /var/www/html/magento/app/code/local/Wyomind/Pickupatstore/controllers/OnepageController.php(46): Mage_Checkout_OnepageController->_getShippingMethodsHtml()
#18 /var/www/html/magento/app/code/core/Mage/Core/Controller/Varien/Action.php(418): Wyomind_Pickupatstore_OnepageController->saveBillingAction()
#19 /var/www/html/magento/app/code/core/Mage/Core/Controller/Varien/Router/Standard.php(254): Mage_Core_Controller_Varien_Action->dispatch('saveBilling')
#20 /var/www/html/magento/app/code/core/Mage/Core/Controller/Varien/Front.php(172): Mage_Core_Controller_Varien_Router_Standard->match(Object(Mage_Core_Controller_Request_Http))
#21 /var/www/html/magento/app/code/core/Mage/Core/Model/App.php(365): Mage_Core_Controller_Varien_Front->dispatch()
#22 /var/www/html/magento/app/Mage.php(684): Mage_Core_Model_App->run(Array)
#23 /var/www/html/magento/index.php(83): Mage::run('', 'store')
#24 {main}
2017-04-13T17:58:20+00:00 ERR (3): 
SoapFault exception: [HTTP] Could not connect to host in /var/www/html/magento/app/code/core/Mage/Usa/Model/Shipping/Carrier/Fedex.php:410
Stack trace:
#0 [internal function]: SoapClient->__doRequest('<?xml version="...', 'https://wsbeta....', 'getRates', 1, 0)
#1 /var/www/html/magento/app/code/core/Mage/Usa/Model/Shipping/Carrier/Fedex.php(410): SoapClient->__call('getRates', Array)
#2 /var/www/html/magento/app/code/core/Mage/Usa/Model/Shipping/Carrier/Fedex.php(410): SoapClient->getRates(Array)
#3 /var/www/html/magento/app/code/core/Mage/Usa/Model/Shipping/Carrier/Fedex.php(439): Mage_Usa_Model_Shipping_Carrier_Fedex->_doRatesRequest('general')
#4 /var/www/html/magento/app/code/core/Mage/Usa/Model/Shipping/Carrier/Fedex.php(186): Mage_Usa_Model_Shipping_Carrier_Fedex->_getQuotes()
#5 /var/www/html/magento/app/code/core/Mage/Shipping/Model/Shipping.php(209): Mage_Usa_Model_Shipping_Carrier_Fedex->collectRates(Object(Mage_Shipping_Model_Rate_Request))
#6 /var/www/html/magento/app/code/core/Mage/Shipping/Model/Shipping.php(129): Mage_Shipping_Model_Shipping->collectCarrierRates('fedex', Object(Mage_Shipping_Model_Rate_Request))
#7 /var/www/html/magento/app/code/core/Mage/Sales/Model/Quote/Address.php(944): Mage_Shipping_Model_Shipping->collectRates(Object(Mage_Shipping_Model_Rate_Request))
#8 /var/www/html/magento/app/code/core/Mage/Sales/Model/Quote/Address.php(875): Mage_Sales_Model_Quote_Address->requestShippingRates()
#9 /var/www/html/magento/app/code/core/Mage/Sales/Model/Quote/Address/Total/Shipping.php(155): Mage_Sales_Model_Quote_Address->collectShippingRates()
#10 /var/www/html/magento/app/code/core/Mage/Sales/Model/Quote/Address.php(1013): Mage_Sales_Model_Quote_Address_Total_Shipping->collect(Object(Mage_Sales_Model_Quote_Address))
#11 /var/www/html/magento/app/code/core/Mage/Sales/Model/Quote.php(1331): Mage_Sales_Model_Quote_Address->collectTotals()
#12 /var/www/html/magento/app/code/core/Mage/Checkout/Model/Type/Onepage.php(369): Mage_Sales_Model_Quote->collectTotals()
#13 /var/www/html/magento/app/code/local/Wyomind/Pickupatstore/controllers/OnepageController.php(32): Mage_Checkout_Model_Type_Onepage->saveBilling(Array, '93')
#14 /var/www/html/magento/app/code/core/Mage/Core/Controller/Varien/Action.php(418): Wyomind_Pickupatstore_OnepageController->saveBillingAction()
#15 /var/www/html/magento/app/code/core/Mage/Core/Controller/Varien/Router/Standard.php(254): Mage_Core_Controller_Varien_Action->dispatch('saveBilling')
#16 /var/www/html/magento/app/code/core/Mage/Core/Controller/Varien/Front.php(172): Mage_Core_Controller_Varien_Router_Standard->match(Object(Mage_Core_Controller_Request_Http))
#17 /var/www/html/magento/app/code/core/Mage/Core/Model/App.php(365): Mage_Core_Controller_Varien_Front->dispatch()
#18 /var/www/html/magento/app/Mage.php(684): Mage_Core_Model_App->run(Array)
#19 /var/www/html/magento/index.php(83): Mage::run('', 'store')
#20 {main}
2017-04-13T17:58:20+00:00 ERR (3): 
SoapFault exception: [HTTP] Could not connect to host in /var/www/html/magento/app/code/core/Mage/Usa/Model/Shipping/Carrier/Fedex.php:410
Stack trace:
#0 [internal function]: SoapClient->__doRequest('<?xml version="...', 'https://wsbeta....', 'getRates', 1, 0)
#1 /var/www/html/magento/app/code/core/Mage/Usa/Model/Shipping/Carrier/Fedex.php(410): SoapClient->__call('getRates', Array)
#2 /var/www/html/magento/app/code/core/Mage/Usa/Model/Shipping/Carrier/Fedex.php(410): SoapClient->getRates(Array)
#3 /var/www/html/magento/app/code/core/Mage/Usa/Model/Shipping/Carrier/Fedex.php(439): Mage_Usa_Model_Shipping_Carrier_Fedex->_doRatesRequest('general')
#4 /var/www/html/magento/app/code/core/Mage/Usa/Model/Shipping/Carrier/Fedex.php(186): Mage_Usa_Model_Shipping_Carrier_Fedex->_getQuotes()
#5 /var/www/html/magento/app/code/core/Mage/Shipping/Model/Shipping.php(209): Mage_Usa_Model_Shipping_Carrier_Fedex->collectRates(Object(Mage_Shipping_Model_Rate_Request))
#6 /var/www/html/magento/app/code/core/Mage/Shipping/Model/Shipping.php(129): Mage_Shipping_Model_Shipping->collectCarrierRates('fedex', Object(Mage_Shipping_Model_Rate_Request))
#7 /var/www/html/magento/app/code/core/Mage/Sales/Model/Quote/Address.php(944): Mage_Shipping_Model_Shipping->collectRates(Object(Mage_Shipping_Model_Rate_Request))
#8 /var/www/html/magento/app/code/core/Mage/Sales/Model/Quote/Address.php(875): Mage_Sales_Model_Quote_Address->requestShippingRates()
#9 /var/www/html/magento/app/code/core/Mage/Checkout/Block/Onepage/Shipping/Method/Available.php(44): Mage_Sales_Model_Quote_Address->collectShippingRates()
#10 /var/www/html/magento/app/design/frontend/base/default/template/pickupatstore/checkout/onepage/shipping_method/available.phtml(29): Mage_Checkout_Block_Onepage_Shipping_Method_Available->getShippingRates()
#11 /var/www/html/magento/app/code/core/Mage/Core/Block/Template.php(241): include('/var/www/html/m...')
#12 /var/www/html/magento/app/code/core/Mage/Core/Block/Template.php(272): Mage_Core_Block_Template->fetchView('frontend/base/d...')
#13 /var/www/html/magento/app/code/core/Mage/Core/Block/Template.php(286): Mage_Core_Block_Template->renderView()
#14 /var/www/html/magento/app/code/core/Mage/Core/Block/Abstract.php(919): Mage_Core_Block_Template->_toHtml()
#15 /var/www/html/magento/app/code/core/Mage/Core/Model/Layout.php(555): Mage_Core_Block_Abstract->toHtml()
#16 /var/www/html/magento/app/code/core/Mage/Checkout/controllers/OnepageController.php(127): Mage_Core_Model_Layout->getOutput()
#17 /var/www/html/magento/app/code/local/Wyomind/Pickupatstore/controllers/OnepageController.php(46): Mage_Checkout_OnepageController->_getShippingMethodsHtml()
#18 /var/www/html/magento/app/code/core/Mage/Core/Controller/Varien/Action.php(418): Wyomind_Pickupatstore_OnepageController->saveBillingAction()
#19 /var/www/html/magento/app/code/core/Mage/Core/Controller/Varien/Router/Standard.php(254): Mage_Core_Controller_Varien_Action->dispatch('saveBilling')
#20 /var/www/html/magento/app/code/core/Mage/Core/Controller/Varien/Front.php(172): Mage_Core_Controller_Varien_Router_Standard->match(Object(Mage_Core_Controller_Request_Http))
#21 /var/www/html/magento/app/code/core/Mage/Core/Model/App.php(365): Mage_Core_Controller_Varien_Front->dispatch()
#22 /var/www/html/magento/app/Mage.php(684): Mage_Core_Model_App->run(Array)
#23 /var/www/html/magento/index.php(83): Mage::run('', 'store')
#24 {main}
2017-04-13T17:59:09+00:00 ERR (3): 
SoapFault exception: [HTTP] Could not connect to host in /var/www/html/magento/app/code/core/Mage/Usa/Model/Shipping/Carrier/Fedex.php:410
Stack trace:
#0 [internal function]: SoapClient->__doRequest('<?xml version="...', 'https://wsbeta....', 'getRates', 1, 0)
#1 /var/www/html/magento/app/code/core/Mage/Usa/Model/Shipping/Carrier/Fedex.php(410): SoapClient->__call('getRates', Array)
#2 /var/www/html/magento/app/code/core/Mage/Usa/Model/Shipping/Carrier/Fedex.php(410): SoapClient->getRates(Array)
#3 /var/www/html/magento/app/code/core/Mage/Usa/Model/Shipping/Carrier/Fedex.php(439): Mage_Usa_Model_Shipping_Carrier_Fedex->_doRatesRequest('general')
#4 /var/www/html/magento/app/code/core/Mage/Usa/Model/Shipping/Carrier/Fedex.php(186): Mage_Usa_Model_Shipping_Carrier_Fedex->_getQuotes()
#5 /var/www/html/magento/app/code/core/Mage/Shipping/Model/Shipping.php(209): Mage_Usa_Model_Shipping_Carrier_Fedex->collectRates(Object(Mage_Shipping_Model_Rate_Request))
#6 /var/www/html/magento/app/code/core/Mage/Shipping/Model/Shipping.php(129): Mage_Shipping_Model_Shipping->collectCarrierRates('fedex', Object(Mage_Shipping_Model_Rate_Request))
#7 /var/www/html/magento/app/code/core/Mage/Sales/Model/Quote/Address.php(944): Mage_Shipping_Model_Shipping->collectRates(Object(Mage_Shipping_Model_Rate_Request))
#8 /var/www/html/magento/app/code/core/Mage/Sales/Model/Quote/Address.php(875): Mage_Sales_Model_Quote_Address->requestShippingRates()
#9 /var/www/html/magento/app/code/core/Mage/Sales/Model/Quote/Address/Total/Shipping.php(155): Mage_Sales_Model_Quote_Address->collectShippingRates()
#10 /var/www/html/magento/app/code/core/Mage/Sales/Model/Quote/Address.php(1013): Mage_Sales_Model_Quote_Address_Total_Shipping->collect(Object(Mage_Sales_Model_Quote_Address))
#11 /var/www/html/magento/app/code/core/Mage/Sales/Model/Quote.php(1331): Mage_Sales_Model_Quote_Address->collectTotals()
#12 /var/www/html/magento/app/code/core/Mage/Checkout/Model/Type/Onepage.php(369): Mage_Sales_Model_Quote->collectTotals()
#13 /var/www/html/magento/app/code/local/Wyomind/Pickupatstore/controllers/OnepageController.php(32): Mage_Checkout_Model_Type_Onepage->saveBilling(Array, '93')
#14 /var/www/html/magento/app/code/core/Mage/Core/Controller/Varien/Action.php(418): Wyomind_Pickupatstore_OnepageController->saveBillingAction()
#15 /var/www/html/magento/app/code/core/Mage/Core/Controller/Varien/Router/Standard.php(254): Mage_Core_Controller_Varien_Action->dispatch('saveBilling')
#16 /var/www/html/magento/app/code/core/Mage/Core/Controller/Varien/Front.php(172): Mage_Core_Controller_Varien_Router_Standard->match(Object(Mage_Core_Controller_Request_Http))
#17 /var/www/html/magento/app/code/core/Mage/Core/Model/App.php(365): Mage_Core_Controller_Varien_Front->dispatch()
#18 /var/www/html/magento/app/Mage.php(684): Mage_Core_Model_App->run(Array)
#19 /var/www/html/magento/index.php(83): Mage::run('', 'store')
#20 {main}
2017-04-13T17:59:09+00:00 ERR (3): 
SoapFault exception: [HTTP] Could not connect to host in /var/www/html/magento/app/code/core/Mage/Usa/Model/Shipping/Carrier/Fedex.php:410
Stack trace:
#0 [internal function]: SoapClient->__doRequest('<?xml version="...', 'https://wsbeta....', 'getRates', 1, 0)
#1 /var/www/html/magento/app/code/core/Mage/Usa/Model/Shipping/Carrier/Fedex.php(410): SoapClient->__call('getRates', Array)
#2 /var/www/html/magento/app/code/core/Mage/Usa/Model/Shipping/Carrier/Fedex.php(410): SoapClient->getRates(Array)
#3 /var/www/html/magento/app/code/core/Mage/Usa/Model/Shipping/Carrier/Fedex.php(439): Mage_Usa_Model_Shipping_Carrier_Fedex->_doRatesRequest('general')
#4 /var/www/html/magento/app/code/core/Mage/Usa/Model/Shipping/Carrier/Fedex.php(186): Mage_Usa_Model_Shipping_Carrier_Fedex->_getQuotes()
#5 /var/www/html/magento/app/code/core/Mage/Shipping/Model/Shipping.php(209): Mage_Usa_Model_Shipping_Carrier_Fedex->collectRates(Object(Mage_Shipping_Model_Rate_Request))
#6 /var/www/html/magento/app/code/core/Mage/Shipping/Model/Shipping.php(129): Mage_Shipping_Model_Shipping->collectCarrierRates('fedex', Object(Mage_Shipping_Model_Rate_Request))
#7 /var/www/html/magento/app/code/core/Mage/Sales/Model/Quote/Address.php(944): Mage_Shipping_Model_Shipping->collectRates(Object(Mage_Shipping_Model_Rate_Request))
#8 /var/www/html/magento/app/code/core/Mage/Sales/Model/Quote/Address.php(875): Mage_Sales_Model_Quote_Address->requestShippingRates()
#9 /var/www/html/magento/app/code/core/Mage/Checkout/Block/Onepage/Shipping/Method/Available.php(44): Mage_Sales_Model_Quote_Address->collectShippingRates()
#10 /var/www/html/magento/app/design/frontend/base/default/template/pickupatstore/checkout/onepage/shipping_method/available.phtml(29): Mage_Checkout_Block_Onepage_Shipping_Method_Available->getShippingRates()
#11 /var/www/html/magento/app/code/core/Mage/Core/Block/Template.php(241): include('/var/www/html/m...')
#12 /var/www/html/magento/app/code/core/Mage/Core/Block/Template.php(272): Mage_Core_Block_Template->fetchView('frontend/base/d...')
#13 /var/www/html/magento/app/code/core/Mage/Core/Block/Template.php(286): Mage_Core_Block_Template->renderView()
#14 /var/www/html/magento/app/code/core/Mage/Core/Block/Abstract.php(919): Mage_Core_Block_Template->_toHtml()
#15 /var/www/html/magento/app/code/core/Mage/Core/Model/Layout.php(555): Mage_Core_Block_Abstract->toHtml()
#16 /var/www/html/magento/app/code/core/Mage/Checkout/controllers/OnepageController.php(127): Mage_Core_Model_Layout->getOutput()
#17 /var/www/html/magento/app/code/local/Wyomind/Pickupatstore/controllers/OnepageController.php(46): Mage_Checkout_OnepageController->_getShippingMethodsHtml()
#18 /var/www/html/magento/app/code/core/Mage/Core/Controller/Varien/Action.php(418): Wyomind_Pickupatstore_OnepageController->saveBillingAction()
#19 /var/www/html/magento/app/code/core/Mage/Core/Controller/Varien/Router/Standard.php(254): Mage_Core_Controller_Varien_Action->dispatch('saveBilling')
#20 /var/www/html/magento/app/code/core/Mage/Core/Controller/Varien/Front.php(172): Mage_Core_Controller_Varien_Router_Standard->match(Object(Mage_Core_Controller_Request_Http))
#21 /var/www/html/magento/app/code/core/Mage/Core/Model/App.php(365): Mage_Core_Controller_Varien_Front->dispatch()
#22 /var/www/html/magento/app/Mage.php(684): Mage_Core_Model_App->run(Array)
#23 /var/www/html/magento/index.php(83): Mage::run('', 'store')
#24 {main}
2017-04-13T18:00:56+00:00 ERR (3): 
SoapFault exception: [HTTP] Could not connect to host in /var/www/html/magento/app/code/core/Mage/Usa/Model/Shipping/Carrier/Fedex.php:410
Stack trace:
#0 [internal function]: SoapClient->__doRequest('<?xml version="...', 'https://wsbeta....', 'getRates', 1, 0)
#1 /var/www/html/magento/app/code/core/Mage/Usa/Model/Shipping/Carrier/Fedex.php(410): SoapClient->__call('getRates', Array)
#2 /var/www/html/magento/app/code/core/Mage/Usa/Model/Shipping/Carrier/Fedex.php(410): SoapClient->getRates(Array)
#3 /var/www/html/magento/app/code/core/Mage/Usa/Model/Shipping/Carrier/Fedex.php(439): Mage_Usa_Model_Shipping_Carrier_Fedex->_doRatesRequest('general')
#4 /var/www/html/magento/app/code/core/Mage/Usa/Model/Shipping/Carrier/Fedex.php(186): Mage_Usa_Model_Shipping_Carrier_Fedex->_getQuotes()
#5 /var/www/html/magento/app/code/core/Mage/Shipping/Model/Shipping.php(209): Mage_Usa_Model_Shipping_Carrier_Fedex->collectRates(Object(Mage_Shipping_Model_Rate_Request))
#6 /var/www/html/magento/app/code/core/Mage/Shipping/Model/Shipping.php(129): Mage_Shipping_Model_Shipping->collectCarrierRates('fedex', Object(Mage_Shipping_Model_Rate_Request))
#7 /var/www/html/magento/app/code/core/Mage/Sales/Model/Quote/Address.php(944): Mage_Shipping_Model_Shipping->collectRates(Object(Mage_Shipping_Model_Rate_Request))
#8 /var/www/html/magento/app/code/core/Mage/Sales/Model/Quote/Address.php(875): Mage_Sales_Model_Quote_Address->requestShippingRates()
#9 /var/www/html/magento/app/code/core/Mage/Sales/Model/Quote/Address/Total/Shipping.php(155): Mage_Sales_Model_Quote_Address->collectShippingRates()
#10 /var/www/html/magento/app/code/core/Mage/Sales/Model/Quote/Address.php(1013): Mage_Sales_Model_Quote_Address_Total_Shipping->collect(Object(Mage_Sales_Model_Quote_Address))
#11 /var/www/html/magento/app/code/core/Mage/Sales/Model/Quote.php(1331): Mage_Sales_Model_Quote_Address->collectTotals()
#12 /var/www/html/magento/app/code/core/Mage/Checkout/Model/Type/Onepage.php(369): Mage_Sales_Model_Quote->collectTotals()
#13 /var/www/html/magento/app/code/local/Wyomind/Pickupatstore/controllers/OnepageController.php(32): Mage_Checkout_Model_Type_Onepage->saveBilling(Array, '93')
#14 /var/www/html/magento/app/code/core/Mage/Core/Controller/Varien/Action.php(418): Wyomind_Pickupatstore_OnepageController->saveBillingAction()
#15 /var/www/html/magento/app/code/core/Mage/Core/Controller/Varien/Router/Standard.php(254): Mage_Core_Controller_Varien_Action->dispatch('saveBilling')
#16 /var/www/html/magento/app/code/core/Mage/Core/Controller/Varien/Front.php(172): Mage_Core_Controller_Varien_Router_Standard->match(Object(Mage_Core_Controller_Request_Http))
#17 /var/www/html/magento/app/code/core/Mage/Core/Model/App.php(365): Mage_Core_Controller_Varien_Front->dispatch()
#18 /var/www/html/magento/app/Mage.php(684): Mage_Core_Model_App->run(Array)
#19 /var/www/html/magento/index.php(83): Mage::run('', 'store')
#20 {main}
2017-04-13T18:00:57+00:00 ERR (3): 
SoapFault exception: [HTTP] Could not connect to host in /var/www/html/magento/app/code/core/Mage/Usa/Model/Shipping/Carrier/Fedex.php:410
Stack trace:
#0 [internal function]: SoapClient->__doRequest('<?xml version="...', 'https://wsbeta....', 'getRates', 1, 0)
#1 /var/www/html/magento/app/code/core/Mage/Usa/Model/Shipping/Carrier/Fedex.php(410): SoapClient->__call('getRates', Array)
#2 /var/www/html/magento/app/code/core/Mage/Usa/Model/Shipping/Carrier/Fedex.php(410): SoapClient->getRates(Array)
#3 /var/www/html/magento/app/code/core/Mage/Usa/Model/Shipping/Carrier/Fedex.php(439): Mage_Usa_Model_Shipping_Carrier_Fedex->_doRatesRequest('general')
#4 /var/www/html/magento/app/code/core/Mage/Usa/Model/Shipping/Carrier/Fedex.php(186): Mage_Usa_Model_Shipping_Carrier_Fedex->_getQuotes()
#5 /var/www/html/magento/app/code/core/Mage/Shipping/Model/Shipping.php(209): Mage_Usa_Model_Shipping_Carrier_Fedex->collectRates(Object(Mage_Shipping_Model_Rate_Request))
#6 /var/www/html/magento/app/code/core/Mage/Shipping/Model/Shipping.php(129): Mage_Shipping_Model_Shipping->collectCarrierRates('fedex', Object(Mage_Shipping_Model_Rate_Request))
#7 /var/www/html/magento/app/code/core/Mage/Sales/Model/Quote/Address.php(944): Mage_Shipping_Model_Shipping->collectRates(Object(Mage_Shipping_Model_Rate_Request))
#8 /var/www/html/magento/app/code/core/Mage/Sales/Model/Quote/Address.php(875): Mage_Sales_Model_Quote_Address->requestShippingRates()
#9 /var/www/html/magento/app/code/core/Mage/Checkout/Block/Onepage/Shipping/Method/Available.php(44): Mage_Sales_Model_Quote_Address->collectShippingRates()
#10 /var/www/html/magento/app/design/frontend/base/default/template/pickupatstore/checkout/onepage/shipping_method/available.phtml(29): Mage_Checkout_Block_Onepage_Shipping_Method_Available->getShippingRates()
#11 /var/www/html/magento/app/code/core/Mage/Core/Block/Template.php(241): include('/var/www/html/m...')
#12 /var/www/html/magento/app/code/core/Mage/Core/Block/Template.php(272): Mage_Core_Block_Template->fetchView('frontend/base/d...')
#13 /var/www/html/magento/app/code/core/Mage/Core/Block/Template.php(286): Mage_Core_Block_Template->renderView()
#14 /var/www/html/magento/app/code/core/Mage/Core/Block/Abstract.php(919): Mage_Core_Block_Template->_toHtml()
#15 /var/www/html/magento/app/code/core/Mage/Core/Model/Layout.php(555): Mage_Core_Block_Abstract->toHtml()
#16 /var/www/html/magento/app/code/core/Mage/Checkout/controllers/OnepageController.php(127): Mage_Core_Model_Layout->getOutput()
#17 /var/www/html/magento/app/code/local/Wyomind/Pickupatstore/controllers/OnepageController.php(46): Mage_Checkout_OnepageController->_getShippingMethodsHtml()
#18 /var/www/html/magento/app/code/core/Mage/Core/Controller/Varien/Action.php(418): Wyomind_Pickupatstore_OnepageController->saveBillingAction()
#19 /var/www/html/magento/app/code/core/Mage/Core/Controller/Varien/Router/Standard.php(254): Mage_Core_Controller_Varien_Action->dispatch('saveBilling')
#20 /var/www/html/magento/app/code/core/Mage/Core/Controller/Varien/Front.php(172): Mage_Core_Controller_Varien_Router_Standard->match(Object(Mage_Core_Controller_Request_Http))
#21 /var/www/html/magento/app/code/core/Mage/Core/Model/App.php(365): Mage_Core_Controller_Varien_Front->dispatch()
#22 /var/www/html/magento/app/Mage.php(684): Mage_Core_Model_App->run(Array)
#23 /var/www/html/magento/index.php(83): Mage::run('', 'store')
#24 {main}
2017-04-13T18:03:36+00:00 ERR (3): 
SoapFault exception: [HTTP] Could not connect to host in /var/www/html/magento/app/code/core/Mage/Usa/Model/Shipping/Carrier/Fedex.php:410
Stack trace:
#0 [internal function]: SoapClient->__doRequest('<?xml version="...', 'https://wsbeta....', 'getRates', 1, 0)
#1 /var/www/html/magento/app/code/core/Mage/Usa/Model/Shipping/Carrier/Fedex.php(410): SoapClient->__call('getRates', Array)
#2 /var/www/html/magento/app/code/core/Mage/Usa/Model/Shipping/Carrier/Fedex.php(410): SoapClient->getRates(Array)
#3 /var/www/html/magento/app/code/core/Mage/Usa/Model/Shipping/Carrier/Fedex.php(439): Mage_Usa_Model_Shipping_Carrier_Fedex->_doRatesRequest('general')
#4 /var/www/html/magento/app/code/core/Mage/Usa/Model/Shipping/Carrier/Fedex.php(186): Mage_Usa_Model_Shipping_Carrier_Fedex->_getQuotes()
#5 /var/www/html/magento/app/code/core/Mage/Shipping/Model/Shipping.php(209): Mage_Usa_Model_Shipping_Carrier_Fedex->collectRates(Object(Mage_Shipping_Model_Rate_Request))
#6 /var/www/html/magento/app/code/core/Mage/Shipping/Model/Shipping.php(129): Mage_Shipping_Model_Shipping->collectCarrierRates('fedex', Object(Mage_Shipping_Model_Rate_Request))
#7 /var/www/html/magento/app/code/core/Mage/Sales/Model/Quote/Address.php(944): Mage_Shipping_Model_Shipping->collectRates(Object(Mage_Shipping_Model_Rate_Request))
#8 /var/www/html/magento/app/code/core/Mage/Sales/Model/Quote/Address.php(875): Mage_Sales_Model_Quote_Address->requestShippingRates()
#9 /var/www/html/magento/app/code/core/Mage/Sales/Model/Quote/Address/Total/Shipping.php(155): Mage_Sales_Model_Quote_Address->collectShippingRates()
#10 /var/www/html/magento/app/code/core/Mage/Sales/Model/Quote/Address.php(1013): Mage_Sales_Model_Quote_Address_Total_Shipping->collect(Object(Mage_Sales_Model_Quote_Address))
#11 /var/www/html/magento/app/code/core/Mage/Sales/Model/Quote.php(1331): Mage_Sales_Model_Quote_Address->collectTotals()
#12 /var/www/html/magento/app/code/core/Mage/Checkout/Model/Type/Onepage.php(369): Mage_Sales_Model_Quote->collectTotals()
#13 /var/www/html/magento/app/code/local/Wyomind/Pickupatstore/controllers/OnepageController.php(32): Mage_Checkout_Model_Type_Onepage->saveBilling(Array, '93')
#14 /var/www/html/magento/app/code/core/Mage/Core/Controller/Varien/Action.php(418): Wyomind_Pickupatstore_OnepageController->saveBillingAction()
#15 /var/www/html/magento/app/code/core/Mage/Core/Controller/Varien/Router/Standard.php(254): Mage_Core_Controller_Varien_Action->dispatch('saveBilling')
#16 /var/www/html/magento/app/code/core/Mage/Core/Controller/Varien/Front.php(172): Mage_Core_Controller_Varien_Router_Standard->match(Object(Mage_Core_Controller_Request_Http))
#17 /var/www/html/magento/app/code/core/Mage/Core/Model/App.php(365): Mage_Core_Controller_Varien_Front->dispatch()
#18 /var/www/html/magento/app/Mage.php(684): Mage_Core_Model_App->run(Array)
#19 /var/www/html/magento/index.php(83): Mage::run('', 'store')
#20 {main}
2017-04-13T18:03:36+00:00 ERR (3): 
SoapFault exception: [HTTP] Could not connect to host in /var/www/html/magento/app/code/core/Mage/Usa/Model/Shipping/Carrier/Fedex.php:410
Stack trace:
#0 [internal function]: SoapClient->__doRequest('<?xml version="...', 'https://wsbeta....', 'getRates', 1, 0)
#1 /var/www/html/magento/app/code/core/Mage/Usa/Model/Shipping/Carrier/Fedex.php(410): SoapClient->__call('getRates', Array)
#2 /var/www/html/magento/app/code/core/Mage/Usa/Model/Shipping/Carrier/Fedex.php(410): SoapClient->getRates(Array)
#3 /var/www/html/magento/app/code/core/Mage/Usa/Model/Shipping/Carrier/Fedex.php(439): Mage_Usa_Model_Shipping_Carrier_Fedex->_doRatesRequest('general')
#4 /var/www/html/magento/app/code/core/Mage/Usa/Model/Shipping/Carrier/Fedex.php(186): Mage_Usa_Model_Shipping_Carrier_Fedex->_getQuotes()
#5 /var/www/html/magento/app/code/core/Mage/Shipping/Model/Shipping.php(209): Mage_Usa_Model_Shipping_Carrier_Fedex->collectRates(Object(Mage_Shipping_Model_Rate_Request))
#6 /var/www/html/magento/app/code/core/Mage/Shipping/Model/Shipping.php(129): Mage_Shipping_Model_Shipping->collectCarrierRates('fedex', Object(Mage_Shipping_Model_Rate_Request))
#7 /var/www/html/magento/app/code/core/Mage/Sales/Model/Quote/Address.php(944): Mage_Shipping_Model_Shipping->collectRates(Object(Mage_Shipping_Model_Rate_Request))
#8 /var/www/html/magento/app/code/core/Mage/Sales/Model/Quote/Address.php(875): Mage_Sales_Model_Quote_Address->requestShippingRates()
#9 /var/www/html/magento/app/code/core/Mage/Checkout/Block/Onepage/Shipping/Method/Available.php(44): Mage_Sales_Model_Quote_Address->collectShippingRates()
#10 /var/www/html/magento/app/design/frontend/base/default/template/pickupatstore/checkout/onepage/shipping_method/available.phtml(29): Mage_Checkout_Block_Onepage_Shipping_Method_Available->getShippingRates()
#11 /var/www/html/magento/app/code/core/Mage/Core/Block/Template.php(241): include('/var/www/html/m...')
#12 /var/www/html/magento/app/code/core/Mage/Core/Block/Template.php(272): Mage_Core_Block_Template->fetchView('frontend/base/d...')
#13 /var/www/html/magento/app/code/core/Mage/Core/Block/Template.php(286): Mage_Core_Block_Template->renderView()
#14 /var/www/html/magento/app/code/core/Mage/Core/Block/Abstract.php(919): Mage_Core_Block_Template->_toHtml()
#15 /var/www/html/magento/app/code/core/Mage/Core/Model/Layout.php(555): Mage_Core_Block_Abstract->toHtml()
#16 /var/www/html/magento/app/code/core/Mage/Checkout/controllers/OnepageController.php(127): Mage_Core_Model_Layout->getOutput()
#17 /var/www/html/magento/app/code/local/Wyomind/Pickupatstore/controllers/OnepageController.php(46): Mage_Checkout_OnepageController->_getShippingMethodsHtml()
#18 /var/www/html/magento/app/code/core/Mage/Core/Controller/Varien/Action.php(418): Wyomind_Pickupatstore_OnepageController->saveBillingAction()
#19 /var/www/html/magento/app/code/core/Mage/Core/Controller/Varien/Router/Standard.php(254): Mage_Core_Controller_Varien_Action->dispatch('saveBilling')
#20 /var/www/html/magento/app/code/core/Mage/Core/Controller/Varien/Front.php(172): Mage_Core_Controller_Varien_Router_Standard->match(Object(Mage_Core_Controller_Request_Http))
#21 /var/www/html/magento/app/code/core/Mage/Core/Model/App.php(365): Mage_Core_Controller_Varien_Front->dispatch()
#22 /var/www/html/magento/app/Mage.php(684): Mage_Core_Model_App->run(Array)
#23 /var/www/html/magento/index.php(83): Mage::run('', 'store')
#24 {main}
2017-04-13T18:05:29+00:00 ERR (3): 
SoapFault exception: [HTTP] Could not connect to host in /var/www/html/magento/app/code/core/Mage/Usa/Model/Shipping/Carrier/Fedex.php:410
Stack trace:
#0 [internal function]: SoapClient->__doRequest('<?xml version="...', 'https://wsbeta....', 'getRates', 1, 0)
#1 /var/www/html/magento/app/code/core/Mage/Usa/Model/Shipping/Carrier/Fedex.php(410): SoapClient->__call('getRates', Array)
#2 /var/www/html/magento/app/code/core/Mage/Usa/Model/Shipping/Carrier/Fedex.php(410): SoapClient->getRates(Array)
#3 /var/www/html/magento/app/code/core/Mage/Usa/Model/Shipping/Carrier/Fedex.php(439): Mage_Usa_Model_Shipping_Carrier_Fedex->_doRatesRequest('general')
#4 /var/www/html/magento/app/code/core/Mage/Usa/Model/Shipping/Carrier/Fedex.php(186): Mage_Usa_Model_Shipping_Carrier_Fedex->_getQuotes()
#5 /var/www/html/magento/app/code/core/Mage/Shipping/Model/Shipping.php(209): Mage_Usa_Model_Shipping_Carrier_Fedex->collectRates(Object(Mage_Shipping_Model_Rate_Request))
#6 /var/www/html/magento/app/code/core/Mage/Shipping/Model/Shipping.php(129): Mage_Shipping_Model_Shipping->collectCarrierRates('fedex', Object(Mage_Shipping_Model_Rate_Request))
#7 /var/www/html/magento/app/code/core/Mage/Sales/Model/Quote/Address.php(944): Mage_Shipping_Model_Shipping->collectRates(Object(Mage_Shipping_Model_Rate_Request))
#8 /var/www/html/magento/app/code/core/Mage/Sales/Model/Quote/Address.php(875): Mage_Sales_Model_Quote_Address->requestShippingRates()
#9 /var/www/html/magento/app/code/core/Mage/Sales/Model/Quote/Address/Total/Shipping.php(155): Mage_Sales_Model_Quote_Address->collectShippingRates()
#10 /var/www/html/magento/app/code/core/Mage/Sales/Model/Quote/Address.php(1013): Mage_Sales_Model_Quote_Address_Total_Shipping->collect(Object(Mage_Sales_Model_Quote_Address))
#11 /var/www/html/magento/app/code/core/Mage/Sales/Model/Quote.php(1331): Mage_Sales_Model_Quote_Address->collectTotals()
#12 /var/www/html/magento/app/code/core/Mage/Checkout/Model/Type/Onepage.php(369): Mage_Sales_Model_Quote->collectTotals()
#13 /var/www/html/magento/app/code/local/Wyomind/Pickupatstore/controllers/OnepageController.php(32): Mage_Checkout_Model_Type_Onepage->saveBilling(Array, '93')
#14 /var/www/html/magento/app/code/core/Mage/Core/Controller/Varien/Action.php(418): Wyomind_Pickupatstore_OnepageController->saveBillingAction()
#15 /var/www/html/magento/app/code/core/Mage/Core/Controller/Varien/Router/Standard.php(254): Mage_Core_Controller_Varien_Action->dispatch('saveBilling')
#16 /var/www/html/magento/app/code/core/Mage/Core/Controller/Varien/Front.php(172): Mage_Core_Controller_Varien_Router_Standard->match(Object(Mage_Core_Controller_Request_Http))
#17 /var/www/html/magento/app/code/core/Mage/Core/Model/App.php(365): Mage_Core_Controller_Varien_Front->dispatch()
#18 /var/www/html/magento/app/Mage.php(684): Mage_Core_Model_App->run(Array)
#19 /var/www/html/magento/index.php(83): Mage::run('', 'store')
#20 {main}
2017-04-13T18:05:29+00:00 ERR (3): 
SoapFault exception: [HTTP] Could not connect to host in /var/www/html/magento/app/code/core/Mage/Usa/Model/Shipping/Carrier/Fedex.php:410
Stack trace:
#0 [internal function]: SoapClient->__doRequest('<?xml version="...', 'https://wsbeta....', 'getRates', 1, 0)
#1 /var/www/html/magento/app/code/core/Mage/Usa/Model/Shipping/Carrier/Fedex.php(410): SoapClient->__call('getRates', Array)
#2 /var/www/html/magento/app/code/core/Mage/Usa/Model/Shipping/Carrier/Fedex.php(410): SoapClient->getRates(Array)
#3 /var/www/html/magento/app/code/core/Mage/Usa/Model/Shipping/Carrier/Fedex.php(439): Mage_Usa_Model_Shipping_Carrier_Fedex->_doRatesRequest('general')
#4 /var/www/html/magento/app/code/core/Mage/Usa/Model/Shipping/Carrier/Fedex.php(186): Mage_Usa_Model_Shipping_Carrier_Fedex->_getQuotes()
#5 /var/www/html/magento/app/code/core/Mage/Shipping/Model/Shipping.php(209): Mage_Usa_Model_Shipping_Carrier_Fedex->collectRates(Object(Mage_Shipping_Model_Rate_Request))
#6 /var/www/html/magento/app/code/core/Mage/Shipping/Model/Shipping.php(129): Mage_Shipping_Model_Shipping->collectCarrierRates('fedex', Object(Mage_Shipping_Model_Rate_Request))
#7 /var/www/html/magento/app/code/core/Mage/Sales/Model/Quote/Address.php(944): Mage_Shipping_Model_Shipping->collectRates(Object(Mage_Shipping_Model_Rate_Request))
#8 /var/www/html/magento/app/code/core/Mage/Sales/Model/Quote/Address.php(875): Mage_Sales_Model_Quote_Address->requestShippingRates()
#9 /var/www/html/magento/app/code/core/Mage/Checkout/Block/Onepage/Shipping/Method/Available.php(44): Mage_Sales_Model_Quote_Address->collectShippingRates()
#10 /var/www/html/magento/app/design/frontend/base/default/template/pickupatstore/checkout/onepage/shipping_method/available.phtml(29): Mage_Checkout_Block_Onepage_Shipping_Method_Available->getShippingRates()
#11 /var/www/html/magento/app/code/core/Mage/Core/Block/Template.php(241): include('/var/www/html/m...')
#12 /var/www/html/magento/app/code/core/Mage/Core/Block/Template.php(272): Mage_Core_Block_Template->fetchView('frontend/base/d...')
#13 /var/www/html/magento/app/code/core/Mage/Core/Block/Template.php(286): Mage_Core_Block_Template->renderView()
#14 /var/www/html/magento/app/code/core/Mage/Core/Block/Abstract.php(919): Mage_Core_Block_Template->_toHtml()
#15 /var/www/html/magento/app/code/core/Mage/Core/Model/Layout.php(555): Mage_Core_Block_Abstract->toHtml()
#16 /var/www/html/magento/app/code/core/Mage/Checkout/controllers/OnepageController.php(127): Mage_Core_Model_Layout->getOutput()
#17 /var/www/html/magento/app/code/local/Wyomind/Pickupatstore/controllers/OnepageController.php(46): Mage_Checkout_OnepageController->_getShippingMethodsHtml()
#18 /var/www/html/magento/app/code/core/Mage/Core/Controller/Varien/Action.php(418): Wyomind_Pickupatstore_OnepageController->saveBillingAction()
#19 /var/www/html/magento/app/code/core/Mage/Core/Controller/Varien/Router/Standard.php(254): Mage_Core_Controller_Varien_Action->dispatch('saveBilling')
#20 /var/www/html/magento/app/code/core/Mage/Core/Controller/Varien/Front.php(172): Mage_Core_Controller_Varien_Router_Standard->match(Object(Mage_Core_Controller_Request_Http))
#21 /var/www/html/magento/app/code/core/Mage/Core/Model/App.php(365): Mage_Core_Controller_Varien_Front->dispatch()
#22 /var/www/html/magento/app/Mage.php(684): Mage_Core_Model_App->run(Array)
#23 /var/www/html/magento/index.php(83): Mage::run('', 'store')
#24 {main}
2017-04-13T18:07:50+00:00 ERR (3): 
SoapFault exception: [HTTP] Could not connect to host in /var/www/html/magento/app/code/core/Mage/Usa/Model/Shipping/Carrier/Fedex.php:410
Stack trace:
#0 [internal function]: SoapClient->__doRequest('<?xml version="...', 'https://wsbeta....', 'getRates', 1, 0)
#1 /var/www/html/magento/app/code/core/Mage/Usa/Model/Shipping/Carrier/Fedex.php(410): SoapClient->__call('getRates', Array)
#2 /var/www/html/magento/app/code/core/Mage/Usa/Model/Shipping/Carrier/Fedex.php(410): SoapClient->getRates(Array)
#3 /var/www/html/magento/app/code/core/Mage/Usa/Model/Shipping/Carrier/Fedex.php(439): Mage_Usa_Model_Shipping_Carrier_Fedex->_doRatesRequest('general')
#4 /var/www/html/magento/app/code/core/Mage/Usa/Model/Shipping/Carrier/Fedex.php(186): Mage_Usa_Model_Shipping_Carrier_Fedex->_getQuotes()
#5 /var/www/html/magento/app/code/core/Mage/Shipping/Model/Shipping.php(209): Mage_Usa_Model_Shipping_Carrier_Fedex->collectRates(Object(Mage_Shipping_Model_Rate_Request))
#6 /var/www/html/magento/app/code/core/Mage/Shipping/Model/Shipping.php(129): Mage_Shipping_Model_Shipping->collectCarrierRates('fedex', Object(Mage_Shipping_Model_Rate_Request))
#7 /var/www/html/magento/app/code/core/Mage/Sales/Model/Quote/Address.php(944): Mage_Shipping_Model_Shipping->collectRates(Object(Mage_Shipping_Model_Rate_Request))
#8 /var/www/html/magento/app/code/core/Mage/Sales/Model/Quote/Address.php(875): Mage_Sales_Model_Quote_Address->requestShippingRates()
#9 /var/www/html/magento/app/code/core/Mage/Sales/Model/Quote/Address/Total/Shipping.php(155): Mage_Sales_Model_Quote_Address->collectShippingRates()
#10 /var/www/html/magento/app/code/core/Mage/Sales/Model/Quote/Address.php(1013): Mage_Sales_Model_Quote_Address_Total_Shipping->collect(Object(Mage_Sales_Model_Quote_Address))
#11 /var/www/html/magento/app/code/core/Mage/Sales/Model/Quote.php(1331): Mage_Sales_Model_Quote_Address->collectTotals()
#12 /var/www/html/magento/app/code/core/Mage/Checkout/Model/Type/Onepage.php(369): Mage_Sales_Model_Quote->collectTotals()
#13 /var/www/html/magento/app/code/local/Wyomind/Pickupatstore/controllers/OnepageController.php(32): Mage_Checkout_Model_Type_Onepage->saveBilling(Array, '93')
#14 /var/www/html/magento/app/code/core/Mage/Core/Controller/Varien/Action.php(418): Wyomind_Pickupatstore_OnepageController->saveBillingAction()
#15 /var/www/html/magento/app/code/core/Mage/Core/Controller/Varien/Router/Standard.php(254): Mage_Core_Controller_Varien_Action->dispatch('saveBilling')
#16 /var/www/html/magento/app/code/core/Mage/Core/Controller/Varien/Front.php(172): Mage_Core_Controller_Varien_Router_Standard->match(Object(Mage_Core_Controller_Request_Http))
#17 /var/www/html/magento/app/code/core/Mage/Core/Model/App.php(365): Mage_Core_Controller_Varien_Front->dispatch()
#18 /var/www/html/magento/app/Mage.php(684): Mage_Core_Model_App->run(Array)
#19 /var/www/html/magento/index.php(83): Mage::run('', 'store')
#20 {main}
2017-04-13T18:07:50+00:00 ERR (3): 
SoapFault exception: [HTTP] Could not connect to host in /var/www/html/magento/app/code/core/Mage/Usa/Model/Shipping/Carrier/Fedex.php:410
Stack trace:
#0 [internal function]: SoapClient->__doRequest('<?xml version="...', 'https://wsbeta....', 'getRates', 1, 0)
#1 /var/www/html/magento/app/code/core/Mage/Usa/Model/Shipping/Carrier/Fedex.php(410): SoapClient->__call('getRates', Array)
#2 /var/www/html/magento/app/code/core/Mage/Usa/Model/Shipping/Carrier/Fedex.php(410): SoapClient->getRates(Array)
#3 /var/www/html/magento/app/code/core/Mage/Usa/Model/Shipping/Carrier/Fedex.php(439): Mage_Usa_Model_Shipping_Carrier_Fedex->_doRatesRequest('general')
#4 /var/www/html/magento/app/code/core/Mage/Usa/Model/Shipping/Carrier/Fedex.php(186): Mage_Usa_Model_Shipping_Carrier_Fedex->_getQuotes()
#5 /var/www/html/magento/app/code/core/Mage/Shipping/Model/Shipping.php(209): Mage_Usa_Model_Shipping_Carrier_Fedex->collectRates(Object(Mage_Shipping_Model_Rate_Request))
#6 /var/www/html/magento/app/code/core/Mage/Shipping/Model/Shipping.php(129): Mage_Shipping_Model_Shipping->collectCarrierRates('fedex', Object(Mage_Shipping_Model_Rate_Request))
#7 /var/www/html/magento/app/code/core/Mage/Sales/Model/Quote/Address.php(944): Mage_Shipping_Model_Shipping->collectRates(Object(Mage_Shipping_Model_Rate_Request))
#8 /var/www/html/magento/app/code/core/Mage/Sales/Model/Quote/Address.php(875): Mage_Sales_Model_Quote_Address->requestShippingRates()
#9 /var/www/html/magento/app/code/core/Mage/Checkout/Block/Onepage/Shipping/Method/Available.php(44): Mage_Sales_Model_Quote_Address->collectShippingRates()
#10 /var/www/html/magento/app/design/frontend/base/default/template/pickupatstore/checkout/onepage/shipping_method/available.phtml(29): Mage_Checkout_Block_Onepage_Shipping_Method_Available->getShippingRates()
#11 /var/www/html/magento/app/code/core/Mage/Core/Block/Template.php(241): include('/var/www/html/m...')
#12 /var/www/html/magento/app/code/core/Mage/Core/Block/Template.php(272): Mage_Core_Block_Template->fetchView('frontend/base/d...')
#13 /var/www/html/magento/app/code/core/Mage/Core/Block/Template.php(286): Mage_Core_Block_Template->renderView()
#14 /var/www/html/magento/app/code/core/Mage/Core/Block/Abstract.php(919): Mage_Core_Block_Template->_toHtml()
#15 /var/www/html/magento/app/code/core/Mage/Core/Model/Layout.php(555): Mage_Core_Block_Abstract->toHtml()
#16 /var/www/html/magento/app/code/core/Mage/Checkout/controllers/OnepageController.php(127): Mage_Core_Model_Layout->getOutput()
#17 /var/www/html/magento/app/code/local/Wyomind/Pickupatstore/controllers/OnepageController.php(46): Mage_Checkout_OnepageController->_getShippingMethodsHtml()
#18 /var/www/html/magento/app/code/core/Mage/Core/Controller/Varien/Action.php(418): Wyomind_Pickupatstore_OnepageController->saveBillingAction()
#19 /var/www/html/magento/app/code/core/Mage/Core/Controller/Varien/Router/Standard.php(254): Mage_Core_Controller_Varien_Action->dispatch('saveBilling')
#20 /var/www/html/magento/app/code/core/Mage/Core/Controller/Varien/Front.php(172): Mage_Core_Controller_Varien_Router_Standard->match(Object(Mage_Core_Controller_Request_Http))
#21 /var/www/html/magento/app/code/core/Mage/Core/Model/App.php(365): Mage_Core_Controller_Varien_Front->dispatch()
#22 /var/www/html/magento/app/Mage.php(684): Mage_Core_Model_App->run(Array)
#23 /var/www/html/magento/index.php(83): Mage::run('', 'store')
#24 {main}
2017-04-13T18:08:39+00:00 ERR (3): 
SoapFault exception: [HTTP] Could not connect to host in /var/www/html/magento/app/code/core/Mage/Usa/Model/Shipping/Carrier/Fedex.php:410
Stack trace:
#0 [internal function]: SoapClient->__doRequest('<?xml version="...', 'https://wsbeta....', 'getRates', 1, 0)
#1 /var/www/html/magento/app/code/core/Mage/Usa/Model/Shipping/Carrier/Fedex.php(410): SoapClient->__call('getRates', Array)
#2 /var/www/html/magento/app/code/core/Mage/Usa/Model/Shipping/Carrier/Fedex.php(410): SoapClient->getRates(Array)
#3 /var/www/html/magento/app/code/core/Mage/Usa/Model/Shipping/Carrier/Fedex.php(439): Mage_Usa_Model_Shipping_Carrier_Fedex->_doRatesRequest('general')
#4 /var/www/html/magento/app/code/core/Mage/Usa/Model/Shipping/Carrier/Fedex.php(186): Mage_Usa_Model_Shipping_Carrier_Fedex->_getQuotes()
#5 /var/www/html/magento/app/code/core/Mage/Shipping/Model/Shipping.php(209): Mage_Usa_Model_Shipping_Carrier_Fedex->collectRates(Object(Mage_Shipping_Model_Rate_Request))
#6 /var/www/html/magento/app/code/core/Mage/Shipping/Model/Shipping.php(129): Mage_Shipping_Model_Shipping->collectCarrierRates('fedex', Object(Mage_Shipping_Model_Rate_Request))
#7 /var/www/html/magento/app/code/core/Mage/Sales/Model/Quote/Address.php(944): Mage_Shipping_Model_Shipping->collectRates(Object(Mage_Shipping_Model_Rate_Request))
#8 /var/www/html/magento/app/code/core/Mage/Sales/Model/Quote/Address.php(875): Mage_Sales_Model_Quote_Address->requestShippingRates()
#9 /var/www/html/magento/app/code/core/Mage/Sales/Model/Quote/Address/Total/Shipping.php(155): Mage_Sales_Model_Quote_Address->collectShippingRates()
#10 /var/www/html/magento/app/code/core/Mage/Sales/Model/Quote/Address.php(1013): Mage_Sales_Model_Quote_Address_Total_Shipping->collect(Object(Mage_Sales_Model_Quote_Address))
#11 /var/www/html/magento/app/code/core/Mage/Sales/Model/Quote.php(1331): Mage_Sales_Model_Quote_Address->collectTotals()
#12 /var/www/html/magento/app/code/core/Mage/Checkout/Model/Type/Onepage.php(369): Mage_Sales_Model_Quote->collectTotals()
#13 /var/www/html/magento/app/code/local/Wyomind/Pickupatstore/controllers/OnepageController.php(32): Mage_Checkout_Model_Type_Onepage->saveBilling(Array, '93')
#14 /var/www/html/magento/app/code/core/Mage/Core/Controller/Varien/Action.php(418): Wyomind_Pickupatstore_OnepageController->saveBillingAction()
#15 /var/www/html/magento/app/code/core/Mage/Core/Controller/Varien/Router/Standard.php(254): Mage_Core_Controller_Varien_Action->dispatch('saveBilling')
#16 /var/www/html/magento/app/code/core/Mage/Core/Controller/Varien/Front.php(172): Mage_Core_Controller_Varien_Router_Standard->match(Object(Mage_Core_Controller_Request_Http))
#17 /var/www/html/magento/app/code/core/Mage/Core/Model/App.php(365): Mage_Core_Controller_Varien_Front->dispatch()
#18 /var/www/html/magento/app/Mage.php(684): Mage_Core_Model_App->run(Array)
#19 /var/www/html/magento/index.php(83): Mage::run('', 'store')
#20 {main}
2017-04-13T18:08:39+00:00 ERR (3): 
SoapFault exception: [HTTP] Could not connect to host in /var/www/html/magento/app/code/core/Mage/Usa/Model/Shipping/Carrier/Fedex.php:410
Stack trace:
#0 [internal function]: SoapClient->__doRequest('<?xml version="...', 'https://wsbeta....', 'getRates', 1, 0)
#1 /var/www/html/magento/app/code/core/Mage/Usa/Model/Shipping/Carrier/Fedex.php(410): SoapClient->__call('getRates', Array)
#2 /var/www/html/magento/app/code/core/Mage/Usa/Model/Shipping/Carrier/Fedex.php(410): SoapClient->getRates(Array)
#3 /var/www/html/magento/app/code/core/Mage/Usa/Model/Shipping/Carrier/Fedex.php(439): Mage_Usa_Model_Shipping_Carrier_Fedex->_doRatesRequest('general')
#4 /var/www/html/magento/app/code/core/Mage/Usa/Model/Shipping/Carrier/Fedex.php(186): Mage_Usa_Model_Shipping_Carrier_Fedex->_getQuotes()
#5 /var/www/html/magento/app/code/core/Mage/Shipping/Model/Shipping.php(209): Mage_Usa_Model_Shipping_Carrier_Fedex->collectRates(Object(Mage_Shipping_Model_Rate_Request))
#6 /var/www/html/magento/app/code/core/Mage/Shipping/Model/Shipping.php(129): Mage_Shipping_Model_Shipping->collectCarrierRates('fedex', Object(Mage_Shipping_Model_Rate_Request))
#7 /var/www/html/magento/app/code/core/Mage/Sales/Model/Quote/Address.php(944): Mage_Shipping_Model_Shipping->collectRates(Object(Mage_Shipping_Model_Rate_Request))
#8 /var/www/html/magento/app/code/core/Mage/Sales/Model/Quote/Address.php(875): Mage_Sales_Model_Quote_Address->requestShippingRates()
#9 /var/www/html/magento/app/code/core/Mage/Checkout/Block/Onepage/Shipping/Method/Available.php(44): Mage_Sales_Model_Quote_Address->collectShippingRates()
#10 /var/www/html/magento/app/design/frontend/base/default/template/pickupatstore/checkout/onepage/shipping_method/available.phtml(29): Mage_Checkout_Block_Onepage_Shipping_Method_Available->getShippingRates()
#11 /var/www/html/magento/app/code/core/Mage/Core/Block/Template.php(241): include('/var/www/html/m...')
#12 /var/www/html/magento/app/code/core/Mage/Core/Block/Template.php(272): Mage_Core_Block_Template->fetchView('frontend/base/d...')
#13 /var/www/html/magento/app/code/core/Mage/Core/Block/Template.php(286): Mage_Core_Block_Template->renderView()
#14 /var/www/html/magento/app/code/core/Mage/Core/Block/Abstract.php(919): Mage_Core_Block_Template->_toHtml()
#15 /var/www/html/magento/app/code/core/Mage/Core/Model/Layout.php(555): Mage_Core_Block_Abstract->toHtml()
#16 /var/www/html/magento/app/code/core/Mage/Checkout/controllers/OnepageController.php(127): Mage_Core_Model_Layout->getOutput()
#17 /var/www/html/magento/app/code/local/Wyomind/Pickupatstore/controllers/OnepageController.php(46): Mage_Checkout_OnepageController->_getShippingMethodsHtml()
#18 /var/www/html/magento/app/code/core/Mage/Core/Controller/Varien/Action.php(418): Wyomind_Pickupatstore_OnepageController->saveBillingAction()
#19 /var/www/html/magento/app/code/core/Mage/Core/Controller/Varien/Router/Standard.php(254): Mage_Core_Controller_Varien_Action->dispatch('saveBilling')
#20 /var/www/html/magento/app/code/core/Mage/Core/Controller/Varien/Front.php(172): Mage_Core_Controller_Varien_Router_Standard->match(Object(Mage_Core_Controller_Request_Http))
#21 /var/www/html/magento/app/code/core/Mage/Core/Model/App.php(365): Mage_Core_Controller_Varien_Front->dispatch()
#22 /var/www/html/magento/app/Mage.php(684): Mage_Core_Model_App->run(Array)
#23 /var/www/html/magento/index.php(83): Mage::run('', 'store')
#24 {main}
2017-04-13T18:12:51+00:00 ERR (3): 
SoapFault exception: [HTTP] Could not connect to host in /var/www/html/magento/app/code/core/Mage/Usa/Model/Shipping/Carrier/Fedex.php:410
Stack trace:
#0 [internal function]: SoapClient->__doRequest('<?xml version="...', 'https://wsbeta....', 'getRates', 1, 0)
#1 /var/www/html/magento/app/code/core/Mage/Usa/Model/Shipping/Carrier/Fedex.php(410): SoapClient->__call('getRates', Array)
#2 /var/www/html/magento/app/code/core/Mage/Usa/Model/Shipping/Carrier/Fedex.php(410): SoapClient->getRates(Array)
#3 /var/www/html/magento/app/code/core/Mage/Usa/Model/Shipping/Carrier/Fedex.php(439): Mage_Usa_Model_Shipping_Carrier_Fedex->_doRatesRequest('general')
#4 /var/www/html/magento/app/code/core/Mage/Usa/Model/Shipping/Carrier/Fedex.php(186): Mage_Usa_Model_Shipping_Carrier_Fedex->_getQuotes()
#5 /var/www/html/magento/app/code/core/Mage/Shipping/Model/Shipping.php(209): Mage_Usa_Model_Shipping_Carrier_Fedex->collectRates(Object(Mage_Shipping_Model_Rate_Request))
#6 /var/www/html/magento/app/code/core/Mage/Shipping/Model/Shipping.php(129): Mage_Shipping_Model_Shipping->collectCarrierRates('fedex', Object(Mage_Shipping_Model_Rate_Request))
#7 /var/www/html/magento/app/code/core/Mage/Sales/Model/Quote/Address.php(944): Mage_Shipping_Model_Shipping->collectRates(Object(Mage_Shipping_Model_Rate_Request))
#8 /var/www/html/magento/app/code/core/Mage/Sales/Model/Quote/Address.php(875): Mage_Sales_Model_Quote_Address->requestShippingRates()
#9 /var/www/html/magento/app/code/core/Mage/Sales/Model/Quote/Address/Total/Shipping.php(155): Mage_Sales_Model_Quote_Address->collectShippingRates()
#10 /var/www/html/magento/app/code/core/Mage/Sales/Model/Quote/Address.php(1013): Mage_Sales_Model_Quote_Address_Total_Shipping->collect(Object(Mage_Sales_Model_Quote_Address))
#11 /var/www/html/magento/app/code/core/Mage/Sales/Model/Quote.php(1331): Mage_Sales_Model_Quote_Address->collectTotals()
#12 /var/www/html/magento/app/code/core/Mage/Checkout/Model/Type/Onepage.php(369): Mage_Sales_Model_Quote->collectTotals()
#13 /var/www/html/magento/app/code/local/Wyomind/Pickupatstore/controllers/OnepageController.php(32): Mage_Checkout_Model_Type_Onepage->saveBilling(Array, '93')
#14 /var/www/html/magento/app/code/core/Mage/Core/Controller/Varien/Action.php(418): Wyomind_Pickupatstore_OnepageController->saveBillingAction()
#15 /var/www/html/magento/app/code/core/Mage/Core/Controller/Varien/Router/Standard.php(254): Mage_Core_Controller_Varien_Action->dispatch('saveBilling')
#16 /var/www/html/magento/app/code/core/Mage/Core/Controller/Varien/Front.php(172): Mage_Core_Controller_Varien_Router_Standard->match(Object(Mage_Core_Controller_Request_Http))
#17 /var/www/html/magento/app/code/core/Mage/Core/Model/App.php(365): Mage_Core_Controller_Varien_Front->dispatch()
#18 /var/www/html/magento/app/Mage.php(684): Mage_Core_Model_App->run(Array)
#19 /var/www/html/magento/index.php(83): Mage::run('', 'store')
#20 {main}
2017-04-13T18:12:52+00:00 ERR (3): 
SoapFault exception: [HTTP] Could not connect to host in /var/www/html/magento/app/code/core/Mage/Usa/Model/Shipping/Carrier/Fedex.php:410
Stack trace:
#0 [internal function]: SoapClient->__doRequest('<?xml version="...', 'https://wsbeta....', 'getRates', 1, 0)
#1 /var/www/html/magento/app/code/core/Mage/Usa/Model/Shipping/Carrier/Fedex.php(410): SoapClient->__call('getRates', Array)
#2 /var/www/html/magento/app/code/core/Mage/Usa/Model/Shipping/Carrier/Fedex.php(410): SoapClient->getRates(Array)
#3 /var/www/html/magento/app/code/core/Mage/Usa/Model/Shipping/Carrier/Fedex.php(439): Mage_Usa_Model_Shipping_Carrier_Fedex->_doRatesRequest('general')
#4 /var/www/html/magento/app/code/core/Mage/Usa/Model/Shipping/Carrier/Fedex.php(186): Mage_Usa_Model_Shipping_Carrier_Fedex->_getQuotes()
#5 /var/www/html/magento/app/code/core/Mage/Shipping/Model/Shipping.php(209): Mage_Usa_Model_Shipping_Carrier_Fedex->collectRates(Object(Mage_Shipping_Model_Rate_Request))
#6 /var/www/html/magento/app/code/core/Mage/Shipping/Model/Shipping.php(129): Mage_Shipping_Model_Shipping->collectCarrierRates('fedex', Object(Mage_Shipping_Model_Rate_Request))
#7 /var/www/html/magento/app/code/core/Mage/Sales/Model/Quote/Address.php(944): Mage_Shipping_Model_Shipping->collectRates(Object(Mage_Shipping_Model_Rate_Request))
#8 /var/www/html/magento/app/code/core/Mage/Sales/Model/Quote/Address.php(875): Mage_Sales_Model_Quote_Address->requestShippingRates()
#9 /var/www/html/magento/app/code/core/Mage/Checkout/Block/Onepage/Shipping/Method/Available.php(44): Mage_Sales_Model_Quote_Address->collectShippingRates()
#10 /var/www/html/magento/app/design/frontend/base/default/template/pickupatstore/checkout/onepage/shipping_method/available.phtml(29): Mage_Checkout_Block_Onepage_Shipping_Method_Available->getShippingRates()
#11 /var/www/html/magento/app/code/core/Mage/Core/Block/Template.php(241): include('/var/www/html/m...')
#12 /var/www/html/magento/app/code/core/Mage/Core/Block/Template.php(272): Mage_Core_Block_Template->fetchView('frontend/base/d...')
#13 /var/www/html/magento/app/code/core/Mage/Core/Block/Template.php(286): Mage_Core_Block_Template->renderView()
#14 /var/www/html/magento/app/code/core/Mage/Core/Block/Abstract.php(919): Mage_Core_Block_Template->_toHtml()
#15 /var/www/html/magento/app/code/core/Mage/Core/Model/Layout.php(555): Mage_Core_Block_Abstract->toHtml()
#16 /var/www/html/magento/app/code/core/Mage/Checkout/controllers/OnepageController.php(127): Mage_Core_Model_Layout->getOutput()
#17 /var/www/html/magento/app/code/local/Wyomind/Pickupatstore/controllers/OnepageController.php(46): Mage_Checkout_OnepageController->_getShippingMethodsHtml()
#18 /var/www/html/magento/app/code/core/Mage/Core/Controller/Varien/Action.php(418): Wyomind_Pickupatstore_OnepageController->saveBillingAction()
#19 /var/www/html/magento/app/code/core/Mage/Core/Controller/Varien/Router/Standard.php(254): Mage_Core_Controller_Varien_Action->dispatch('saveBilling')
#20 /var/www/html/magento/app/code/core/Mage/Core/Controller/Varien/Front.php(172): Mage_Core_Controller_Varien_Router_Standard->match(Object(Mage_Core_Controller_Request_Http))
#21 /var/www/html/magento/app/code/core/Mage/Core/Model/App.php(365): Mage_Core_Controller_Varien_Front->dispatch()
#22 /var/www/html/magento/app/Mage.php(684): Mage_Core_Model_App->run(Array)
#23 /var/www/html/magento/index.php(83): Mage::run('', 'store')
#24 {main}
2017-04-14T17:45:39+00:00 ERR (3): 
exception 'Mage_Core_Exception' with message 'Invalid block type: Mage_Freegift_Block_Adminhtml_Gridgift' in /var/www/html/magento/app/Mage.php:595
Stack trace:
#0 /var/www/html/magento/app/code/core/Mage/Core/Model/Layout.php(495): Mage::throwException('Invalid block t...')
#1 /var/www/html/magento/app/code/core/Mage/Core/Model/Layout.php(437): Mage_Core_Model_Layout->_getBlockInstance('freegift/adminh...', Array)
#2 /var/www/html/magento/app/code/core/Mage/Core/Model/Layout.php(472): Mage_Core_Model_Layout->createBlock('freegift/adminh...', 'freegift.grid.c...')
#3 /var/www/html/magento/app/code/core/Mage/Core/Model/Layout.php(239): Mage_Core_Model_Layout->addBlock('freegift/adminh...', 'freegift.grid.c...')
#4 /var/www/html/magento/app/code/core/Mage/Core/Model/Layout.php(205): Mage_Core_Model_Layout->_generateBlock(Object(Mage_Core_Model_Layout_Element), Object(Mage_Core_Model_Layout_Element))
#5 /var/www/html/magento/app/code/core/Mage/Core/Model/Layout.php(210): Mage_Core_Model_Layout->generateBlocks(Object(Mage_Core_Model_Layout_Element))
#6 /var/www/html/magento/app/code/core/Mage/Core/Controller/Varien/Action.php(344): Mage_Core_Model_Layout->generateBlocks()
#7 /var/www/html/magento/app/code/core/Mage/Core/Controller/Varien/Action.php(269): Mage_Core_Controller_Varien_Action->generateLayoutBlocks()
#8 /var/www/html/magento/app/code/core/Mage/Adminhtml/Controller/Action.php(275): Mage_Core_Controller_Varien_Action->loadLayout(NULL, true, true)
#9 /var/www/html/magento/app/code/local/Argoworks/Freegift/controllers/Adminhtml/ManageFreeGiftController.php(37): Mage_Adminhtml_Controller_Action->loadLayout()
#10 /var/www/html/magento/app/code/core/Mage/Core/Controller/Varien/Action.php(418): Argoworks_Freegift_Adminhtml_ManageFreeGiftController->indexAction()
#11 /var/www/html/magento/app/code/core/Mage/Core/Controller/Varien/Router/Standard.php(254): Mage_Core_Controller_Varien_Action->dispatch('index')
#12 /var/www/html/magento/app/code/core/Mage/Core/Controller/Varien/Front.php(172): Mage_Core_Controller_Varien_Router_Standard->match(Object(Mage_Core_Controller_Request_Http))
#13 /var/www/html/magento/app/code/core/Mage/Core/Model/App.php(365): Mage_Core_Controller_Varien_Front->dispatch()
#14 /var/www/html/magento/app/Mage.php(684): Mage_Core_Model_App->run(Array)
#15 /var/www/html/magento/index.php(83): Mage::run('', 'store')
#16 {main}
2017-04-17T02:33:58+00:00 ERR (3): 
exception 'Mage_Core_Exception' with message 'Invalid block type: Mage_Freegift_Block_Adminhtml_Gridgift' in /var/www/html/magento/app/Mage.php:595
Stack trace:
#0 /var/www/html/magento/app/code/core/Mage/Core/Model/Layout.php(495): Mage::throwException('Invalid block t...')
#1 /var/www/html/magento/app/code/core/Mage/Core/Model/Layout.php(437): Mage_Core_Model_Layout->_getBlockInstance('freegift/adminh...', Array)
#2 /var/www/html/magento/app/code/core/Mage/Core/Model/Layout.php(472): Mage_Core_Model_Layout->createBlock('freegift/adminh...', 'freegift.grid.c...')
#3 /var/www/html/magento/app/code/core/Mage/Core/Model/Layout.php(239): Mage_Core_Model_Layout->addBlock('freegift/adminh...', 'freegift.grid.c...')
#4 /var/www/html/magento/app/code/core/Mage/Core/Model/Layout.php(205): Mage_Core_Model_Layout->_generateBlock(Object(Mage_Core_Model_Layout_Element), Object(Mage_Core_Model_Layout_Element))
#5 /var/www/html/magento/app/code/core/Mage/Core/Model/Layout.php(210): Mage_Core_Model_Layout->generateBlocks(Object(Mage_Core_Model_Layout_Element))
#6 /var/www/html/magento/app/code/core/Mage/Core/Controller/Varien/Action.php(344): Mage_Core_Model_Layout->generateBlocks()
#7 /var/www/html/magento/app/code/core/Mage/Core/Controller/Varien/Action.php(269): Mage_Core_Controller_Varien_Action->generateLayoutBlocks()
#8 /var/www/html/magento/app/code/core/Mage/Adminhtml/Controller/Action.php(275): Mage_Core_Controller_Varien_Action->loadLayout(NULL, true, true)
#9 /var/www/html/magento/app/code/local/Argoworks/Freegift/controllers/Adminhtml/ManageFreeGiftController.php(37): Mage_Adminhtml_Controller_Action->loadLayout()
#10 /var/www/html/magento/app/code/core/Mage/Core/Controller/Varien/Action.php(418): Argoworks_Freegift_Adminhtml_ManageFreeGiftController->indexAction()
#11 /var/www/html/magento/app/code/core/Mage/Core/Controller/Varien/Router/Standard.php(254): Mage_Core_Controller_Varien_Action->dispatch('index')
#12 /var/www/html/magento/app/code/core/Mage/Core/Controller/Varien/Front.php(172): Mage_Core_Controller_Varien_Router_Standard->match(Object(Mage_Core_Controller_Request_Http))
#13 /var/www/html/magento/app/code/core/Mage/Core/Model/App.php(365): Mage_Core_Controller_Varien_Front->dispatch()
#14 /var/www/html/magento/app/Mage.php(684): Mage_Core_Model_App->run(Array)
#15 /var/www/html/magento/index.php(83): Mage::run('', 'store')
#16 {main}
2017-04-17T06:32:41+00:00 ERR (3): 
exception 'Zend_Mail_Transport_Exception' with message 'Unable to send mail. ' in /var/www/html/magento/lib/Zend/Mail/Transport/Sendmail.php:137
Stack trace:
#0 /var/www/html/magento/lib/Zend/Mail/Transport/Abstract.php(348): Zend_Mail_Transport_Sendmail->_sendMail()
#1 /var/www/html/magento/lib/Zend/Mail.php(1194): Zend_Mail_Transport_Abstract->send(Object(Zend_Mail))
#2 /var/www/html/magento/app/code/core/Mage/Core/Model/Email/Template.php(451): Zend_Mail->send()
#3 /var/www/html/magento/app/code/core/Mage/Core/Model/Email/Template.php(508): Mage_Core_Model_Email_Template->send('hoi.le@hdwebsof...', NULL, Array)
#4 /var/www/html/magento/app/code/core/Mage/Newsletter/Model/Subscriber.php(559): Mage_Core_Model_Email_Template->sendTransactional('newsletter_subs...', 'general', 'hoi.le@hdwebsof...', NULL, Array)
#5 /var/www/html/magento/app/code/core/Mage/Newsletter/Model/Subscriber.php(458): Mage_Newsletter_Model_Subscriber->sendConfirmationSuccessEmail()
#6 /var/www/html/magento/app/code/core/Mage/Newsletter/Model/Observer.php(38): Mage_Newsletter_Model_Subscriber->subscribeCustomer(Object(Mage_Customer_Model_Customer))
#7 /var/www/html/magento/app/code/core/Mage/Core/Model/App.php(1357): Mage_Newsletter_Model_Observer->subscribeCustomer(Object(Varien_Event_Observer))
#8 /var/www/html/magento/app/code/core/Mage/Core/Model/App.php(1336): Mage_Core_Model_App->_callObserverMethod(Object(Mage_Newsletter_Model_Observer), 'subscribeCustom...', Object(Varien_Event_Observer))
#9 /var/www/html/magento/app/Mage.php(448): Mage_Core_Model_App->dispatchEvent('customer_save_a...', Array)
#10 /var/www/html/magento/app/code/core/Mage/Core/Model/Abstract.php(466): Mage::dispatchEvent('customer_save_a...', Array)
#11 /var/www/html/magento/app/code/core/Mage/Core/Model/Abstract.php(319): Mage_Core_Model_Abstract->_afterSave()
#12 /var/www/html/magento/app/code/core/Mage/Adminhtml/controllers/CustomerController.php(338): Mage_Core_Model_Abstract->save()
#13 /var/www/html/magento/app/code/core/Mage/Core/Controller/Varien/Action.php(418): Mage_Adminhtml_CustomerController->saveAction()
#14 /var/www/html/magento/app/code/core/Mage/Core/Controller/Varien/Router/Standard.php(254): Mage_Core_Controller_Varien_Action->dispatch('save')
#15 /var/www/html/magento/app/code/core/Mage/Core/Controller/Varien/Front.php(172): Mage_Core_Controller_Varien_Router_Standard->match(Object(Mage_Core_Controller_Request_Http))
#16 /var/www/html/magento/app/code/core/Mage/Core/Model/App.php(365): Mage_Core_Controller_Varien_Front->dispatch()
#17 /var/www/html/magento/app/Mage.php(684): Mage_Core_Model_App->run(Array)
#18 /var/www/html/magento/index.php(83): Mage::run('', 'store')
#19 {main}
2017-04-17T06:33:24+00:00 ERR (3): 
exception 'Zend_Mail_Transport_Exception' with message 'Unable to send mail. ' in /var/www/html/magento/lib/Zend/Mail/Transport/Sendmail.php:137
Stack trace:
#0 /var/www/html/magento/lib/Zend/Mail/Transport/Abstract.php(348): Zend_Mail_Transport_Sendmail->_sendMail()
#1 /var/www/html/magento/lib/Zend/Mail.php(1194): Zend_Mail_Transport_Abstract->send(Object(Zend_Mail))
#2 /var/www/html/magento/app/code/core/Mage/Core/Model/Email/Template.php(451): Zend_Mail->send()
#3 /var/www/html/magento/app/code/core/Mage/Core/Model/Email/Template.php(508): Mage_Core_Model_Email_Template->send('hoi.le@hdwebsof...', NULL, Array)
#4 /var/www/html/magento/app/code/core/Mage/Newsletter/Model/Subscriber.php(594): Mage_Core_Model_Email_Template->sendTransactional('newsletter_subs...', 'support', 'hoi.le@hdwebsof...', NULL, Array)
#5 /var/www/html/magento/app/code/core/Mage/Newsletter/Model/Subscriber.php(456): Mage_Newsletter_Model_Subscriber->sendUnsubscriptionEmail()
#6 /var/www/html/magento/app/code/core/Mage/Newsletter/Model/Observer.php(38): Mage_Newsletter_Model_Subscriber->subscribeCustomer(Object(Mage_Customer_Model_Customer))
#7 /var/www/html/magento/app/code/core/Mage/Core/Model/App.php(1357): Mage_Newsletter_Model_Observer->subscribeCustomer(Object(Varien_Event_Observer))
#8 /var/www/html/magento/app/code/core/Mage/Core/Model/App.php(1336): Mage_Core_Model_App->_callObserverMethod(Object(Mage_Newsletter_Model_Observer), 'subscribeCustom...', Object(Varien_Event_Observer))
#9 /var/www/html/magento/app/Mage.php(448): Mage_Core_Model_App->dispatchEvent('customer_save_a...', Array)
#10 /var/www/html/magento/app/code/core/Mage/Core/Model/Abstract.php(466): Mage::dispatchEvent('customer_save_a...', Array)
#11 /var/www/html/magento/app/code/core/Mage/Core/Model/Abstract.php(319): Mage_Core_Model_Abstract->_afterSave()
#12 /var/www/html/magento/app/code/core/Mage/Adminhtml/controllers/CustomerController.php(338): Mage_Core_Model_Abstract->save()
#13 /var/www/html/magento/app/code/core/Mage/Core/Controller/Varien/Action.php(418): Mage_Adminhtml_CustomerController->saveAction()
#14 /var/www/html/magento/app/code/core/Mage/Core/Controller/Varien/Router/Standard.php(254): Mage_Core_Controller_Varien_Action->dispatch('save')
#15 /var/www/html/magento/app/code/core/Mage/Core/Controller/Varien/Front.php(172): Mage_Core_Controller_Varien_Router_Standard->match(Object(Mage_Core_Controller_Request_Http))
#16 /var/www/html/magento/app/code/core/Mage/Core/Model/App.php(365): Mage_Core_Controller_Varien_Front->dispatch()
#17 /var/www/html/magento/app/Mage.php(684): Mage_Core_Model_App->run(Array)
#18 /var/www/html/magento/index.php(83): Mage::run('', 'store')
#19 {main}
2017-04-21T13:55:52+00:00 ERR (3): 
exception 'Mage_Core_Exception' with message 'Invalid block type: Mage_Freegift_Block_Adminhtml_Gridgift' in /var/www/html/magento/app/Mage.php:595
Stack trace:
#0 /var/www/html/magento/app/code/core/Mage/Core/Model/Layout.php(495): Mage::throwException('Invalid block t...')
#1 /var/www/html/magento/app/code/core/Mage/Core/Model/Layout.php(437): Mage_Core_Model_Layout->_getBlockInstance('freegift/adminh...', Array)
#2 /var/www/html/magento/app/code/core/Mage/Core/Model/Layout.php(472): Mage_Core_Model_Layout->createBlock('freegift/adminh...', 'freegift.grid.c...')
#3 /var/www/html/magento/app/code/core/Mage/Core/Model/Layout.php(239): Mage_Core_Model_Layout->addBlock('freegift/adminh...', 'freegift.grid.c...')
#4 /var/www/html/magento/app/code/core/Mage/Core/Model/Layout.php(205): Mage_Core_Model_Layout->_generateBlock(Object(Mage_Core_Model_Layout_Element), Object(Mage_Core_Model_Layout_Element))
#5 /var/www/html/magento/app/code/core/Mage/Core/Model/Layout.php(210): Mage_Core_Model_Layout->generateBlocks(Object(Mage_Core_Model_Layout_Element))
#6 /var/www/html/magento/app/code/core/Mage/Core/Controller/Varien/Action.php(344): Mage_Core_Model_Layout->generateBlocks()
#7 /var/www/html/magento/app/code/core/Mage/Core/Controller/Varien/Action.php(269): Mage_Core_Controller_Varien_Action->generateLayoutBlocks()
#8 /var/www/html/magento/app/code/core/Mage/Adminhtml/Controller/Action.php(275): Mage_Core_Controller_Varien_Action->loadLayout(NULL, true, true)
#9 /var/www/html/magento/app/code/local/Argoworks/Freegift/controllers/Adminhtml/ManageFreeGiftController.php(37): Mage_Adminhtml_Controller_Action->loadLayout()
#10 /var/www/html/magento/app/code/core/Mage/Core/Controller/Varien/Action.php(418): Argoworks_Freegift_Adminhtml_ManageFreeGiftController->indexAction()
#11 /var/www/html/magento/app/code/core/Mage/Core/Controller/Varien/Router/Standard.php(254): Mage_Core_Controller_Varien_Action->dispatch('index')
#12 /var/www/html/magento/app/code/core/Mage/Core/Controller/Varien/Front.php(172): Mage_Core_Controller_Varien_Router_Standard->match(Object(Mage_Core_Controller_Request_Http))
#13 /var/www/html/magento/app/code/core/Mage/Core/Model/App.php(365): Mage_Core_Controller_Varien_Front->dispatch()
#14 /var/www/html/magento/app/Mage.php(684): Mage_Core_Model_App->run(Array)
#15 /var/www/html/magento/index.php(83): Mage::run('', 'store')
#16 {main}
2017-04-21T13:56:20+00:00 ERR (3): 
exception 'Mage_Core_Exception' with message 'Invalid block type: Mage_Freegift_Block_Adminhtml_Gridgift' in /var/www/html/magento/app/Mage.php:595
Stack trace:
#0 /var/www/html/magento/app/code/core/Mage/Core/Model/Layout.php(495): Mage::throwException('Invalid block t...')
#1 /var/www/html/magento/app/code/core/Mage/Core/Model/Layout.php(437): Mage_Core_Model_Layout->_getBlockInstance('freegift/adminh...', Array)
#2 /var/www/html/magento/app/code/core/Mage/Core/Model/Layout.php(472): Mage_Core_Model_Layout->createBlock('freegift/adminh...', 'freegift.grid.c...')
#3 /var/www/html/magento/app/code/core/Mage/Core/Model/Layout.php(239): Mage_Core_Model_Layout->addBlock('freegift/adminh...', 'freegift.grid.c...')
#4 /var/www/html/magento/app/code/core/Mage/Core/Model/Layout.php(205): Mage_Core_Model_Layout->_generateBlock(Object(Mage_Core_Model_Layout_Element), Object(Mage_Core_Model_Layout_Element))
#5 /var/www/html/magento/app/code/core/Mage/Core/Model/Layout.php(210): Mage_Core_Model_Layout->generateBlocks(Object(Mage_Core_Model_Layout_Element))
#6 /var/www/html/magento/app/code/core/Mage/Core/Controller/Varien/Action.php(344): Mage_Core_Model_Layout->generateBlocks()
#7 /var/www/html/magento/app/code/core/Mage/Core/Controller/Varien/Action.php(269): Mage_Core_Controller_Varien_Action->generateLayoutBlocks()
#8 /var/www/html/magento/app/code/core/Mage/Adminhtml/Controller/Action.php(275): Mage_Core_Controller_Varien_Action->loadLayout(NULL, true, true)
#9 /var/www/html/magento/app/code/local/Argoworks/Freegift/controllers/Adminhtml/ManageFreeGiftController.php(37): Mage_Adminhtml_Controller_Action->loadLayout()
#10 /var/www/html/magento/app/code/core/Mage/Core/Controller/Varien/Action.php(418): Argoworks_Freegift_Adminhtml_ManageFreeGiftController->indexAction()
#11 /var/www/html/magento/app/code/core/Mage/Core/Controller/Varien/Router/Standard.php(254): Mage_Core_Controller_Varien_Action->dispatch('index')
#12 /var/www/html/magento/app/code/core/Mage/Core/Controller/Varien/Front.php(172): Mage_Core_Controller_Varien_Router_Standard->match(Object(Mage_Core_Controller_Request_Http))
#13 /var/www/html/magento/app/code/core/Mage/Core/Model/App.php(365): Mage_Core_Controller_Varien_Front->dispatch()
#14 /var/www/html/magento/app/Mage.php(684): Mage_Core_Model_App->run(Array)
#15 /var/www/html/magento/index.php(83): Mage::run('', 'store')
#16 {main}
2017-04-21T13:58:18+00:00 ERR (3): 
exception 'Mage_Core_Exception' with message 'Invalid block type: Mage_Freegift_Block_Adminhtml_Gridgift' in /var/www/html/magento/app/Mage.php:595
Stack trace:
#0 /var/www/html/magento/app/code/core/Mage/Core/Model/Layout.php(495): Mage::throwException('Invalid block t...')
#1 /var/www/html/magento/app/code/core/Mage/Core/Model/Layout.php(437): Mage_Core_Model_Layout->_getBlockInstance('freegift/adminh...', Array)
#2 /var/www/html/magento/app/code/core/Mage/Core/Model/Layout.php(472): Mage_Core_Model_Layout->createBlock('freegift/adminh...', 'freegift.grid.c...')
#3 /var/www/html/magento/app/code/core/Mage/Core/Model/Layout.php(239): Mage_Core_Model_Layout->addBlock('freegift/adminh...', 'freegift.grid.c...')
#4 /var/www/html/magento/app/code/core/Mage/Core/Model/Layout.php(205): Mage_Core_Model_Layout->_generateBlock(Object(Mage_Core_Model_Layout_Element), Object(Mage_Core_Model_Layout_Element))
#5 /var/www/html/magento/app/code/core/Mage/Core/Model/Layout.php(210): Mage_Core_Model_Layout->generateBlocks(Object(Mage_Core_Model_Layout_Element))
#6 /var/www/html/magento/app/code/core/Mage/Core/Controller/Varien/Action.php(344): Mage_Core_Model_Layout->generateBlocks()
#7 /var/www/html/magento/app/code/core/Mage/Core/Controller/Varien/Action.php(269): Mage_Core_Controller_Varien_Action->generateLayoutBlocks()
#8 /var/www/html/magento/app/code/core/Mage/Adminhtml/Controller/Action.php(275): Mage_Core_Controller_Varien_Action->loadLayout(NULL, true, true)
#9 /var/www/html/magento/app/code/local/Argoworks/Freegift/controllers/Adminhtml/ManageFreeGiftController.php(21): Mage_Adminhtml_Controller_Action->loadLayout()
#10 /var/www/html/magento/app/code/core/Mage/Core/Controller/Varien/Action.php(418): Argoworks_Freegift_Adminhtml_ManageFreeGiftController->indexAction()
#11 /var/www/html/magento/app/code/core/Mage/Core/Controller/Varien/Router/Standard.php(254): Mage_Core_Controller_Varien_Action->dispatch('index')
#12 /var/www/html/magento/app/code/core/Mage/Core/Controller/Varien/Front.php(172): Mage_Core_Controller_Varien_Router_Standard->match(Object(Mage_Core_Controller_Request_Http))
#13 /var/www/html/magento/app/code/core/Mage/Core/Model/App.php(365): Mage_Core_Controller_Varien_Front->dispatch()
#14 /var/www/html/magento/app/Mage.php(684): Mage_Core_Model_App->run(Array)
#15 /var/www/html/magento/index.php(83): Mage::run('', 'store')
#16 {main}
