2017-04-14T09:07:24+00:00 DEBUG (7): 
-----------------------------------------------------------------------------
------------Start assignation process for order #145000011 ------------------
-----------------------------------------------------------------------------

Shipping method : ups_XPD

Shipped to : VN,,700000


- - - - - - - - - - - - - - - - - - - - - - - - - - - - - - - - - - - - - - -
* Checking availability for : wsd013[ID:310], Ordered Qty : 1

-----------------------------------------------------------------------------
ASSIGNED TO : 
-----------------------------------------------------------------------------
STOCK ASSIGNATION TO : []
-----------------------------------------------------------------------------


2017-04-14T09:59:05+00:00 DEBUG (7): 
-----------------------------------------------------------------------------
------------Start assignation process for order #145000012 ------------------
-----------------------------------------------------------------------------

Shipping method : freeshipping_freeshipping

Shipped to : VN,,700000


- - - - - - - - - - - - - - - - - - - - - - - - - - - - - - - - - - - - - - -
* Checking availability for : wsd013[ID:310], Ordered Qty : 1

- - - - - - - - - - - - - - - - - - - - - - - - - - - - - - - - - - - - - - -
* Checking availability for : wbk012c-Pink-L[ID:890], Ordered Qty : 2

-----------------------------------------------------------------------------
ASSIGNED TO : 
-----------------------------------------------------------------------------
STOCK ASSIGNATION TO : []
-----------------------------------------------------------------------------


2017-04-14T10:27:43+00:00 DEBUG (7): 
-----------------------------------------------------------------------------
------------Start assignation process for order #145000016 ------------------
-----------------------------------------------------------------------------

Shipping method : freeshipping_freeshipping

Shipped to : VN,,700000


- - - - - - - - - - - - - - - - - - - - - - - - - - - - - - - - - - - - - - -
* Checking availability for : msj012[ID:243], Ordered Qty : 1

-----------------------------------------------------------------------------
ASSIGNED TO : 
-----------------------------------------------------------------------------
STOCK ASSIGNATION TO : []
-----------------------------------------------------------------------------


2017-04-14T10:52:45+00:00 DEBUG (7): 
-----------------------------------------------------------------------------
------------Start assignation process for order #145000024 ------------------
-----------------------------------------------------------------------------

Shipping method : ups_WXS

Shipped to : VN,,700000


- - - - - - - - - - - - - - - - - - - - - - - - - - - - - - - - - - - - - - -
* Checking availability for : wbk004[ID:286], Ordered Qty : 1

-----------------------------------------------------------------------------
ASSIGNED TO : 
-----------------------------------------------------------------------------
STOCK ASSIGNATION TO : []
-----------------------------------------------------------------------------


2017-04-14T11:00:53+00:00 DEBUG (7): 
-----------------------------------------------------------------------------
------------Start assignation process for order #145000025 ------------------
-----------------------------------------------------------------------------

Shipping method : flatrate_flatrate

Shipped to : VN,,700000


- - - - - - - - - - - - - - - - - - - - - - - - - - - - - - - - - - - - - - -
* Checking availability for : wbk004[ID:286], Ordered Qty : 1

-----------------------------------------------------------------------------
ASSIGNED TO : 
-----------------------------------------------------------------------------
STOCK ASSIGNATION TO : []
-----------------------------------------------------------------------------


2017-04-14T11:23:46+00:00 DEBUG (7): 
-----------------------------------------------------------------------------
------------Start assignation process for order #145000032 ------------------
-----------------------------------------------------------------------------

Shipping method : flatrate_flatrate

Shipped to : VN,,700000


- - - - - - - - - - - - - - - - - - - - - - - - - - - - - - - - - - - - - - -
* Checking availability for : wbk004[ID:286], Ordered Qty : 1

-----------------------------------------------------------------------------
ASSIGNED TO : 
-----------------------------------------------------------------------------
STOCK ASSIGNATION TO : []
-----------------------------------------------------------------------------


2017-04-17T03:41:35+00:00 DEBUG (7): 
-----------------------------------------------------------------------------
------------Start assignation process for order #145000033 ------------------
-----------------------------------------------------------------------------

Shipping method : freeshipping_freeshipping

Shipped to : VN,,700000


- - - - - - - - - - - - - - - - - - - - - - - - - - - - - - - - - - - - - - -
* Checking availability for : msj012[ID:243], Ordered Qty : 1

-----------------------------------------------------------------------------
ASSIGNED TO : 
-----------------------------------------------------------------------------
STOCK ASSIGNATION TO : []
-----------------------------------------------------------------------------


2017-04-17T03:47:20+00:00 DEBUG (7): 
-----------------------------------------------------------------------------
------------Start assignation process for order #145000034 ------------------
-----------------------------------------------------------------------------

Shipping method : freeshipping_freeshipping

Shipped to : VN,,700000


- - - - - - - - - - - - - - - - - - - - - - - - - - - - - - - - - - - - - - -
* Checking availability for : wsd013[ID:310], Ordered Qty : 1

-----------------------------------------------------------------------------
ASSIGNED TO : 
-----------------------------------------------------------------------------
STOCK ASSIGNATION TO : []
-----------------------------------------------------------------------------


2017-04-17T09:32:05+00:00 DEBUG (7): 
-----------------------------------------------------------------------------
------------Start assignation process for order #145000035 ------------------
-----------------------------------------------------------------------------

Shipping method : freeshipping_freeshipping

Shipped to : VN,,700000


- - - - - - - - - - - - - - - - - - - - - - - - - - - - - - - - - - - - - - -
* Checking availability for : wsd013[ID:310], Ordered Qty : 1

-----------------------------------------------------------------------------
ASSIGNED TO : 
-----------------------------------------------------------------------------
STOCK ASSIGNATION TO : []
-----------------------------------------------------------------------------


2017-04-17T11:33:04+00:00 DEBUG (7): 
-----------------------------------------------------------------------------
------------Start assignation process for order #145000037 ------------------
-----------------------------------------------------------------------------

Shipping method : freeshipping_freeshipping

Shipped to : VN,,700000


- - - - - - - - - - - - - - - - - - - - - - - - - - - - - - - - - - - - - - -
* Checking availability for : wbk012[ID:294], Ordered Qty : 1

-----------------------------------------------------------------------------
ASSIGNED TO : 
-----------------------------------------------------------------------------
STOCK ASSIGNATION TO : []
-----------------------------------------------------------------------------


2017-04-17T12:11:09+00:00 DEBUG (7): 
-----------------------------------------------------------------------------
------------Start assignation process for order #145000040 ------------------
-----------------------------------------------------------------------------

Shipping method : freeshipping_freeshipping

Shipped to : VN,,700000


- - - - - - - - - - - - - - - - - - - - - - - - - - - - - - - - - - - - - - -
* Checking availability for : wbk014[ID:296], Ordered Qty : 1

-----------------------------------------------------------------------------
ASSIGNED TO : 
-----------------------------------------------------------------------------
STOCK ASSIGNATION TO : []
-----------------------------------------------------------------------------


2017-04-17T12:22:01+00:00 DEBUG (7): 
-----------------------------------------------------------------------------
------------Start assignation process for order #145000041 ------------------
-----------------------------------------------------------------------------

Shipping method : freeshipping_freeshipping

Shipped to : VN,,700000


- - - - - - - - - - - - - - - - - - - - - - - - - - - - - - - - - - - - - - -
* Checking availability for : wpd010[ID:325], Ordered Qty : 1

-----------------------------------------------------------------------------
ASSIGNED TO : 
-----------------------------------------------------------------------------
STOCK ASSIGNATION TO : []
-----------------------------------------------------------------------------


2017-04-17T12:48:14+00:00 DEBUG (7): 
-----------------------------------------------------------------------------
------------Start assignation process for order #145000042 ------------------
-----------------------------------------------------------------------------

Shipping method : flatrate_flatrate

Shipped to : VN,,700000


- - - - - - - - - - - - - - - - - - - - - - - - - - - - - - - - - - - - - - -
* Checking availability for : wbk009[ID:291], Ordered Qty : 1

-----------------------------------------------------------------------------
ASSIGNED TO : 
-----------------------------------------------------------------------------
STOCK ASSIGNATION TO : []
-----------------------------------------------------------------------------


2017-04-18T03:25:08+00:00 DEBUG (7): 
-----------------------------------------------------------------------------
------------Start assignation process for order #145000043 ------------------
-----------------------------------------------------------------------------

Shipping method : freeshipping_freeshipping

Shipped to : VN,,700000


- - - - - - - - - - - - - - - - - - - - - - - - - - - - - - - - - - - - - - -
* Checking availability for : wbk012[ID:294], Ordered Qty : 1

-----------------------------------------------------------------------------
ASSIGNED TO : 
-----------------------------------------------------------------------------
STOCK ASSIGNATION TO : []
-----------------------------------------------------------------------------


