2017-04-12T11:05:07+00:00 ERR (3): Notice: Object of class Magegiant_GiantPoints_Model_Customer could not be converted to int  in /var/www/html/magento/app/design/frontend/base/default/template/magegiant/giantpoints/checkout/onepage/payment/spending.phtml on line 37
2017-04-12T11:05:57+00:00 ERR (3): Notice: Object of class Magegiant_GiantPoints_Model_Customer could not be converted to int  in /var/www/html/magento/app/design/frontend/base/default/template/magegiant/giantpoints/checkout/onepage/payment/spending.phtml on line 37
2017-04-12T11:06:23+00:00 ERR (3): Notice: Object of class Magegiant_GiantPoints_Model_Customer could not be converted to int  in /var/www/html/magento/app/design/frontend/base/default/template/magegiant/giantpoints/checkout/onepage/payment/spending.phtml on line 37
2017-04-12T11:08:21+00:00 ERR (3): Notice: Object of class Magegiant_GiantPoints_Model_Customer could not be converted to int  in /var/www/html/magento/app/design/frontend/base/default/template/magegiant/giantpoints/checkout/onepage/payment/spending.phtml on line 37
2017-04-12T11:09:22+00:00 ERR (3): Notice: Object of class Magegiant_GiantPoints_Model_Customer could not be converted to int  in /var/www/html/magento/app/design/frontend/base/default/template/magegiant/giantpoints/checkout/onepage/payment/spending.phtml on line 37
2017-04-12T11:13:46+00:00 ERR (3): Notice: Object of class Magegiant_GiantPoints_Model_Customer could not be converted to int  in /var/www/html/magento/app/design/frontend/base/default/template/magegiant/giantpoints/checkout/onepage/payment/spending.phtml on line 37
2017-04-12T11:18:38+00:00 ERR (3): Notice: Object of class Magegiant_GiantPoints_Model_Customer could not be converted to int  in /var/www/html/magento/app/design/frontend/base/default/template/magegiant/giantpoints/checkout/onepage/payment/spending.phtml on line 37
2017-04-12T11:21:09+00:00 ERR (3): Notice: Object of class Magegiant_GiantPoints_Model_Customer could not be converted to int  in /var/www/html/magento/app/design/frontend/base/default/template/magegiant/giantpoints/checkout/onepage/payment/spending.phtml on line 37
2017-04-12T11:24:48+00:00 ERR (3): Notice: Object of class Magegiant_GiantPoints_Model_Customer could not be converted to int  in /var/www/html/magento/app/design/frontend/base/default/template/magegiant/giantpoints/checkout/onepage/payment/spending.phtml on line 37
2017-04-12T11:25:59+00:00 ERR (3): Notice: Object of class Magegiant_GiantPoints_Model_Customer could not be converted to int  in /var/www/html/magento/app/design/frontend/base/default/template/magegiant/giantpoints/checkout/onepage/payment/spending.phtml on line 37
2017-04-12T11:26:39+00:00 ERR (3): Warning: include(Mage/Salerule/Model/Rule.php): failed to open stream: No such file or directory  in /var/www/html/magento/lib/Varien/Autoload.php on line 94
2017-04-12T11:26:39+00:00 ERR (3): Warning: include(): Failed opening 'Mage/Salerule/Model/Rule.php' for inclusion (include_path='/var/www/html/magento/app/code/local:/var/www/html/magento/app/code/community:/var/www/html/magento/app/code/core:/var/www/html/magento/lib:.:/usr/share/php')  in /var/www/html/magento/lib/Varien/Autoload.php on line 94
2017-04-12T11:27:27+00:00 ERR (3): Notice: Object of class Magegiant_GiantPoints_Model_Customer could not be converted to int  in /var/www/html/magento/app/design/frontend/base/default/template/magegiant/giantpoints/checkout/onepage/payment/spending.phtml on line 37
2017-04-12T12:38:46+00:00 ERR (3): Notice: Object of class Magegiant_GiantPoints_Model_Customer could not be converted to int  in /var/www/html/magento/app/design/frontend/base/default/template/magegiant/giantpoints/checkout/onepage/payment/spending.phtml on line 39
2017-04-12T12:38:46+00:00 ERR (3): Notice: Undefined variable: ruleID  in /var/www/html/magento/app/code/local/Magegiant/GiantPoints/Block/Checkout/Onepage/Payment/Spending.php on line 197
2017-04-12T12:38:46+00:00 ERR (3): Notice: Undefined variable: ruleID  in /var/www/html/magento/app/code/local/Magegiant/GiantPoints/Block/Checkout/Onepage/Payment/Spending.php on line 208
2017-04-12T12:38:46+00:00 ERR (3): Notice: Undefined variable: ruleResoureM  in /var/www/html/magento/app/code/local/Magegiant/GiantPoints/Block/Checkout/Onepage/Payment/Spending.php on line 218
2017-04-12T12:40:03+00:00 ERR (3): Notice: Object of class Magegiant_GiantPoints_Model_Customer could not be converted to int  in /var/www/html/magento/app/design/frontend/base/default/template/magegiant/giantpoints/checkout/onepage/payment/spending.phtml on line 39
2017-04-12T12:41:08+00:00 ERR (3): Notice: Object of class Magegiant_GiantPoints_Model_Customer could not be converted to int  in /var/www/html/magento/app/design/frontend/base/default/template/magegiant/giantpoints/checkout/onepage/payment/spending.phtml on line 39
2017-04-12T12:41:08+00:00 ERR (3): Notice: Undefined variable: ruleResoureM  in /var/www/html/magento/app/code/local/Magegiant/GiantPoints/Block/Checkout/Onepage/Payment/Spending.php on line 218
2017-04-12T12:45:20+00:00 ERR (3): Notice: Object of class Magegiant_GiantPoints_Model_Customer could not be converted to int  in /var/www/html/magento/app/design/frontend/base/default/template/magegiant/giantpoints/checkout/onepage/payment/spending.phtml on line 39
2017-04-12T12:45:20+00:00 ERR (3): Notice: Undefined variable: ruleResoureM  in /var/www/html/magento/app/code/local/Magegiant/GiantPoints/Block/Checkout/Onepage/Payment/Spending.php on line 218
2017-04-12T12:46:30+00:00 ERR (3): Notice: Object of class Magegiant_GiantPoints_Model_Customer could not be converted to int  in /var/www/html/magento/app/design/frontend/base/default/template/magegiant/giantpoints/checkout/onepage/payment/spending.phtml on line 39
2017-04-12T12:46:30+00:00 ERR (3): Notice: Undefined variable: ruleResoureM  in /var/www/html/magento/app/code/local/Magegiant/GiantPoints/Block/Checkout/Onepage/Payment/Spending.php on line 218
2017-04-12T12:47:09+00:00 ERR (3): Notice: Object of class Magegiant_GiantPoints_Model_Customer could not be converted to int  in /var/www/html/magento/app/design/frontend/base/default/template/magegiant/giantpoints/checkout/onepage/payment/spending.phtml on line 39
2017-04-12T12:47:09+00:00 ERR (3): Notice: Undefined variable: ruleResoureM  in /var/www/html/magento/app/code/local/Magegiant/GiantPoints/Block/Checkout/Onepage/Payment/Spending.php on line 218
2017-04-12T12:48:32+00:00 ERR (3): Notice: Object of class Magegiant_GiantPoints_Model_Customer could not be converted to int  in /var/www/html/magento/app/design/frontend/base/default/template/magegiant/giantpoints/checkout/onepage/payment/spending.phtml on line 39
2017-04-12T12:48:48+00:00 ERR (3): Notice: Object of class Magegiant_GiantPoints_Model_Customer could not be converted to int  in /var/www/html/magento/app/design/frontend/base/default/template/magegiant/giantpoints/checkout/onepage/payment/spending.phtml on line 39
2017-04-12T12:48:48+00:00 ERR (3): Notice: Undefined variable: ruleResoureM  in /var/www/html/magento/app/code/local/Magegiant/GiantPoints/Block/Checkout/Onepage/Payment/Spending.php on line 218
2017-04-12T12:51:20+00:00 ERR (3): Notice: Object of class Magegiant_GiantPoints_Model_Customer could not be converted to int  in /var/www/html/magento/app/design/frontend/base/default/template/magegiant/giantpoints/checkout/onepage/payment/spending.phtml on line 39
2017-04-12T12:53:13+00:00 ERR (3): Notice: Object of class Magegiant_GiantPoints_Model_Customer could not be converted to int  in /var/www/html/magento/app/design/frontend/base/default/template/magegiant/giantpoints/checkout/onepage/payment/spending.phtml on line 39
2017-04-12T12:53:40+00:00 ERR (3): Notice: Object of class Magegiant_GiantPoints_Model_Customer could not be converted to int  in /var/www/html/magento/app/design/frontend/base/default/template/magegiant/giantpoints/checkout/onepage/payment/spending.phtml on line 39
2017-04-12T12:55:05+00:00 ERR (3): Notice: Object of class Magegiant_GiantPoints_Model_Customer could not be converted to int  in /var/www/html/magento/app/design/frontend/base/default/template/magegiant/giantpoints/checkout/onepage/payment/spending.phtml on line 39
2017-04-12T12:55:20+00:00 ERR (3): Notice: Object of class Magegiant_GiantPoints_Model_Customer could not be converted to int  in /var/www/html/magento/app/design/frontend/base/default/template/magegiant/giantpoints/checkout/onepage/payment/spending.phtml on line 39
2017-04-12T13:10:07+00:00 ERR (3): Notice: Object of class Magegiant_GiantPoints_Model_Customer could not be converted to int  in /var/www/html/magento/app/design/frontend/base/default/template/magegiant/giantpoints/checkout/onepage/payment/spending.phtml on line 39
2017-04-12T13:10:19+00:00 ERR (3): Notice: Object of class Magegiant_GiantPoints_Model_Customer could not be converted to int  in /var/www/html/magento/app/design/frontend/base/default/template/magegiant/giantpoints/checkout/onepage/payment/spending.phtml on line 39
2017-04-12T13:10:41+00:00 ERR (3): Notice: Object of class Magegiant_GiantPoints_Model_Customer could not be converted to int  in /var/www/html/magento/app/design/frontend/base/default/template/magegiant/giantpoints/checkout/onepage/payment/spending.phtml on line 39
2017-04-12T13:11:04+00:00 ERR (3): Notice: Object of class Magegiant_GiantPoints_Model_Customer could not be converted to int  in /var/www/html/magento/app/design/frontend/base/default/template/magegiant/giantpoints/checkout/onepage/payment/spending.phtml on line 39
2017-04-12T13:12:09+00:00 ERR (3): Notice: Object of class Magegiant_GiantPoints_Model_Customer could not be converted to int  in /var/www/html/magento/app/design/frontend/base/default/template/magegiant/giantpoints/checkout/onepage/payment/spending.phtml on line 39
2017-04-12T13:16:01+00:00 ERR (3): Notice: Object of class Magegiant_GiantPoints_Model_Customer could not be converted to int  in /var/www/html/magento/app/design/frontend/base/default/template/magegiant/giantpoints/checkout/onepage/payment/spending.phtml on line 39
2017-04-12T13:17:27+00:00 ERR (3): Notice: Object of class Magegiant_GiantPoints_Model_Customer could not be converted to int  in /var/www/html/magento/app/design/frontend/base/default/template/magegiant/giantpoints/checkout/onepage/payment/spending.phtml on line 39
2017-04-12T13:17:44+00:00 ERR (3): Notice: Object of class Magegiant_GiantPoints_Model_Customer could not be converted to int  in /var/www/html/magento/app/design/frontend/base/default/template/magegiant/giantpoints/checkout/onepage/payment/spending.phtml on line 39
2017-04-12T16:32:12+00:00 ERR (3): Notice: Object of class Magegiant_GiantPoints_Model_Customer could not be converted to int  in /var/www/html/magento/app/design/frontend/base/default/template/magegiant/giantpoints/checkout/onepage/payment/spending.phtml on line 39
2017-04-12T16:48:06+00:00 ERR (3): Notice: Object of class Magegiant_GiantPoints_Model_Customer could not be converted to int  in /var/www/html/magento/app/design/frontend/base/default/template/magegiant/giantpoints/checkout/onepage/payment/spending.phtml on line 39
2017-04-12T16:48:48+00:00 ERR (3): Notice: Object of class Magegiant_GiantPoints_Model_Customer could not be converted to int  in /var/www/html/magento/app/design/frontend/base/default/template/magegiant/giantpoints/checkout/onepage/payment/spending.phtml on line 39
2017-04-12T16:49:40+00:00 ERR (3): Notice: Object of class Magegiant_GiantPoints_Model_Customer could not be converted to int  in /var/www/html/magento/app/design/frontend/base/default/template/magegiant/giantpoints/checkout/onepage/payment/spending.phtml on line 39
2017-04-12T16:50:56+00:00 ERR (3): Notice: Object of class Magegiant_GiantPoints_Model_Customer could not be converted to int  in /var/www/html/magento/app/design/frontend/base/default/template/magegiant/giantpoints/checkout/onepage/payment/spending.phtml on line 39
2017-04-12T16:51:33+00:00 ERR (3): Notice: Object of class Magegiant_GiantPoints_Model_Customer could not be converted to int  in /var/www/html/magento/app/design/frontend/base/default/template/magegiant/giantpoints/checkout/onepage/payment/spending.phtml on line 39
2017-04-12T17:25:39+00:00 ERR (3): Notice: Object of class Magegiant_GiantPoints_Model_Customer could not be converted to int  in /var/www/html/magento/app/design/frontend/base/default/template/magegiant/giantpoints/checkout/onepage/payment/spending.phtml on line 39
2017-04-12T17:25:47+00:00 ERR (3): Notice: Object of class Magegiant_GiantPoints_Model_Customer could not be converted to int  in /var/www/html/magento/app/design/frontend/base/default/template/magegiant/giantpoints/checkout/onepage/payment/spending.phtml on line 39
2017-04-12T17:29:18+00:00 ERR (3): Notice: Object of class Magegiant_GiantPoints_Model_Customer could not be converted to int  in /var/www/html/magento/app/design/frontend/base/default/template/magegiant/giantpoints/checkout/onepage/payment/spending.phtml on line 39
2017-04-12T17:32:12+00:00 ERR (3): Notice: Object of class Magegiant_GiantPoints_Model_Customer could not be converted to int  in /var/www/html/magento/app/design/frontend/base/default/template/magegiant/giantpoints/checkout/onepage/payment/spending.phtml on line 39
2017-04-12T17:33:34+00:00 ERR (3): Notice: Object of class Magegiant_GiantPoints_Model_Customer could not be converted to int  in /var/www/html/magento/app/design/frontend/base/default/template/magegiant/giantpoints/checkout/onepage/payment/spending.phtml on line 39
2017-04-12T17:35:48+00:00 ERR (3): Notice: Object of class Magegiant_GiantPoints_Model_Customer could not be converted to int  in /var/www/html/magento/app/design/frontend/base/default/template/magegiant/giantpoints/checkout/onepage/payment/spending.phtml on line 39
2017-04-12T17:38:39+00:00 ERR (3): Notice: Object of class Magegiant_GiantPoints_Model_Customer could not be converted to int  in /var/www/html/magento/app/design/frontend/base/default/template/magegiant/giantpoints/checkout/onepage/payment/spending.phtml on line 39
2017-04-13T02:22:27+00:00 ERR (3): Notice: Object of class Magegiant_GiantPoints_Model_Customer could not be converted to int  in /var/www/html/magento/app/design/frontend/base/default/template/magegiant/giantpoints/checkout/onepage/payment/spending.phtml on line 39
2017-04-13T02:28:58+00:00 ERR (3): Notice: Object of class Magegiant_GiantPoints_Model_Customer could not be converted to int  in /var/www/html/magento/app/design/frontend/base/default/template/magegiant/giantpoints/checkout/onepage/payment/spending.phtml on line 39
2017-04-13T02:33:10+00:00 ERR (3): Notice: Object of class Magegiant_GiantPoints_Model_Customer could not be converted to int  in /var/www/html/magento/app/design/frontend/base/default/template/magegiant/giantpoints/checkout/onepage/payment/spending.phtml on line 39
2017-04-13T02:40:26+00:00 ERR (3): Notice: Object of class Magegiant_GiantPoints_Model_Customer could not be converted to int  in /var/www/html/magento/app/design/frontend/base/default/template/magegiant/giantpoints/checkout/onepage/payment/spending.phtml on line 39
2017-04-13T02:44:14+00:00 ERR (3): Notice: Object of class Magegiant_GiantPoints_Model_Customer could not be converted to int  in /var/www/html/magento/app/design/frontend/base/default/template/magegiant/giantpoints/checkout/onepage/payment/spending.phtml on line 39
2017-04-13T03:05:13+00:00 ERR (3): Notice: Object of class Magegiant_GiantPoints_Model_Customer could not be converted to int  in /var/www/html/magento/app/design/frontend/base/default/template/magegiant/giantpoints/checkout/onepage/payment/spending.phtml on line 39
2017-04-13T03:14:02+00:00 ERR (3): Notice: Object of class Magegiant_GiantPoints_Model_Customer could not be converted to int  in /var/www/html/magento/app/design/frontend/base/default/template/magegiant/giantpoints/checkout/onepage/payment/spending.phtml on line 39
2017-04-13T03:17:51+00:00 ERR (3): Warning: Division by zero  in /var/www/html/magento/app/code/local/Magegiant/GiantPoints/Model/Calculation/Earning.php on line 122
2017-04-13T03:17:55+00:00 ERR (3): Warning: Division by zero  in /var/www/html/magento/app/code/local/Magegiant/GiantPoints/Model/Calculation/Earning.php on line 122
2017-04-13T03:19:07+00:00 ERR (3): Warning: Division by zero  in /var/www/html/magento/app/code/local/Magegiant/GiantPoints/Model/Calculation/Earning.php on line 122
2017-04-13T03:19:19+00:00 ERR (3): Warning: Division by zero  in /var/www/html/magento/app/code/local/Magegiant/GiantPoints/Model/Calculation/Earning.php on line 122
2017-04-13T03:19:51+00:00 ERR (3): Warning: Division by zero  in /var/www/html/magento/app/code/local/Magegiant/GiantPoints/Model/Calculation/Earning.php on line 122
2017-04-13T03:20:15+00:00 ERR (3): Warning: Division by zero  in /var/www/html/magento/app/code/local/Magegiant/GiantPoints/Model/Calculation/Earning.php on line 122
2017-04-13T03:22:07+00:00 ERR (3): Warning: Division by zero  in /var/www/html/magento/app/code/local/Magegiant/GiantPoints/Model/Calculation/Earning.php on line 122
2017-04-13T03:22:12+00:00 ERR (3): Warning: Division by zero  in /var/www/html/magento/app/code/local/Magegiant/GiantPoints/Model/Calculation/Earning.php on line 122
2017-04-13T03:22:57+00:00 ERR (3): Warning: Division by zero  in /var/www/html/magento/app/code/local/Magegiant/GiantPoints/Model/Calculation/Earning.php on line 122
2017-04-13T03:23:38+00:00 ERR (3): Warning: Division by zero  in /var/www/html/magento/app/code/local/Magegiant/GiantPoints/Model/Calculation/Earning.php on line 122
2017-04-13T03:23:43+00:00 ERR (3): Warning: Division by zero  in /var/www/html/magento/app/code/local/Magegiant/GiantPoints/Model/Calculation/Earning.php on line 122
2017-04-13T03:27:12+00:00 ERR (3): Notice: Object of class Magegiant_GiantPoints_Model_Customer could not be converted to int  in /var/www/html/magento/app/design/frontend/base/default/template/magegiant/giantpoints/checkout/onepage/payment/spending.phtml on line 39
2017-04-13T03:32:41+00:00 ERR (3): Notice: Object of class Magegiant_GiantPoints_Model_Customer could not be converted to int  in /var/www/html/magento/app/design/frontend/base/default/template/magegiant/giantpoints/checkout/onepage/payment/spending.phtml on line 39
2017-04-13T03:37:23+00:00 ERR (3): Notice: Object of class Magegiant_GiantPoints_Model_Customer could not be converted to int  in /var/www/html/magento/app/design/frontend/base/default/template/magegiant/giantpoints/checkout/onepage/payment/spending.phtml on line 39
2017-04-13T04:08:54+00:00 ERR (3): Notice: Object of class Magegiant_GiantPoints_Model_Customer could not be converted to int  in /var/www/html/magento/app/design/frontend/base/default/template/magegiant/giantpoints/checkout/onepage/payment/spending.phtml on line 39
2017-04-13T04:10:46+00:00 ERR (3): Notice: Object of class Magegiant_GiantPoints_Model_Customer could not be converted to int  in /var/www/html/magento/app/design/frontend/base/default/template/magegiant/giantpoints/checkout/onepage/payment/spending.phtml on line 39
2017-04-13T04:11:21+00:00 ERR (3): Notice: Object of class Magegiant_GiantPoints_Model_Customer could not be converted to int  in /var/www/html/magento/app/design/frontend/base/default/template/magegiant/giantpoints/checkout/onepage/payment/spending.phtml on line 39
2017-04-13T04:11:54+00:00 ERR (3): Notice: Object of class Magegiant_GiantPoints_Model_Customer could not be converted to int  in /var/www/html/magento/app/design/frontend/base/default/template/magegiant/giantpoints/checkout/onepage/payment/spending.phtml on line 39
2017-04-13T04:12:49+00:00 ERR (3): Notice: Object of class Magegiant_GiantPoints_Model_Customer could not be converted to int  in /var/www/html/magento/app/design/frontend/base/default/template/magegiant/giantpoints/checkout/onepage/payment/spending.phtml on line 39
2017-04-13T04:15:34+00:00 ERR (3): Notice: Object of class Magegiant_GiantPoints_Model_Customer could not be converted to int  in /var/www/html/magento/app/design/frontend/base/default/template/magegiant/giantpoints/checkout/onepage/payment/spending.phtml on line 39
2017-04-13T04:19:17+00:00 ERR (3): Notice: Object of class Magegiant_GiantPoints_Model_Customer could not be converted to int  in /var/www/html/magento/app/design/frontend/base/default/template/magegiant/giantpoints/checkout/onepage/payment/spending.phtml on line 39
2017-04-13T04:20:32+00:00 ERR (3): Notice: Object of class Magegiant_GiantPoints_Model_Customer could not be converted to int  in /var/www/html/magento/app/design/frontend/base/default/template/magegiant/giantpoints/checkout/onepage/payment/spending.phtml on line 39
2017-04-13T04:20:39+00:00 ERR (3): Notice: Object of class Magegiant_GiantPoints_Model_Customer could not be converted to int  in /var/www/html/magento/app/design/frontend/base/default/template/magegiant/giantpoints/checkout/onepage/payment/spending.phtml on line 39
2017-04-13T04:21:28+00:00 ERR (3): Notice: Object of class Magegiant_GiantPoints_Model_Customer could not be converted to int  in /var/www/html/magento/app/design/frontend/base/default/template/magegiant/giantpoints/checkout/onepage/payment/spending.phtml on line 39
2017-04-13T04:22:59+00:00 ERR (3): Notice: Object of class Magegiant_GiantPoints_Model_Customer could not be converted to int  in /var/www/html/magento/app/design/frontend/base/default/template/magegiant/giantpoints/checkout/onepage/payment/spending.phtml on line 39
2017-04-13T04:26:48+00:00 ERR (3): Notice: Object of class Magegiant_GiantPoints_Model_Customer could not be converted to int  in /var/www/html/magento/app/design/frontend/base/default/template/magegiant/giantpoints/checkout/onepage/payment/spending.phtml on line 39
2017-04-13T04:46:33+00:00 ERR (3): Notice: Object of class Magegiant_GiantPoints_Model_Customer could not be converted to int  in /var/www/html/magento/app/design/frontend/base/default/template/magegiant/giantpoints/checkout/onepage/payment/spending.phtml on line 40
2017-04-13T04:51:58+00:00 ERR (3): Notice: Object of class Magegiant_GiantPoints_Model_Customer could not be converted to int  in /var/www/html/magento/app/design/frontend/base/default/template/magegiant/giantpoints/checkout/onepage/payment/spending.phtml on line 40
2017-04-13T04:53:17+00:00 ERR (3): Notice: Object of class Magegiant_GiantPoints_Model_Customer could not be converted to int  in /var/www/html/magento/app/design/frontend/base/default/template/magegiant/giantpoints/checkout/onepage/payment/spending.phtml on line 40
2017-04-13T04:54:36+00:00 ERR (3): Notice: Object of class Magegiant_GiantPoints_Model_Customer could not be converted to int  in /var/www/html/magento/app/design/frontend/base/default/template/magegiant/giantpoints/checkout/onepage/payment/spending.phtml on line 40
2017-04-13T04:55:26+00:00 ERR (3): Notice: Object of class Magegiant_GiantPoints_Model_Customer could not be converted to int  in /var/www/html/magento/app/design/frontend/base/default/template/magegiant/giantpoints/checkout/onepage/payment/spending.phtml on line 40
2017-04-13T04:56:29+00:00 ERR (3): Notice: Object of class Magegiant_GiantPoints_Model_Customer could not be converted to int  in /var/www/html/magento/app/design/frontend/base/default/template/magegiant/giantpoints/checkout/onepage/payment/spending.phtml on line 40
2017-04-13T04:57:22+00:00 ERR (3): Notice: Object of class Magegiant_GiantPoints_Model_Customer could not be converted to int  in /var/www/html/magento/app/design/frontend/base/default/template/magegiant/giantpoints/checkout/onepage/payment/spending.phtml on line 40
2017-04-13T04:59:46+00:00 ERR (3): Notice: Object of class Magegiant_GiantPoints_Model_Customer could not be converted to int  in /var/www/html/magento/app/design/frontend/base/default/template/magegiant/giantpoints/checkout/onepage/payment/spending.phtml on line 40
2017-04-13T05:04:07+00:00 ERR (3): Notice: Object of class Magegiant_GiantPoints_Model_Customer could not be converted to int  in /var/www/html/magento/app/design/frontend/base/default/template/magegiant/giantpoints/checkout/onepage/payment/spending.phtml on line 40
2017-04-13T05:04:56+00:00 ERR (3): Notice: Object of class Magegiant_GiantPoints_Model_Customer could not be converted to int  in /var/www/html/magento/app/design/frontend/base/default/template/magegiant/giantpoints/checkout/onepage/payment/spending.phtml on line 40
2017-04-13T05:33:04+00:00 ERR (3): Notice: Object of class Magegiant_GiantPoints_Model_Customer could not be converted to int  in /var/www/html/magento/app/design/frontend/base/default/template/magegiant/giantpoints/checkout/onepage/payment/spending.phtml on line 40
2017-04-13T05:38:29+00:00 ERR (3): Notice: Object of class Magegiant_GiantPoints_Model_Customer could not be converted to int  in /var/www/html/magento/app/design/frontend/base/default/template/magegiant/giantpoints/checkout/onepage/payment/spending.phtml on line 40
2017-04-13T05:39:08+00:00 ERR (3): Notice: Object of class Magegiant_GiantPoints_Model_Customer could not be converted to int  in /var/www/html/magento/app/design/frontend/base/default/template/magegiant/giantpoints/checkout/onepage/payment/spending.phtml on line 40
2017-04-13T05:39:45+00:00 ERR (3): Notice: Object of class Magegiant_GiantPoints_Model_Customer could not be converted to int  in /var/www/html/magento/app/design/frontend/base/default/template/magegiant/giantpoints/checkout/onepage/payment/spending.phtml on line 40
2017-04-13T05:41:25+00:00 ERR (3): Notice: Object of class Magegiant_GiantPoints_Model_Customer could not be converted to int  in /var/www/html/magento/app/design/frontend/base/default/template/magegiant/giantpoints/checkout/onepage/payment/spending.phtml on line 40
2017-04-13T05:43:14+00:00 ERR (3): Notice: Object of class Magegiant_GiantPoints_Model_Customer could not be converted to int  in /var/www/html/magento/app/design/frontend/base/default/template/magegiant/giantpoints/checkout/onepage/payment/spending.phtml on line 40
2017-04-13T05:43:14+00:00 ERR (3): Notice: Undefined variable: prod  in /var/www/html/magento/app/design/frontend/base/default/template/magegiant/giantpoints/checkout/onepage/payment/spending.phtml on line 57
2017-04-13T05:43:14+00:00 ERR (3): Notice: Undefined variable: prod  in /var/www/html/magento/app/design/frontend/base/default/template/magegiant/giantpoints/checkout/onepage/payment/spending.phtml on line 57
2017-04-13T05:43:58+00:00 ERR (3): Notice: Object of class Magegiant_GiantPoints_Model_Customer could not be converted to int  in /var/www/html/magento/app/design/frontend/base/default/template/magegiant/giantpoints/checkout/onepage/payment/spending.phtml on line 40
2017-04-13T06:37:36+00:00 ERR (3): Notice: Object of class Magegiant_GiantPoints_Model_Customer could not be converted to int  in /var/www/html/magento/app/design/frontend/base/default/template/magegiant/giantpoints/checkout/onepage/payment/spending.phtml on line 41
2017-04-13T06:37:36+00:00 ERR (3): Notice: Undefined variable: cartAdd  in /var/www/html/magento/app/design/frontend/base/default/template/magegiant/giantpoints/checkout/onepage/payment/spending.phtml on line 57
2017-04-13T06:41:36+00:00 ERR (3): Notice: Object of class Magegiant_GiantPoints_Model_Customer could not be converted to int  in /var/www/html/magento/app/design/frontend/base/default/template/magegiant/giantpoints/checkout/onepage/payment/spending.phtml on line 41
2017-04-13T06:45:17+00:00 ERR (3): Notice: Object of class Magegiant_GiantPoints_Model_Customer could not be converted to int  in /var/www/html/magento/app/design/frontend/base/default/template/magegiant/giantpoints/checkout/onepage/payment/spending.phtml on line 32
2017-04-13T06:51:56+00:00 ERR (3): Notice: Object of class Magegiant_GiantPoints_Model_Customer could not be converted to int  in /var/www/html/magento/app/design/frontend/base/default/template/magegiant/giantpoints/checkout/onepage/payment/spending.phtml on line 41
2017-04-13T06:53:55+00:00 ERR (3): Notice: Object of class Magegiant_GiantPoints_Model_Customer could not be converted to int  in /var/www/html/magento/app/design/frontend/base/default/template/magegiant/giantpoints/checkout/onepage/payment/spending.phtml on line 41
2017-04-13T07:03:21+00:00 ERR (3): Notice: Object of class Magegiant_GiantPoints_Model_Customer could not be converted to int  in /var/www/html/magento/app/design/frontend/base/default/template/magegiant/giantpoints/checkout/onepage/payment/spending.phtml on line 41
2017-04-13T07:15:35+00:00 ERR (3): Notice: Object of class Magegiant_GiantPoints_Model_Customer could not be converted to int  in /var/www/html/magento/app/design/frontend/base/default/template/magegiant/giantpoints/checkout/onepage/payment/spending.phtml on line 42
2017-04-13T07:16:21+00:00 ERR (3): Notice: Object of class Magegiant_GiantPoints_Model_Customer could not be converted to int  in /var/www/html/magento/app/design/frontend/base/default/template/magegiant/giantpoints/checkout/onepage/payment/spending.phtml on line 42
2017-04-13T07:17:39+00:00 ERR (3): Notice: Object of class Magegiant_GiantPoints_Model_Customer could not be converted to int  in /var/www/html/magento/app/design/frontend/base/default/template/magegiant/giantpoints/checkout/onepage/payment/spending.phtml on line 42
2017-04-13T07:18:41+00:00 ERR (3): Notice: Object of class Magegiant_GiantPoints_Model_Customer could not be converted to int  in /var/www/html/magento/app/design/frontend/base/default/template/magegiant/giantpoints/checkout/onepage/payment/spending.phtml on line 42
2017-04-13T07:19:01+00:00 ERR (3): Notice: Object of class Magegiant_GiantPoints_Model_Customer could not be converted to int  in /var/www/html/magento/app/design/frontend/base/default/template/magegiant/giantpoints/checkout/onepage/payment/spending.phtml on line 42
2017-04-13T07:25:08+00:00 ERR (3): Notice: Object of class Magegiant_GiantPoints_Model_Customer could not be converted to int  in /var/www/html/magento/app/design/frontend/base/default/template/magegiant/giantpoints/checkout/onepage/payment/spending.phtml on line 42
2017-04-13T07:28:55+00:00 ERR (3): Notice: Object of class Magegiant_GiantPoints_Model_Customer could not be converted to int  in /var/www/html/magento/app/design/frontend/base/default/template/magegiant/giantpoints/checkout/onepage/payment/spending.phtml on line 42
2017-04-13T07:35:45+00:00 ERR (3): Notice: Object of class Magegiant_GiantPoints_Model_Customer could not be converted to int  in /var/www/html/magento/app/design/frontend/base/default/template/magegiant/giantpoints/checkout/onepage/payment/spending.phtml on line 42
2017-04-13T07:37:48+00:00 ERR (3): Notice: Object of class Magegiant_GiantPoints_Model_Customer could not be converted to int  in /var/www/html/magento/app/design/frontend/base/default/template/magegiant/giantpoints/checkout/onepage/payment/spending.phtml on line 42
2017-04-13T07:37:48+00:00 ERR (3): Notice: Undefined variable: e  in /var/www/html/magento/app/design/frontend/base/default/template/magegiant/giantpoints/checkout/onepage/payment/spending.phtml on line 64
2017-04-13T07:39:56+00:00 ERR (3): Notice: Object of class Magegiant_GiantPoints_Model_Customer could not be converted to int  in /var/www/html/magento/app/design/frontend/base/default/template/magegiant/giantpoints/checkout/onepage/payment/spending.phtml on line 42
2017-04-13T07:39:56+00:00 ERR (3): Notice: Undefined variable: e  in /var/www/html/magento/app/design/frontend/base/default/template/magegiant/giantpoints/checkout/onepage/payment/spending.phtml on line 64
2017-04-13T07:43:07+00:00 ERR (3): Notice: Object of class Magegiant_GiantPoints_Model_Customer could not be converted to int  in /var/www/html/magento/app/design/frontend/base/default/template/magegiant/giantpoints/checkout/onepage/payment/spending.phtml on line 42
2017-04-13T07:45:13+00:00 ERR (3): Notice: Object of class Magegiant_GiantPoints_Model_Customer could not be converted to int  in /var/www/html/magento/app/design/frontend/base/default/template/magegiant/giantpoints/checkout/onepage/payment/spending.phtml on line 42
2017-04-13T07:46:52+00:00 ERR (3): Notice: Object of class Magegiant_GiantPoints_Model_Customer could not be converted to int  in /var/www/html/magento/app/design/frontend/base/default/template/magegiant/giantpoints/checkout/onepage/payment/spending.phtml on line 46
2017-04-13T07:47:22+00:00 ERR (3): Notice: Object of class Magegiant_GiantPoints_Model_Customer could not be converted to int  in /var/www/html/magento/app/design/frontend/base/default/template/magegiant/giantpoints/checkout/onepage/payment/spending.phtml on line 46
2017-04-13T07:49:14+00:00 ERR (3): Notice: Object of class Magegiant_GiantPoints_Model_Customer could not be converted to int  in /var/www/html/magento/app/design/frontend/base/default/template/magegiant/giantpoints/checkout/onepage/payment/spending.phtml on line 46
2017-04-13T07:52:25+00:00 ERR (3): Notice: Object of class Magegiant_GiantPoints_Model_Customer could not be converted to int  in /var/www/html/magento/app/design/frontend/base/default/template/magegiant/giantpoints/checkout/onepage/payment/spending.phtml on line 46
2017-04-13T07:53:33+00:00 ERR (3): Notice: Object of class Magegiant_GiantPoints_Model_Customer could not be converted to int  in /var/www/html/magento/app/design/frontend/base/default/template/magegiant/giantpoints/checkout/onepage/payment/spending.phtml on line 47
2017-04-13T07:55:37+00:00 ERR (3): Notice: Object of class Magegiant_GiantPoints_Model_Customer could not be converted to int  in /var/www/html/magento/app/design/frontend/base/default/template/magegiant/giantpoints/checkout/onepage/payment/spending.phtml on line 46
2017-04-13T07:56:29+00:00 ERR (3): Notice: Object of class Magegiant_GiantPoints_Model_Customer could not be converted to int  in /var/www/html/magento/app/design/frontend/base/default/template/magegiant/giantpoints/checkout/onepage/payment/spending.phtml on line 46
2017-04-13T07:56:56+00:00 ERR (3): Notice: Object of class Magegiant_GiantPoints_Model_Customer could not be converted to int  in /var/www/html/magento/app/design/frontend/base/default/template/magegiant/giantpoints/checkout/onepage/payment/spending.phtml on line 46
2017-04-13T07:58:51+00:00 ERR (3): Notice: Object of class Magegiant_GiantPoints_Model_Customer could not be converted to int  in /var/www/html/magento/app/design/frontend/base/default/template/magegiant/giantpoints/checkout/onepage/payment/spending.phtml on line 46
2017-04-13T07:59:54+00:00 ERR (3): Notice: Object of class Magegiant_GiantPoints_Model_Customer could not be converted to int  in /var/www/html/magento/app/design/frontend/base/default/template/magegiant/giantpoints/checkout/onepage/payment/spending.phtml on line 46
2017-04-13T08:00:38+00:00 ERR (3): Notice: Object of class Magegiant_GiantPoints_Model_Customer could not be converted to int  in /var/www/html/magento/app/design/frontend/base/default/template/magegiant/giantpoints/checkout/onepage/payment/spending.phtml on line 46
2017-04-13T08:01:27+00:00 ERR (3): Notice: Object of class Magegiant_GiantPoints_Model_Customer could not be converted to int  in /var/www/html/magento/app/design/frontend/base/default/template/magegiant/giantpoints/checkout/onepage/payment/spending.phtml on line 46
2017-04-13T08:05:19+00:00 ERR (3): Notice: Object of class Magegiant_GiantPoints_Model_Customer could not be converted to int  in /var/www/html/magento/app/design/frontend/base/default/template/magegiant/giantpoints/checkout/onepage/payment/spending.phtml on line 46
2017-04-13T08:05:53+00:00 ERR (3): Notice: Object of class Magegiant_GiantPoints_Model_Customer could not be converted to int  in /var/www/html/magento/app/design/frontend/base/default/template/magegiant/giantpoints/checkout/onepage/payment/spending.phtml on line 46
2017-04-13T08:10:49+00:00 ERR (3): Notice: Object of class Magegiant_GiantPoints_Model_Customer could not be converted to int  in /var/www/html/magento/app/design/frontend/base/default/template/magegiant/giantpoints/checkout/onepage/payment/spending.phtml on line 46
2017-04-13T08:18:26+00:00 ERR (3): Notice: Object of class Magegiant_GiantPoints_Model_Customer could not be converted to int  in /var/www/html/magento/app/design/frontend/base/default/template/magegiant/giantpoints/checkout/onepage/payment/spending.phtml on line 46
2017-04-13T08:57:59+00:00 ERR (3): Notice: Object of class Magegiant_GiantPoints_Model_Customer could not be converted to int  in /var/www/html/magento/app/design/frontend/base/default/template/magegiant/giantpoints/checkout/onepage/payment/spending.phtml on line 48
2017-04-13T09:07:20+00:00 ERR (3): Notice: Object of class Magegiant_GiantPoints_Model_Customer could not be converted to int  in /var/www/html/magento/app/design/frontend/base/default/template/magegiant/giantpoints/checkout/onepage/payment/spending.phtml on line 47
2017-04-13T09:08:16+00:00 ERR (3): Notice: Object of class Magegiant_GiantPoints_Model_Customer could not be converted to int  in /var/www/html/magento/app/design/frontend/base/default/template/magegiant/giantpoints/checkout/onepage/payment/spending.phtml on line 47
2017-04-13T09:20:19+00:00 ERR (3): Notice: Object of class Magegiant_GiantPoints_Model_Customer could not be converted to int  in /var/www/html/magento/app/design/frontend/base/default/template/magegiant/giantpoints/checkout/onepage/payment/spending.phtml on line 47
2017-04-13T10:32:35+00:00 ERR (3): Notice: Object of class Magegiant_GiantPoints_Model_Customer could not be converted to int  in /var/www/html/magento/app/design/frontend/base/default/template/magegiant/giantpoints/checkout/onepage/payment/spending.phtml on line 47
2017-04-13T11:10:17+00:00 ERR (3): Notice: Array to string conversion  in /var/www/html/magento/app/code/local/Argoworks/Freegift/Model/Observer.php on line 18
2017-04-14T04:01:52+00:00 ERR (3): Notice: Undefined variable: use_config_setting_for_backorders  in /var/www/html/magento/app/code/local/Wyomind/Advancedinventory/Model/Observer.php on line 532
2017-04-14T04:23:13+00:00 ERR (3): Notice: Undefined variable: use_config_setting_for_backorders  in /var/www/html/magento/app/code/local/Wyomind/Advancedinventory/Model/Observer.php on line 532
2017-04-14T04:40:01+00:00 ERR (3): Warning: include(1.php): failed to open stream: No such file or directory  in /var/www/html/magento/lib/Varien/Autoload.php on line 94
2017-04-14T04:40:01+00:00 ERR (3): Warning: include(): Failed opening '1.php' for inclusion (include_path='/var/www/html/magento/app/code/local:/var/www/html/magento/app/code/community:/var/www/html/magento/app/code/core:/var/www/html/magento/lib:.:/usr/share/php')  in /var/www/html/magento/lib/Varien/Autoload.php on line 94
2017-04-14T04:40:01+00:00 ERR (3): Warning: include(1.php): failed to open stream: No such file or directory  in /var/www/html/magento/lib/Varien/Autoload.php on line 94
2017-04-14T04:40:01+00:00 ERR (3): Warning: include(): Failed opening '1.php' for inclusion (include_path='/var/www/html/magento/app/code/local:/var/www/html/magento/app/code/community:/var/www/html/magento/app/code/core:/var/www/html/magento/lib:.:/usr/share/php')  in /var/www/html/magento/lib/Varien/Autoload.php on line 94
2017-04-14T04:40:59+00:00 ERR (3): Warning: include(1.php): failed to open stream: No such file or directory  in /var/www/html/magento/lib/Varien/Autoload.php on line 94
2017-04-14T04:40:59+00:00 ERR (3): Warning: include(): Failed opening '1.php' for inclusion (include_path='/var/www/html/magento/app/code/local:/var/www/html/magento/app/code/community:/var/www/html/magento/app/code/core:/var/www/html/magento/lib:.:/usr/share/php')  in /var/www/html/magento/lib/Varien/Autoload.php on line 94
2017-04-14T04:40:59+00:00 ERR (3): Warning: include(1.php): failed to open stream: No such file or directory  in /var/www/html/magento/lib/Varien/Autoload.php on line 94
2017-04-14T04:40:59+00:00 ERR (3): Warning: include(): Failed opening '1.php' for inclusion (include_path='/var/www/html/magento/app/code/local:/var/www/html/magento/app/code/community:/var/www/html/magento/app/code/core:/var/www/html/magento/lib:.:/usr/share/php')  in /var/www/html/magento/lib/Varien/Autoload.php on line 94
2017-04-14T07:06:23+00:00 ERR (3): Warning: Invalid argument supplied for foreach()  in /var/www/html/magento/app/code/local/Argoworks/Freegift/Block/ShowGift.php on line 75
2017-04-14T07:06:45+00:00 ERR (3): Notice: Undefined variable: use_config_setting_for_backorders  in /var/www/html/magento/app/code/local/Wyomind/Advancedinventory/Model/Observer.php on line 532
2017-04-14T07:07:06+00:00 ERR (3): Warning: Invalid argument supplied for foreach()  in /var/www/html/magento/app/code/local/Argoworks/Freegift/Block/ShowGift.php on line 75
2017-04-14T07:08:22+00:00 ERR (3): Notice: Undefined index: giftId  in /var/www/html/magento/app/code/local/Argoworks/Freegift/Model/Observer.php on line 20
2017-04-14T07:08:22+00:00 ERR (3): Warning: Invalid argument supplied for foreach()  in /var/www/html/magento/app/code/local/Argoworks/Freegift/Model/Observer.php on line 20
2017-04-14T07:08:52+00:00 ERR (3): Warning: Invalid argument supplied for foreach()  in /var/www/html/magento/app/code/local/Argoworks/Freegift/Block/ShowGift.php on line 75
2017-04-14T07:09:00+00:00 ERR (3): Notice: Undefined index: giftId  in /var/www/html/magento/app/code/local/Argoworks/Freegift/Model/Observer.php on line 20
2017-04-14T07:09:00+00:00 ERR (3): Warning: Invalid argument supplied for foreach()  in /var/www/html/magento/app/code/local/Argoworks/Freegift/Model/Observer.php on line 20
2017-04-14T07:13:15+00:00 ERR (3): Warning: Invalid argument supplied for foreach()  in /var/www/html/magento/app/code/local/Argoworks/Freegift/Block/ShowGift.php on line 75
2017-04-14T07:18:52+00:00 ERR (3): Warning: Invalid argument supplied for foreach()  in /var/www/html/magento/app/code/local/Argoworks/Freegift/Block/ShowGift.php on line 75
2017-04-14T07:29:24+00:00 ERR (3): Notice: Undefined variable: _productCollectionoduct  in /var/www/html/magento/app/code/local/Argoworks/Freegift/Model/Observer.php on line 21
2017-04-14T07:29:24+00:00 ERR (3): Warning: Invalid argument supplied for foreach()  in /var/www/html/magento/app/code/local/Argoworks/Freegift/Model/Observer.php on line 21
2017-04-14T07:29:24+00:00 ERR (3): Notice: Undefined variable: arrayPro  in /var/www/html/magento/app/code/local/Argoworks/Freegift/Model/Observer.php on line 24
2017-04-14T08:27:42+00:00 ERR (3): Notice: A session had already been started - ignoring session_start()  in /var/www/html/magento/app/code/local/Argoworks/Freegift/Model/Observer.php on line 20
2017-04-14T08:27:47+00:00 ERR (3): Notice: A session had already been started - ignoring session_start()  in /var/www/html/magento/app/code/local/Argoworks/Freegift/Model/Observer.php on line 20
2017-04-14T08:27:47+00:00 ERR (3): Notice: A session had already been started - ignoring session_start()  in /var/www/html/magento/app/code/local/Argoworks/Freegift/Model/Observer.php on line 20
2017-04-14T08:27:54+00:00 ERR (3): Notice: A session had already been started - ignoring session_start()  in /var/www/html/magento/app/code/local/Argoworks/Freegift/Model/Observer.php on line 20
2017-04-14T08:27:54+00:00 ERR (3): Notice: A session had already been started - ignoring session_start()  in /var/www/html/magento/app/code/local/Argoworks/Freegift/Model/Observer.php on line 20
2017-04-14T08:29:59+00:00 ERR (3): Notice: Undefined index: giftId  in /var/www/html/magento/app/code/local/Argoworks/Freegift/Model/Observer.php on line 18
2017-04-14T08:29:59+00:00 ERR (3): Warning: Invalid argument supplied for foreach()  in /var/www/html/magento/app/code/local/Argoworks/Freegift/Model/Observer.php on line 18
2017-04-14T08:29:59+00:00 ERR (3): Notice: Undefined variable: arrayGift  in /var/www/html/magento/app/code/local/Argoworks/Freegift/Model/Observer.php on line 27
2017-04-14T09:07:24+00:00 ERR (3): Notice: Undefined offset: 310  in /var/www/html/magento/app/code/local/Wyomind/Advancedinventory/Helper/Data.php on line 537
2017-04-14T09:07:24+00:00 ERR (3): Warning: Invalid argument supplied for foreach()  in /var/www/html/magento/app/code/local/Wyomind/Advancedinventory/Helper/Data.php on line 537
2017-04-14T09:21:55+00:00 ERR (3): Notice: Undefined offset: 310  in /var/www/html/magento/app/code/local/Wyomind/Advancedinventory/Helper/Data.php on line 537
2017-04-14T09:21:55+00:00 ERR (3): Warning: Invalid argument supplied for foreach()  in /var/www/html/magento/app/code/local/Wyomind/Advancedinventory/Helper/Data.php on line 537
2017-04-14T09:59:05+00:00 ERR (3): Notice: Undefined offset: 310  in /var/www/html/magento/app/code/local/Wyomind/Advancedinventory/Helper/Data.php on line 537
2017-04-14T09:59:05+00:00 ERR (3): Warning: Invalid argument supplied for foreach()  in /var/www/html/magento/app/code/local/Wyomind/Advancedinventory/Helper/Data.php on line 537
2017-04-14T09:59:06+00:00 ERR (3): Notice: Undefined offset: 890  in /var/www/html/magento/app/code/local/Wyomind/Advancedinventory/Helper/Data.php on line 537
2017-04-14T09:59:06+00:00 ERR (3): Warning: Invalid argument supplied for foreach()  in /var/www/html/magento/app/code/local/Wyomind/Advancedinventory/Helper/Data.php on line 537
2017-04-14T10:00:06+00:00 ERR (3): Notice: Undefined offset: 310  in /var/www/html/magento/app/code/local/Wyomind/Advancedinventory/Helper/Data.php on line 537
2017-04-14T10:00:06+00:00 ERR (3): Warning: Invalid argument supplied for foreach()  in /var/www/html/magento/app/code/local/Wyomind/Advancedinventory/Helper/Data.php on line 537
2017-04-14T10:00:06+00:00 ERR (3): Notice: Undefined offset: 890  in /var/www/html/magento/app/code/local/Wyomind/Advancedinventory/Helper/Data.php on line 537
2017-04-14T10:00:06+00:00 ERR (3): Warning: Invalid argument supplied for foreach()  in /var/www/html/magento/app/code/local/Wyomind/Advancedinventory/Helper/Data.php on line 537
2017-04-14T10:02:21+00:00 ERR (3): User Error: Some transactions have not been committed or rolled back  in /var/www/html/magento/lib/Varien/Db/Adapter/Pdo/Mysql.php on line 4039
2017-04-14T10:10:01+00:00 ERR (3): User Error: Some transactions have not been committed or rolled back  in /var/www/html/magento/lib/Varien/Db/Adapter/Pdo/Mysql.php on line 4039
2017-04-14T10:23:09+00:00 ERR (3): User Error: Some transactions have not been committed or rolled back  in /var/www/html/magento/lib/Varien/Db/Adapter/Pdo/Mysql.php on line 4039
2017-04-14T10:27:43+00:00 ERR (3): Notice: Undefined offset: 243  in /var/www/html/magento/app/code/local/Wyomind/Advancedinventory/Helper/Data.php on line 537
2017-04-14T10:27:43+00:00 ERR (3): Warning: Invalid argument supplied for foreach()  in /var/www/html/magento/app/code/local/Wyomind/Advancedinventory/Helper/Data.php on line 537
2017-04-14T10:28:48+00:00 ERR (3): Notice: Undefined offset: 243  in /var/www/html/magento/app/code/local/Wyomind/Advancedinventory/Helper/Data.php on line 537
2017-04-14T10:28:48+00:00 ERR (3): Warning: Invalid argument supplied for foreach()  in /var/www/html/magento/app/code/local/Wyomind/Advancedinventory/Helper/Data.php on line 537
2017-04-14T10:35:03+00:00 ERR (3): User Error: Some transactions have not been committed or rolled back  in /var/www/html/magento/lib/Varien/Db/Adapter/Pdo/Mysql.php on line 4039
2017-04-14T10:40:17+00:00 ERR (3): User Error: Some transactions have not been committed or rolled back  in /var/www/html/magento/lib/Varien/Db/Adapter/Pdo/Mysql.php on line 4039
2017-04-14T10:41:52+00:00 ERR (3): User Error: Some transactions have not been committed or rolled back  in /var/www/html/magento/lib/Varien/Db/Adapter/Pdo/Mysql.php on line 4039
2017-04-14T10:45:07+00:00 ERR (3): User Error: Some transactions have not been committed or rolled back  in /var/www/html/magento/lib/Varien/Db/Adapter/Pdo/Mysql.php on line 4039
2017-04-14T10:45:51+00:00 ERR (3): User Error: Some transactions have not been committed or rolled back  in /var/www/html/magento/lib/Varien/Db/Adapter/Pdo/Mysql.php on line 4039
2017-04-14T10:46:34+00:00 ERR (3): User Error: Some transactions have not been committed or rolled back  in /var/www/html/magento/lib/Varien/Db/Adapter/Pdo/Mysql.php on line 4039
2017-04-14T10:47:16+00:00 ERR (3): User Error: Some transactions have not been committed or rolled back  in /var/www/html/magento/lib/Varien/Db/Adapter/Pdo/Mysql.php on line 4039
2017-04-14T10:52:45+00:00 ERR (3): Notice: Undefined offset: 286  in /var/www/html/magento/app/code/local/Wyomind/Advancedinventory/Helper/Data.php on line 537
2017-04-14T10:52:45+00:00 ERR (3): Warning: Invalid argument supplied for foreach()  in /var/www/html/magento/app/code/local/Wyomind/Advancedinventory/Helper/Data.php on line 537
2017-04-14T11:00:53+00:00 ERR (3): Notice: Undefined offset: 286  in /var/www/html/magento/app/code/local/Wyomind/Advancedinventory/Helper/Data.php on line 537
2017-04-14T11:00:53+00:00 ERR (3): Warning: Invalid argument supplied for foreach()  in /var/www/html/magento/app/code/local/Wyomind/Advancedinventory/Helper/Data.php on line 537
2017-04-14T11:06:49+00:00 ERR (3): User Error: Some transactions have not been committed or rolled back  in /var/www/html/magento/lib/Varien/Db/Adapter/Pdo/Mysql.php on line 4039
2017-04-14T11:07:54+00:00 ERR (3): User Error: Some transactions have not been committed or rolled back  in /var/www/html/magento/lib/Varien/Db/Adapter/Pdo/Mysql.php on line 4039
2017-04-14T11:11:27+00:00 ERR (3): Notice: Undefined index: giftId  in /var/www/html/magento/app/code/local/Argoworks/Freegift/Model/Observer.php on line 18
2017-04-14T11:11:27+00:00 ERR (3): Warning: Invalid argument supplied for foreach()  in /var/www/html/magento/app/code/local/Argoworks/Freegift/Model/Observer.php on line 18
2017-04-14T11:11:27+00:00 ERR (3): Notice: Undefined variable: arrayGift  in /var/www/html/magento/app/code/local/Argoworks/Freegift/Model/Observer.php on line 26
2017-04-14T11:11:35+00:00 ERR (3): Notice: Undefined index: giftId  in /var/www/html/magento/app/code/local/Argoworks/Freegift/Model/Observer.php on line 18
2017-04-14T11:11:35+00:00 ERR (3): Warning: Invalid argument supplied for foreach()  in /var/www/html/magento/app/code/local/Argoworks/Freegift/Model/Observer.php on line 18
2017-04-14T11:11:35+00:00 ERR (3): Notice: Undefined variable: arrayGift  in /var/www/html/magento/app/code/local/Argoworks/Freegift/Model/Observer.php on line 26
2017-04-14T11:21:54+00:00 ERR (3): Notice: Undefined index: giftId  in /var/www/html/magento/app/code/local/Argoworks/Freegift/Model/Observer.php on line 18
2017-04-14T11:21:54+00:00 ERR (3): Warning: Invalid argument supplied for foreach()  in /var/www/html/magento/app/code/local/Argoworks/Freegift/Model/Observer.php on line 18
2017-04-14T11:21:54+00:00 ERR (3): Notice: Undefined variable: arrayGift  in /var/www/html/magento/app/code/local/Argoworks/Freegift/Model/Observer.php on line 26
2017-04-14T11:22:28+00:00 ERR (3): Notice: Undefined variable: qty  in /var/www/html/magento/app/code/local/Argoworks/Freegift/Model/Observer.php on line 43
2017-04-14T11:22:29+00:00 ERR (3): Notice: Undefined variable: qty  in /var/www/html/magento/app/code/local/Argoworks/Freegift/Model/Observer.php on line 43
2017-04-14T11:22:29+00:00 ERR (3): User Error: Some transactions have not been committed or rolled back  in /var/www/html/magento/lib/Varien/Db/Adapter/Pdo/Mysql.php on line 4039
2017-04-14T11:23:46+00:00 ERR (3): Notice: Undefined offset: 286  in /var/www/html/magento/app/code/local/Wyomind/Advancedinventory/Helper/Data.php on line 537
2017-04-14T11:23:46+00:00 ERR (3): Warning: Invalid argument supplied for foreach()  in /var/www/html/magento/app/code/local/Wyomind/Advancedinventory/Helper/Data.php on line 537
2017-04-17T03:41:35+00:00 ERR (3): Notice: Undefined offset: 243  in /var/www/html/magento/app/code/local/Wyomind/Advancedinventory/Helper/Data.php on line 537
2017-04-17T03:41:35+00:00 ERR (3): Warning: Invalid argument supplied for foreach()  in /var/www/html/magento/app/code/local/Wyomind/Advancedinventory/Helper/Data.php on line 537
2017-04-17T03:47:21+00:00 ERR (3): Notice: Undefined offset: 310  in /var/www/html/magento/app/code/local/Wyomind/Advancedinventory/Helper/Data.php on line 537
2017-04-17T03:47:21+00:00 ERR (3): Warning: Invalid argument supplied for foreach()  in /var/www/html/magento/app/code/local/Wyomind/Advancedinventory/Helper/Data.php on line 537
2017-04-17T08:31:14+00:00 ERR (3): Notice: Undefined variable: _pointMoney  in /var/www/html/magento/app/design/frontend/base/default/template/magegiant/giantpoints/customer/account/dashboard.phtml on line 44
2017-04-17T08:31:14+00:00 ERR (3): Notice: Undefined variable: _pointMoney  in /var/www/html/magento/app/design/frontend/base/default/template/magegiant/giantpoints/customer/account/dashboard.phtml on line 45
2017-04-17T08:31:53+00:00 ERR (3): Notice: Undefined variable: _pointMoney  in /var/www/html/magento/app/design/frontend/base/default/template/magegiant/giantpoints/customer/account/dashboard.phtml on line 42
2017-04-17T08:31:53+00:00 ERR (3): Notice: Undefined variable: _pointMoney  in /var/www/html/magento/app/design/frontend/base/default/template/magegiant/giantpoints/customer/account/dashboard.phtml on line 43
2017-04-17T08:44:21+00:00 ERR (3): Notice: Undefined index: point_earn  in /var/www/html/magento/app/design/frontend/base/default/template/magegiant/giantpoints/customer/account/dashboard.phtml on line 38
2017-04-17T08:44:44+00:00 ERR (3): Notice: Undefined index: point_earn  in /var/www/html/magento/app/design/frontend/base/default/template/magegiant/giantpoints/customer/account/dashboard.phtml on line 38
2017-04-17T09:31:06+00:00 ERR (3): Notice: Undefined index: giftId  in /var/www/html/magento/app/code/local/Argoworks/Freegift/Model/Observer.php on line 18
2017-04-17T09:31:06+00:00 ERR (3): Warning: Invalid argument supplied for foreach()  in /var/www/html/magento/app/code/local/Argoworks/Freegift/Model/Observer.php on line 18
2017-04-17T09:31:06+00:00 ERR (3): Notice: Undefined variable: arrayGift  in /var/www/html/magento/app/code/local/Argoworks/Freegift/Model/Observer.php on line 26
2017-04-17T09:32:02+00:00 ERR (3): Notice: Undefined index: giftId  in /var/www/html/magento/app/code/local/Argoworks/Freegift/Model/Observer.php on line 18
2017-04-17T09:32:02+00:00 ERR (3): Warning: Invalid argument supplied for foreach()  in /var/www/html/magento/app/code/local/Argoworks/Freegift/Model/Observer.php on line 18
2017-04-17T09:32:02+00:00 ERR (3): Notice: Undefined variable: arrayGift  in /var/www/html/magento/app/code/local/Argoworks/Freegift/Model/Observer.php on line 26
2017-04-17T09:32:03+00:00 ERR (3): Warning: Invalid argument supplied for foreach()  in /var/www/html/magento/app/code/local/Argoworks/Freegift/Model/Observer.php on line 35
2017-04-17T09:32:05+00:00 ERR (3): Notice: Undefined offset: 310  in /var/www/html/magento/app/code/local/Wyomind/Advancedinventory/Helper/Data.php on line 537
2017-04-17T09:32:05+00:00 ERR (3): Warning: Invalid argument supplied for foreach()  in /var/www/html/magento/app/code/local/Wyomind/Advancedinventory/Helper/Data.php on line 537
2017-04-17T10:26:50+00:00 ERR (3): Notice: Undefined index: giftId  in /var/www/html/magento/app/code/local/Argoworks/Freegift/Model/Observer.php on line 18
2017-04-17T10:26:50+00:00 ERR (3): Warning: Invalid argument supplied for foreach()  in /var/www/html/magento/app/code/local/Argoworks/Freegift/Model/Observer.php on line 18
2017-04-17T10:26:50+00:00 ERR (3): Notice: Undefined variable: arrayGift  in /var/www/html/magento/app/code/local/Argoworks/Freegift/Model/Observer.php on line 26
2017-04-17T10:27:05+00:00 ERR (3): Notice: Undefined index: giftId  in /var/www/html/magento/app/code/local/Argoworks/Freegift/Model/Observer.php on line 18
2017-04-17T10:27:05+00:00 ERR (3): Warning: Invalid argument supplied for foreach()  in /var/www/html/magento/app/code/local/Argoworks/Freegift/Model/Observer.php on line 18
2017-04-17T10:27:05+00:00 ERR (3): Notice: Undefined variable: arrayGift  in /var/www/html/magento/app/code/local/Argoworks/Freegift/Model/Observer.php on line 26
2017-04-17T10:27:06+00:00 ERR (3): Warning: Invalid argument supplied for foreach()  in /var/www/html/magento/app/code/local/Argoworks/Freegift/Model/Observer.php on line 35
2017-04-17T11:32:53+00:00 ERR (3): Notice: Undefined index: giftId  in /var/www/html/magento/app/code/local/Argoworks/Freegift/Model/Observer.php on line 18
2017-04-17T11:32:53+00:00 ERR (3): Warning: Invalid argument supplied for foreach()  in /var/www/html/magento/app/code/local/Argoworks/Freegift/Model/Observer.php on line 18
2017-04-17T11:32:53+00:00 ERR (3): Notice: Undefined variable: arrayGift  in /var/www/html/magento/app/code/local/Argoworks/Freegift/Model/Observer.php on line 26
2017-04-17T11:33:02+00:00 ERR (3): Notice: Undefined index: giftId  in /var/www/html/magento/app/code/local/Argoworks/Freegift/Model/Observer.php on line 18
2017-04-17T11:33:02+00:00 ERR (3): Warning: Invalid argument supplied for foreach()  in /var/www/html/magento/app/code/local/Argoworks/Freegift/Model/Observer.php on line 18
2017-04-17T11:33:02+00:00 ERR (3): Notice: Undefined variable: arrayGift  in /var/www/html/magento/app/code/local/Argoworks/Freegift/Model/Observer.php on line 26
2017-04-17T11:33:02+00:00 ERR (3): Warning: Invalid argument supplied for foreach()  in /var/www/html/magento/app/code/local/Argoworks/Freegift/Model/Observer.php on line 36
2017-04-17T11:33:04+00:00 ERR (3): Notice: Undefined offset: 294  in /var/www/html/magento/app/code/local/Wyomind/Advancedinventory/Helper/Data.php on line 537
2017-04-17T11:33:04+00:00 ERR (3): Warning: Invalid argument supplied for foreach()  in /var/www/html/magento/app/code/local/Wyomind/Advancedinventory/Helper/Data.php on line 537
2017-04-17T11:40:50+00:00 ERR (3): User Error: Some transactions have not been committed or rolled back  in /var/www/html/magento/lib/Varien/Db/Adapter/Pdo/Mysql.php on line 4039
2017-04-17T12:02:37+00:00 ERR (3): Notice: Undefined offset: 294  in /var/www/html/magento/app/code/local/Wyomind/Advancedinventory/Helper/Data.php on line 537
2017-04-17T12:02:37+00:00 ERR (3): Warning: Invalid argument supplied for foreach()  in /var/www/html/magento/app/code/local/Wyomind/Advancedinventory/Helper/Data.php on line 537
2017-04-17T12:03:04+00:00 ERR (3): Warning: Invalid argument supplied for foreach()  in /var/www/html/magento/app/code/local/Wyomind/Advancedinventory/Helper/Data.php on line 537
2017-04-17T12:11:09+00:00 ERR (3): Notice: Undefined offset: 296  in /var/www/html/magento/app/code/local/Wyomind/Advancedinventory/Helper/Data.php on line 537
2017-04-17T12:11:09+00:00 ERR (3): Warning: Invalid argument supplied for foreach()  in /var/www/html/magento/app/code/local/Wyomind/Advancedinventory/Helper/Data.php on line 537
2017-04-17T12:22:01+00:00 ERR (3): Notice: Undefined offset: 325  in /var/www/html/magento/app/code/local/Wyomind/Advancedinventory/Helper/Data.php on line 537
2017-04-17T12:22:01+00:00 ERR (3): Warning: Invalid argument supplied for foreach()  in /var/www/html/magento/app/code/local/Wyomind/Advancedinventory/Helper/Data.php on line 537
2017-04-17T12:48:14+00:00 ERR (3): Notice: Undefined offset: 291  in /var/www/html/magento/app/code/local/Wyomind/Advancedinventory/Helper/Data.php on line 537
2017-04-17T12:48:14+00:00 ERR (3): Warning: Invalid argument supplied for foreach()  in /var/www/html/magento/app/code/local/Wyomind/Advancedinventory/Helper/Data.php on line 537
2017-04-18T03:25:08+00:00 ERR (3): Notice: Undefined offset: 294  in /var/www/html/magento/app/code/local/Wyomind/Advancedinventory/Helper/Data.php on line 537
2017-04-18T03:25:08+00:00 ERR (3): Warning: Invalid argument supplied for foreach()  in /var/www/html/magento/app/code/local/Wyomind/Advancedinventory/Helper/Data.php on line 537
2017-04-21T03:03:40+00:00 ERR (3): Warning: simplexml_load_string(): Entity: line 2: parser error : Start tag expected, '&lt;' not found  in /var/www/html/magento/lib/Varien/Simplexml/Config.php on line 510
2017-04-21T03:04:47+00:00 ERR (3): Warning: simplexml_load_string(): Entity: line 2: parser error : Start tag expected, '&lt;' not found  in /var/www/html/magento/lib/Varien/Simplexml/Config.php on line 510
2017-04-21T07:09:48+00:00 ERR (3): Warning: include(Mage/Argoworks/Model/Freegift.php): failed to open stream: No such file or directory  in /var/www/html/magento/lib/Varien/Autoload.php on line 94
2017-04-21T07:09:48+00:00 ERR (3): Warning: include(): Failed opening 'Mage/Argoworks/Model/Freegift.php' for inclusion (include_path='/var/www/html/magento/app/code/local:/var/www/html/magento/app/code/community:/var/www/html/magento/app/code/core:/var/www/html/magento/lib:.:/usr/share/php')  in /var/www/html/magento/lib/Varien/Autoload.php on line 94
2017-04-21T07:18:56+00:00 ERR (3): Warning: include(Mage/Freegift/Model/Api.php): failed to open stream: No such file or directory  in /var/www/html/magento/lib/Varien/Autoload.php on line 94
2017-04-21T07:18:56+00:00 ERR (3): Warning: include(): Failed opening 'Mage/Freegift/Model/Api.php' for inclusion (include_path='/var/www/html/magento/app/code/local:/var/www/html/magento/app/code/community:/var/www/html/magento/app/code/core:/var/www/html/magento/lib:.:/usr/share/php')  in /var/www/html/magento/lib/Varien/Autoload.php on line 94
2017-04-21T07:20:23+00:00 ERR (3): Warning: include(Mage/Freegift/Model/Api.php): failed to open stream: No such file or directory  in /var/www/html/magento/lib/Varien/Autoload.php on line 94
2017-04-21T07:20:23+00:00 ERR (3): Warning: include(): Failed opening 'Mage/Freegift/Model/Api.php' for inclusion (include_path='/var/www/html/magento/app/code/local:/var/www/html/magento/app/code/community:/var/www/html/magento/app/code/core:/var/www/html/magento/lib:.:/usr/share/php')  in /var/www/html/magento/lib/Varien/Autoload.php on line 94
2017-04-21T07:20:53+00:00 ERR (3): Warning: include(Mage/Freegift/Model/Api.php): failed to open stream: No such file or directory  in /var/www/html/magento/lib/Varien/Autoload.php on line 94
2017-04-21T07:20:53+00:00 ERR (3): Warning: include(): Failed opening 'Mage/Freegift/Model/Api.php' for inclusion (include_path='/var/www/html/magento/app/code/local:/var/www/html/magento/app/code/community:/var/www/html/magento/app/code/core:/var/www/html/magento/lib:.:/usr/share/php')  in /var/www/html/magento/lib/Varien/Autoload.php on line 94
2017-04-21T07:21:03+00:00 ERR (3): Warning: include(Mage/Freegift/Model/Api.php): failed to open stream: No such file or directory  in /var/www/html/magento/lib/Varien/Autoload.php on line 94
2017-04-21T07:21:03+00:00 ERR (3): Warning: include(): Failed opening 'Mage/Freegift/Model/Api.php' for inclusion (include_path='/var/www/html/magento/app/code/local:/var/www/html/magento/app/code/community:/var/www/html/magento/app/code/core:/var/www/html/magento/lib:.:/usr/share/php')  in /var/www/html/magento/lib/Varien/Autoload.php on line 94
2017-04-21T07:21:21+00:00 ERR (3): Warning: include(Mage/Argoworks/Freegift/Model/Api.php): failed to open stream: No such file or directory  in /var/www/html/magento/lib/Varien/Autoload.php on line 94
2017-04-21T07:21:21+00:00 ERR (3): Warning: include(): Failed opening 'Mage/Argoworks/Freegift/Model/Api.php' for inclusion (include_path='/var/www/html/magento/app/code/local:/var/www/html/magento/app/code/community:/var/www/html/magento/app/code/core:/var/www/html/magento/lib:.:/usr/share/php')  in /var/www/html/magento/lib/Varien/Autoload.php on line 94
2017-04-21T07:21:23+00:00 ERR (3): Warning: include(Mage/Argoworks/Freegift/Model/Api.php): failed to open stream: No such file or directory  in /var/www/html/magento/lib/Varien/Autoload.php on line 94
2017-04-21T07:21:23+00:00 ERR (3): Warning: include(): Failed opening 'Mage/Argoworks/Freegift/Model/Api.php' for inclusion (include_path='/var/www/html/magento/app/code/local:/var/www/html/magento/app/code/community:/var/www/html/magento/app/code/core:/var/www/html/magento/lib:.:/usr/share/php')  in /var/www/html/magento/lib/Varien/Autoload.php on line 94
2017-04-21T07:21:24+00:00 ERR (3): Warning: include(Mage/Argoworks/Freegift/Model/Api.php): failed to open stream: No such file or directory  in /var/www/html/magento/lib/Varien/Autoload.php on line 94
2017-04-21T07:21:24+00:00 ERR (3): Warning: include(): Failed opening 'Mage/Argoworks/Freegift/Model/Api.php' for inclusion (include_path='/var/www/html/magento/app/code/local:/var/www/html/magento/app/code/community:/var/www/html/magento/app/code/core:/var/www/html/magento/lib:.:/usr/share/php')  in /var/www/html/magento/lib/Varien/Autoload.php on line 94
2017-04-21T07:22:17+00:00 ERR (3): Warning: include(Mage/Freegift/Model/Api.php): failed to open stream: No such file or directory  in /var/www/html/magento/lib/Varien/Autoload.php on line 94
2017-04-21T07:22:17+00:00 ERR (3): Warning: include(): Failed opening 'Mage/Freegift/Model/Api.php' for inclusion (include_path='/var/www/html/magento/app/code/local:/var/www/html/magento/app/code/community:/var/www/html/magento/app/code/core:/var/www/html/magento/lib:.:/usr/share/php')  in /var/www/html/magento/lib/Varien/Autoload.php on line 94
2017-04-21T07:24:00+00:00 ERR (3): Warning: include(Mage/Freegift/Model/Freegift.php): failed to open stream: No such file or directory  in /var/www/html/magento/lib/Varien/Autoload.php on line 94
2017-04-21T07:24:00+00:00 ERR (3): Warning: include(): Failed opening 'Mage/Freegift/Model/Freegift.php' for inclusion (include_path='/var/www/html/magento/app/code/local:/var/www/html/magento/app/code/community:/var/www/html/magento/app/code/core:/var/www/html/magento/lib:.:/usr/share/php')  in /var/www/html/magento/lib/Varien/Autoload.php on line 94
2017-04-21T07:24:01+00:00 ERR (3): Warning: include(Mage/Freegift/Model/Freegift.php): failed to open stream: No such file or directory  in /var/www/html/magento/lib/Varien/Autoload.php on line 94
2017-04-21T07:24:01+00:00 ERR (3): Warning: include(): Failed opening 'Mage/Freegift/Model/Freegift.php' for inclusion (include_path='/var/www/html/magento/app/code/local:/var/www/html/magento/app/code/community:/var/www/html/magento/app/code/core:/var/www/html/magento/lib:.:/usr/share/php')  in /var/www/html/magento/lib/Varien/Autoload.php on line 94
2017-04-21T07:24:15+00:00 ERR (3): Warning: include(Mage/Freegift/Model/Api.php): failed to open stream: No such file or directory  in /var/www/html/magento/lib/Varien/Autoload.php on line 94
2017-04-21T07:24:15+00:00 ERR (3): Warning: include(): Failed opening 'Mage/Freegift/Model/Api.php' for inclusion (include_path='/var/www/html/magento/app/code/local:/var/www/html/magento/app/code/community:/var/www/html/magento/app/code/core:/var/www/html/magento/lib:.:/usr/share/php')  in /var/www/html/magento/lib/Varien/Autoload.php on line 94
2017-04-21T07:24:16+00:00 ERR (3): Warning: include(Mage/Freegift/Model/Api.php): failed to open stream: No such file or directory  in /var/www/html/magento/lib/Varien/Autoload.php on line 94
2017-04-21T07:24:16+00:00 ERR (3): Warning: include(): Failed opening 'Mage/Freegift/Model/Api.php' for inclusion (include_path='/var/www/html/magento/app/code/local:/var/www/html/magento/app/code/community:/var/www/html/magento/app/code/core:/var/www/html/magento/lib:.:/usr/share/php')  in /var/www/html/magento/lib/Varien/Autoload.php on line 94
2017-04-21T07:24:26+00:00 ERR (3): Warning: include(Mage/Freegift/Model/Api.php): failed to open stream: No such file or directory  in /var/www/html/magento/lib/Varien/Autoload.php on line 94
2017-04-21T07:24:26+00:00 ERR (3): Warning: include(): Failed opening 'Mage/Freegift/Model/Api.php' for inclusion (include_path='/var/www/html/magento/app/code/local:/var/www/html/magento/app/code/community:/var/www/html/magento/app/code/core:/var/www/html/magento/lib:.:/usr/share/php')  in /var/www/html/magento/lib/Varien/Autoload.php on line 94
2017-04-21T07:24:33+00:00 ERR (3): Warning: include(Mage/Freegift/Model/Api.php): failed to open stream: No such file or directory  in /var/www/html/magento/lib/Varien/Autoload.php on line 94
2017-04-21T07:24:33+00:00 ERR (3): Warning: include(): Failed opening 'Mage/Freegift/Model/Api.php' for inclusion (include_path='/var/www/html/magento/app/code/local:/var/www/html/magento/app/code/community:/var/www/html/magento/app/code/core:/var/www/html/magento/lib:.:/usr/share/php')  in /var/www/html/magento/lib/Varien/Autoload.php on line 94
2017-04-21T07:25:41+00:00 ERR (3): Warning: include(Argoworks/Freegift/Model/Api.php): failed to open stream: No such file or directory  in /var/www/html/magento/lib/Varien/Autoload.php on line 94
2017-04-21T07:25:41+00:00 ERR (3): Warning: include(): Failed opening 'Argoworks/Freegift/Model/Api.php' for inclusion (include_path='/var/www/html/magento/app/code/local:/var/www/html/magento/app/code/community:/var/www/html/magento/app/code/core:/var/www/html/magento/lib:.:/usr/share/php')  in /var/www/html/magento/lib/Varien/Autoload.php on line 94
2017-04-21T07:26:10+00:00 ERR (3): Warning: include(Argoworks/Freegift/Model/Api.php): failed to open stream: No such file or directory  in /var/www/html/magento/lib/Varien/Autoload.php on line 94
2017-04-21T07:26:10+00:00 ERR (3): Warning: include(): Failed opening 'Argoworks/Freegift/Model/Api.php' for inclusion (include_path='/var/www/html/magento/app/code/local:/var/www/html/magento/app/code/community:/var/www/html/magento/app/code/core:/var/www/html/magento/lib:.:/usr/share/php')  in /var/www/html/magento/lib/Varien/Autoload.php on line 94
2017-04-21T07:30:20+00:00 ERR (3): Warning: include(Mage/Argoworks/Model/Freegift/Api.php): failed to open stream: No such file or directory  in /var/www/html/magento/lib/Varien/Autoload.php on line 94
2017-04-21T07:30:20+00:00 ERR (3): Warning: include(): Failed opening 'Mage/Argoworks/Model/Freegift/Api.php' for inclusion (include_path='/var/www/html/magento/app/code/local:/var/www/html/magento/app/code/community:/var/www/html/magento/app/code/core:/var/www/html/magento/lib:.:/usr/share/php')  in /var/www/html/magento/lib/Varien/Autoload.php on line 94
2017-04-21T07:30:22+00:00 ERR (3): Warning: include(Mage/Argoworks/Model/Freegift/Api.php): failed to open stream: No such file or directory  in /var/www/html/magento/lib/Varien/Autoload.php on line 94
2017-04-21T07:30:22+00:00 ERR (3): Warning: include(): Failed opening 'Mage/Argoworks/Model/Freegift/Api.php' for inclusion (include_path='/var/www/html/magento/app/code/local:/var/www/html/magento/app/code/community:/var/www/html/magento/app/code/core:/var/www/html/magento/lib:.:/usr/share/php')  in /var/www/html/magento/lib/Varien/Autoload.php on line 94
2017-04-21T07:30:33+00:00 ERR (3): Warning: include(Mage/Argoworks/Model/Freegift/Api.php): failed to open stream: No such file or directory  in /var/www/html/magento/lib/Varien/Autoload.php on line 94
2017-04-21T07:30:33+00:00 ERR (3): Warning: include(): Failed opening 'Mage/Argoworks/Model/Freegift/Api.php' for inclusion (include_path='/var/www/html/magento/app/code/local:/var/www/html/magento/app/code/community:/var/www/html/magento/app/code/core:/var/www/html/magento/lib:.:/usr/share/php')  in /var/www/html/magento/lib/Varien/Autoload.php on line 94
2017-04-21T07:30:34+00:00 ERR (3): Warning: include(Mage/Argoworks/Model/Freegift/Api.php): failed to open stream: No such file or directory  in /var/www/html/magento/lib/Varien/Autoload.php on line 94
2017-04-21T07:30:34+00:00 ERR (3): Warning: include(): Failed opening 'Mage/Argoworks/Model/Freegift/Api.php' for inclusion (include_path='/var/www/html/magento/app/code/local:/var/www/html/magento/app/code/community:/var/www/html/magento/app/code/core:/var/www/html/magento/lib:.:/usr/share/php')  in /var/www/html/magento/lib/Varien/Autoload.php on line 94
2017-04-21T07:31:12+00:00 ERR (3): Warning: include(Mage/Argoworks/Model/Freegift/Api.php): failed to open stream: No such file or directory  in /var/www/html/magento/lib/Varien/Autoload.php on line 94
2017-04-21T07:31:12+00:00 ERR (3): Warning: include(): Failed opening 'Mage/Argoworks/Model/Freegift/Api.php' for inclusion (include_path='/var/www/html/magento/app/code/local:/var/www/html/magento/app/code/community:/var/www/html/magento/app/code/core:/var/www/html/magento/lib:.:/usr/share/php')  in /var/www/html/magento/lib/Varien/Autoload.php on line 94
2017-04-21T07:31:14+00:00 ERR (3): Warning: include(Mage/Argoworks/Model/Freegift/Api.php): failed to open stream: No such file or directory  in /var/www/html/magento/lib/Varien/Autoload.php on line 94
2017-04-21T07:31:14+00:00 ERR (3): Warning: include(): Failed opening 'Mage/Argoworks/Model/Freegift/Api.php' for inclusion (include_path='/var/www/html/magento/app/code/local:/var/www/html/magento/app/code/community:/var/www/html/magento/app/code/core:/var/www/html/magento/lib:.:/usr/share/php')  in /var/www/html/magento/lib/Varien/Autoload.php on line 94
2017-04-21T07:32:13+00:00 ERR (3): Warning: include(Mage/Argoworks/Model/Freegift.php): failed to open stream: No such file or directory  in /var/www/html/magento/lib/Varien/Autoload.php on line 94
2017-04-21T07:32:13+00:00 ERR (3): Warning: include(): Failed opening 'Mage/Argoworks/Model/Freegift.php' for inclusion (include_path='/var/www/html/magento/app/code/local:/var/www/html/magento/app/code/community:/var/www/html/magento/app/code/core:/var/www/html/magento/lib:.:/usr/share/php')  in /var/www/html/magento/lib/Varien/Autoload.php on line 94
2017-04-21T07:32:14+00:00 ERR (3): Warning: include(Mage/Argoworks/Model/Freegift.php): failed to open stream: No such file or directory  in /var/www/html/magento/lib/Varien/Autoload.php on line 94
2017-04-21T07:32:14+00:00 ERR (3): Warning: include(): Failed opening 'Mage/Argoworks/Model/Freegift.php' for inclusion (include_path='/var/www/html/magento/app/code/local:/var/www/html/magento/app/code/community:/var/www/html/magento/app/code/core:/var/www/html/magento/lib:.:/usr/share/php')  in /var/www/html/magento/lib/Varien/Autoload.php on line 94
2017-04-21T07:32:50+00:00 ERR (3): Warning: include(Mage/Argoworks/Model/Freegift.php): failed to open stream: No such file or directory  in /var/www/html/magento/lib/Varien/Autoload.php on line 94
2017-04-21T07:32:50+00:00 ERR (3): Warning: include(): Failed opening 'Mage/Argoworks/Model/Freegift.php' for inclusion (include_path='/var/www/html/magento/app/code/local:/var/www/html/magento/app/code/community:/var/www/html/magento/app/code/core:/var/www/html/magento/lib:.:/usr/share/php')  in /var/www/html/magento/lib/Varien/Autoload.php on line 94
2017-04-21T07:33:54+00:00 ERR (3): Warning: include(Mage/Argoworks/Model/Freegift.php): failed to open stream: No such file or directory  in /var/www/html/magento/lib/Varien/Autoload.php on line 94
2017-04-21T07:33:54+00:00 ERR (3): Warning: include(): Failed opening 'Mage/Argoworks/Model/Freegift.php' for inclusion (include_path='/var/www/html/magento/app/code/local:/var/www/html/magento/app/code/community:/var/www/html/magento/app/code/core:/var/www/html/magento/lib:.:/usr/share/php')  in /var/www/html/magento/lib/Varien/Autoload.php on line 94
2017-04-21T07:34:13+00:00 ERR (3): Warning: include(Mage/Argoworks/Model/Freegift/Api.php): failed to open stream: No such file or directory  in /var/www/html/magento/lib/Varien/Autoload.php on line 94
2017-04-21T07:34:13+00:00 ERR (3): Warning: include(): Failed opening 'Mage/Argoworks/Model/Freegift/Api.php' for inclusion (include_path='/var/www/html/magento/app/code/local:/var/www/html/magento/app/code/community:/var/www/html/magento/app/code/core:/var/www/html/magento/lib:.:/usr/share/php')  in /var/www/html/magento/lib/Varien/Autoload.php on line 94
2017-04-21T07:34:20+00:00 ERR (3): Warning: include(Mage/Argoworks/Model/Freegift/Api.php): failed to open stream: No such file or directory  in /var/www/html/magento/lib/Varien/Autoload.php on line 94
2017-04-21T07:34:20+00:00 ERR (3): Warning: include(): Failed opening 'Mage/Argoworks/Model/Freegift/Api.php' for inclusion (include_path='/var/www/html/magento/app/code/local:/var/www/html/magento/app/code/community:/var/www/html/magento/app/code/core:/var/www/html/magento/lib:.:/usr/share/php')  in /var/www/html/magento/lib/Varien/Autoload.php on line 94
2017-04-21T07:34:31+00:00 ERR (3): Warning: include(Mage/Argoworks/Model/Freegift/Api.php): failed to open stream: No such file or directory  in /var/www/html/magento/lib/Varien/Autoload.php on line 94
2017-04-21T07:34:31+00:00 ERR (3): Warning: include(): Failed opening 'Mage/Argoworks/Model/Freegift/Api.php' for inclusion (include_path='/var/www/html/magento/app/code/local:/var/www/html/magento/app/code/community:/var/www/html/magento/app/code/core:/var/www/html/magento/lib:.:/usr/share/php')  in /var/www/html/magento/lib/Varien/Autoload.php on line 94
2017-04-21T07:35:24+00:00 ERR (3): Warning: include(Mage/Freegift/Model/Api.php): failed to open stream: No such file or directory  in /var/www/html/magento/lib/Varien/Autoload.php on line 94
2017-04-21T07:35:24+00:00 ERR (3): Warning: include(): Failed opening 'Mage/Freegift/Model/Api.php' for inclusion (include_path='/var/www/html/magento/app/code/local:/var/www/html/magento/app/code/community:/var/www/html/magento/app/code/core:/var/www/html/magento/lib:.:/usr/share/php')  in /var/www/html/magento/lib/Varien/Autoload.php on line 94
2017-04-21T07:35:25+00:00 ERR (3): Warning: include(Mage/Freegift/Model/Api.php): failed to open stream: No such file or directory  in /var/www/html/magento/lib/Varien/Autoload.php on line 94
2017-04-21T07:35:25+00:00 ERR (3): Warning: include(): Failed opening 'Mage/Freegift/Model/Api.php' for inclusion (include_path='/var/www/html/magento/app/code/local:/var/www/html/magento/app/code/community:/var/www/html/magento/app/code/core:/var/www/html/magento/lib:.:/usr/share/php')  in /var/www/html/magento/lib/Varien/Autoload.php on line 94
2017-04-21T07:35:27+00:00 ERR (3): Warning: include(Mage/Freegift/Model/Api.php): failed to open stream: No such file or directory  in /var/www/html/magento/lib/Varien/Autoload.php on line 94
2017-04-21T07:35:27+00:00 ERR (3): Warning: include(): Failed opening 'Mage/Freegift/Model/Api.php' for inclusion (include_path='/var/www/html/magento/app/code/local:/var/www/html/magento/app/code/community:/var/www/html/magento/app/code/core:/var/www/html/magento/lib:.:/usr/share/php')  in /var/www/html/magento/lib/Varien/Autoload.php on line 94
2017-04-21T07:35:27+00:00 ERR (3): Warning: include(Mage/Freegift/Model/Api.php): failed to open stream: No such file or directory  in /var/www/html/magento/lib/Varien/Autoload.php on line 94
2017-04-21T07:35:27+00:00 ERR (3): Warning: include(): Failed opening 'Mage/Freegift/Model/Api.php' for inclusion (include_path='/var/www/html/magento/app/code/local:/var/www/html/magento/app/code/community:/var/www/html/magento/app/code/core:/var/www/html/magento/lib:.:/usr/share/php')  in /var/www/html/magento/lib/Varien/Autoload.php on line 94
2017-04-21T07:35:27+00:00 ERR (3): Warning: include(Mage/Freegift/Model/Api.php): failed to open stream: No such file or directory  in /var/www/html/magento/lib/Varien/Autoload.php on line 94
2017-04-21T07:35:27+00:00 ERR (3): Warning: include(): Failed opening 'Mage/Freegift/Model/Api.php' for inclusion (include_path='/var/www/html/magento/app/code/local:/var/www/html/magento/app/code/community:/var/www/html/magento/app/code/core:/var/www/html/magento/lib:.:/usr/share/php')  in /var/www/html/magento/lib/Varien/Autoload.php on line 94
2017-04-21T07:35:27+00:00 ERR (3): Warning: include(Mage/Freegift/Model/Api.php): failed to open stream: No such file or directory  in /var/www/html/magento/lib/Varien/Autoload.php on line 94
2017-04-21T07:35:27+00:00 ERR (3): Warning: include(): Failed opening 'Mage/Freegift/Model/Api.php' for inclusion (include_path='/var/www/html/magento/app/code/local:/var/www/html/magento/app/code/community:/var/www/html/magento/app/code/core:/var/www/html/magento/lib:.:/usr/share/php')  in /var/www/html/magento/lib/Varien/Autoload.php on line 94
2017-04-21T07:35:43+00:00 ERR (3): Warning: include(Mage/Argoworks/Freegift/Model/Api.php): failed to open stream: No such file or directory  in /var/www/html/magento/lib/Varien/Autoload.php on line 94
2017-04-21T07:35:43+00:00 ERR (3): Warning: include(): Failed opening 'Mage/Argoworks/Freegift/Model/Api.php' for inclusion (include_path='/var/www/html/magento/app/code/local:/var/www/html/magento/app/code/community:/var/www/html/magento/app/code/core:/var/www/html/magento/lib:.:/usr/share/php')  in /var/www/html/magento/lib/Varien/Autoload.php on line 94
2017-04-21T07:36:23+00:00 ERR (3): Warning: include(Mage/Argoworks/Freegift/Model/Api.php): failed to open stream: No such file or directory  in /var/www/html/magento/lib/Varien/Autoload.php on line 94
2017-04-21T07:36:23+00:00 ERR (3): Warning: include(): Failed opening 'Mage/Argoworks/Freegift/Model/Api.php' for inclusion (include_path='/var/www/html/magento/app/code/local:/var/www/html/magento/app/code/community:/var/www/html/magento/app/code/core:/var/www/html/magento/lib:.:/usr/share/php')  in /var/www/html/magento/lib/Varien/Autoload.php on line 94
2017-04-21T07:39:06+00:00 ERR (3): Warning: include(Mage/Argoworks/Model/Freegift/Api.php): failed to open stream: No such file or directory  in /var/www/html/magento/lib/Varien/Autoload.php on line 94
2017-04-21T07:39:06+00:00 ERR (3): Warning: include(): Failed opening 'Mage/Argoworks/Model/Freegift/Api.php' for inclusion (include_path='/var/www/html/magento/app/code/local:/var/www/html/magento/app/code/community:/var/www/html/magento/app/code/core:/var/www/html/magento/lib:.:/usr/share/php')  in /var/www/html/magento/lib/Varien/Autoload.php on line 94
2017-04-21T07:40:17+00:00 ERR (3): Warning: include(Argoworks/Freegift/Model/Api.php): failed to open stream: No such file or directory  in /var/www/html/magento/lib/Varien/Autoload.php on line 94
2017-04-21T07:40:17+00:00 ERR (3): Warning: include(): Failed opening 'Argoworks/Freegift/Model/Api.php' for inclusion (include_path='/var/www/html/magento/app/code/local:/var/www/html/magento/app/code/community:/var/www/html/magento/app/code/core:/var/www/html/magento/lib:.:/usr/share/php')  in /var/www/html/magento/lib/Varien/Autoload.php on line 94
2017-04-21T07:49:47+00:00 DEBUG (7): include(Argoworks/Freegift/Model/Api.php): failed to open stream: No such file or directory/var/www/html/magento/lib/Varien/Autoload.php
2017-04-21T07:49:47+00:00 DEBUG (7): include(): Failed opening 'Argoworks/Freegift/Model/Api.php' for inclusion (include_path='/var/www/html/magento/app/code/local:/var/www/html/magento/app/code/community:/var/www/html/magento/app/code/core:/var/www/html/magento/lib:.:/usr/share/php')/var/www/html/magento/lib/Varien/Autoload.php
2017-04-21T07:49:47+00:00 DEBUG (7): include(Argoworks/Freegift/Helper/Data.php): failed to open stream: No such file or directory/var/www/html/magento/lib/Varien/Autoload.php
2017-04-21T07:49:47+00:00 DEBUG (7): include(): Failed opening 'Argoworks/Freegift/Helper/Data.php' for inclusion (include_path='/var/www/html/magento/app/code/local:/var/www/html/magento/app/code/community:/var/www/html/magento/app/code/core:/var/www/html/magento/lib:.:/usr/share/php')/var/www/html/magento/lib/Varien/Autoload.php
2017-04-21T07:52:00+00:00 DEBUG (7): include(Argoworks/Freegift/Model/Api.php): failed to open stream: No such file or directory/var/www/html/magento/lib/Varien/Autoload.php
2017-04-21T07:52:00+00:00 DEBUG (7): include(): Failed opening 'Argoworks/Freegift/Model/Api.php' for inclusion (include_path='/var/www/html/magento/app/code/local:/var/www/html/magento/app/code/community:/var/www/html/magento/app/code/core:/var/www/html/magento/lib:.:/usr/share/php')/var/www/html/magento/lib/Varien/Autoload.php
2017-04-21T07:52:00+00:00 DEBUG (7): include(Argoworks/Freegift/Helper/Data.php): failed to open stream: No such file or directory/var/www/html/magento/lib/Varien/Autoload.php
2017-04-21T07:52:00+00:00 DEBUG (7): include(): Failed opening 'Argoworks/Freegift/Helper/Data.php' for inclusion (include_path='/var/www/html/magento/app/code/local:/var/www/html/magento/app/code/community:/var/www/html/magento/app/code/core:/var/www/html/magento/lib:.:/usr/share/php')/var/www/html/magento/lib/Varien/Autoload.php
2017-04-21T07:52:28+00:00 DEBUG (7): include(Mage/GiantPoints/Model/Customer.php): failed to open stream: No such file or directory/var/www/html/magento/lib/Varien/Autoload.php
2017-04-21T07:52:28+00:00 DEBUG (7): include(): Failed opening 'Mage/GiantPoints/Model/Customer.php' for inclusion (include_path='/var/www/html/magento/app/code/local:/var/www/html/magento/app/code/community:/var/www/html/magento/app/code/core:/var/www/html/magento/lib:.:/usr/share/php')/var/www/html/magento/lib/Varien/Autoload.php
2017-04-21T07:53:15+00:00 DEBUG (7): include(Mage/GiantPoints/Model/Customer.php): failed to open stream: No such file or directory/var/www/html/magento/lib/Varien/Autoload.php
2017-04-21T07:53:15+00:00 DEBUG (7): include(): Failed opening 'Mage/GiantPoints/Model/Customer.php' for inclusion (include_path='/var/www/html/magento/app/code/local:/var/www/html/magento/app/code/community:/var/www/html/magento/app/code/core:/var/www/html/magento/lib:.:/usr/share/php')/var/www/html/magento/lib/Varien/Autoload.php
2017-04-21T07:53:55+00:00 DEBUG (7): include(Mage/GiantPoints/Model/Customer.php): failed to open stream: No such file or directory/var/www/html/magento/lib/Varien/Autoload.php
2017-04-21T07:53:55+00:00 DEBUG (7): include(): Failed opening 'Mage/GiantPoints/Model/Customer.php' for inclusion (include_path='/var/www/html/magento/app/code/local:/var/www/html/magento/app/code/community:/var/www/html/magento/app/code/core:/var/www/html/magento/lib:.:/usr/share/php')/var/www/html/magento/lib/Varien/Autoload.php
2017-04-21T07:55:16+00:00 DEBUG (7): include(Mage/GiantPoints/Model/Customer.php): failed to open stream: No such file or directory/var/www/html/magento/lib/Varien/Autoload.php
2017-04-21T07:55:16+00:00 DEBUG (7): include(): Failed opening 'Mage/GiantPoints/Model/Customer.php' for inclusion (include_path='/var/www/html/magento/app/code/local:/var/www/html/magento/app/code/community:/var/www/html/magento/app/code/core:/var/www/html/magento/lib:.:/usr/share/php')/var/www/html/magento/lib/Varien/Autoload.php
2017-04-21T08:05:30+00:00 ERR (3): Warning: include(Mage/Freegift/Model/Api.php): failed to open stream: No such file or directory  in /var/www/html/magento/lib/Varien/Autoload.php on line 94
2017-04-21T08:05:30+00:00 ERR (3): Warning: include(): Failed opening 'Mage/Freegift/Model/Api.php' for inclusion (include_path='/var/www/html/magento/app/code/local:/var/www/html/magento/app/code/community:/var/www/html/magento/app/code/core:/var/www/html/magento/lib:.:/usr/share/php')  in /var/www/html/magento/lib/Varien/Autoload.php on line 94
2017-04-21T08:20:10+00:00 DEBUG (7): include(Mage/GiantPoints/Model/Customer.php): failed to open stream: No such file or directory/var/www/html/magento/lib/Varien/Autoload.php
2017-04-21T08:20:10+00:00 DEBUG (7): include(): Failed opening 'Mage/GiantPoints/Model/Customer.php' for inclusion (include_path='/var/www/html/magento/app/code/local:/var/www/html/magento/app/code/community:/var/www/html/magento/app/code/core:/var/www/html/magento/lib:.:/usr/share/php')/var/www/html/magento/lib/Varien/Autoload.php
2017-04-21T08:23:04+00:00 DEBUG (7): include(Mage/GiantPoints/Model/Customer.php): failed to open stream: No such file or directory/var/www/html/magento/lib/Varien/Autoload.php
2017-04-21T08:23:04+00:00 DEBUG (7): include(): Failed opening 'Mage/GiantPoints/Model/Customer.php' for inclusion (include_path='/var/www/html/magento/app/code/local:/var/www/html/magento/app/code/community:/var/www/html/magento/app/code/core:/var/www/html/magento/lib:.:/usr/share/php')/var/www/html/magento/lib/Varien/Autoload.php
2017-04-21T08:23:46+00:00 DEBUG (7): Array to string conversion/var/www/html/magento/app/code/local/Argoworks/Freegift/Model/Api.php
2017-04-21T08:23:46+00:00 DEBUG (7): include(Mage/GiantPoints/Model/Customer.php): failed to open stream: No such file or directory/var/www/html/magento/lib/Varien/Autoload.php
2017-04-21T08:23:46+00:00 DEBUG (7): include(): Failed opening 'Mage/GiantPoints/Model/Customer.php' for inclusion (include_path='/var/www/html/magento/app/code/local:/var/www/html/magento/app/code/community:/var/www/html/magento/app/code/core:/var/www/html/magento/lib:.:/usr/share/php')/var/www/html/magento/lib/Varien/Autoload.php
2017-04-21T08:23:56+00:00 DEBUG (7): Array to string conversion/var/www/html/magento/app/code/local/Argoworks/Freegift/Model/Api.php
2017-04-21T08:37:27+00:00 DEBUG (7): include(Mage/GiantPoints/Model/Customer.php): failed to open stream: No such file or directory/var/www/html/magento/lib/Varien/Autoload.php
2017-04-21T08:37:27+00:00 DEBUG (7): include(): Failed opening 'Mage/GiantPoints/Model/Customer.php' for inclusion (include_path='/var/www/html/magento/app/code/local:/var/www/html/magento/app/code/community:/var/www/html/magento/app/code/core:/var/www/html/magento/lib:.:/usr/share/php')/var/www/html/magento/lib/Varien/Autoload.php
2017-04-21T08:37:51+00:00 DEBUG (7): include(Mage/GiantPoints/Model/Customer.php): failed to open stream: No such file or directory/var/www/html/magento/lib/Varien/Autoload.php
2017-04-21T08:37:51+00:00 DEBUG (7): include(): Failed opening 'Mage/GiantPoints/Model/Customer.php' for inclusion (include_path='/var/www/html/magento/app/code/local:/var/www/html/magento/app/code/community:/var/www/html/magento/app/code/core:/var/www/html/magento/lib:.:/usr/share/php')/var/www/html/magento/lib/Varien/Autoload.php
2017-04-21T08:43:14+00:00 DEBUG (7): include(Mage/GiantPoints/Model/Customer.php): failed to open stream: No such file or directory/var/www/html/magento/lib/Varien/Autoload.php
2017-04-21T08:43:14+00:00 DEBUG (7): include(): Failed opening 'Mage/GiantPoints/Model/Customer.php' for inclusion (include_path='/var/www/html/magento/app/code/local:/var/www/html/magento/app/code/community:/var/www/html/magento/app/code/core:/var/www/html/magento/lib:.:/usr/share/php')/var/www/html/magento/lib/Varien/Autoload.php
2017-04-21T08:43:33+00:00 DEBUG (7): include(Mage/GiantPoints/Model/Customer.php): failed to open stream: No such file or directory/var/www/html/magento/lib/Varien/Autoload.php
2017-04-21T08:43:33+00:00 DEBUG (7): include(): Failed opening 'Mage/GiantPoints/Model/Customer.php' for inclusion (include_path='/var/www/html/magento/app/code/local:/var/www/html/magento/app/code/community:/var/www/html/magento/app/code/core:/var/www/html/magento/lib:.:/usr/share/php')/var/www/html/magento/lib/Varien/Autoload.php
2017-04-21T08:44:14+00:00 DEBUG (7): include(Mage/GiantPoints/Model/Customer.php): failed to open stream: No such file or directory/var/www/html/magento/lib/Varien/Autoload.php
2017-04-21T08:44:14+00:00 DEBUG (7): include(): Failed opening 'Mage/GiantPoints/Model/Customer.php' for inclusion (include_path='/var/www/html/magento/app/code/local:/var/www/html/magento/app/code/community:/var/www/html/magento/app/code/core:/var/www/html/magento/lib:.:/usr/share/php')/var/www/html/magento/lib/Varien/Autoload.php
2017-04-21T08:47:52+00:00 DEBUG (7): Array to string conversion/var/www/html/magento/app/code/local/Argoworks/Freegift/Model/Api.php
2017-04-21T08:48:53+00:00 DEBUG (7): Array to string conversion/var/www/html/magento/app/code/local/Argoworks/Freegift/Model/Api.php
2017-04-21T08:49:30+00:00 DEBUG (7): Array to string conversion/var/www/html/magento/app/code/local/Argoworks/Freegift/Model/Api.php
2017-04-21T08:49:39+00:00 DEBUG (7): Array to string conversion/var/www/html/magento/app/code/local/Argoworks/Freegift/Model/Api.php
2017-04-21T08:49:57+00:00 DEBUG (7): Array to string conversion/var/www/html/magento/app/code/local/Argoworks/Freegift/Model/Api.php
2017-04-21T08:50:24+00:00 DEBUG (7): Array to string conversion/var/www/html/magento/app/code/local/Argoworks/Freegift/Model/Api.php
2017-04-21T09:43:27+00:00 DEBUG (7): include(Mage/GiantPoints/Model/Customer.php): failed to open stream: No such file or directory/var/www/html/magento/lib/Varien/Autoload.php
2017-04-21T09:43:27+00:00 DEBUG (7): include(): Failed opening 'Mage/GiantPoints/Model/Customer.php' for inclusion (include_path='/var/www/html/magento/app/code/local:/var/www/html/magento/app/code/community:/var/www/html/magento/app/code/core:/var/www/html/magento/lib:.:/usr/share/php')/var/www/html/magento/lib/Varien/Autoload.php
2017-04-21T13:06:28+00:00 DEBUG (7): Invalid argument supplied for foreach()/var/www/html/magento/app/code/core/Mage/Eav/Model/Entity/Abstract.php
2017-04-21T13:06:50+00:00 DEBUG (7): Invalid argument supplied for foreach()/var/www/html/magento/app/code/core/Mage/Eav/Model/Entity/Abstract.php
2017-04-21T13:08:41+00:00 DEBUG (7): Invalid argument supplied for foreach()/var/www/html/magento/app/code/core/Mage/Eav/Model/Entity/Abstract.php
2017-04-21T13:10:59+00:00 DEBUG (7): Invalid argument supplied for foreach()/var/www/html/magento/app/code/core/Mage/Eav/Model/Entity/Abstract.php
2017-04-21T13:11:17+00:00 DEBUG (7): Invalid argument supplied for foreach()/var/www/html/magento/app/code/core/Mage/Eav/Model/Entity/Abstract.php
2017-04-21T13:15:36+00:00 DEBUG (7): Invalid argument supplied for foreach()/var/www/html/magento/app/code/core/Mage/Eav/Model/Entity/Abstract.php
2017-04-21T13:18:32+00:00 DEBUG (7): Invalid argument supplied for foreach()/var/www/html/magento/app/code/core/Mage/Eav/Model/Entity/Abstract.php
2017-04-21T13:18:57+00:00 DEBUG (7): Invalid argument supplied for foreach()/var/www/html/magento/app/code/core/Mage/Eav/Model/Entity/Abstract.php
2017-04-21T13:19:40+00:00 DEBUG (7): Invalid argument supplied for foreach()/var/www/html/magento/app/code/core/Mage/Eav/Model/Entity/Abstract.php
2017-04-21T13:22:08+00:00 DEBUG (7): Invalid argument supplied for foreach()/var/www/html/magento/app/code/core/Mage/Eav/Model/Entity/Abstract.php
2017-04-21T13:22:45+00:00 DEBUG (7): Invalid argument supplied for foreach()/var/www/html/magento/app/code/core/Mage/Eav/Model/Entity/Abstract.php
2017-04-21T13:24:12+00:00 DEBUG (7): Invalid argument supplied for foreach()/var/www/html/magento/app/code/core/Mage/Eav/Model/Entity/Abstract.php
2017-04-21T13:24:24+00:00 DEBUG (7): Invalid argument supplied for foreach()/var/www/html/magento/app/code/core/Mage/Eav/Model/Entity/Abstract.php
